#
# There is insufficient memory for the Java Runtime Environment to continue.
# Native memory allocation (malloc) failed to allocate 233456 bytes. Error detail: Chunk::new
# Possible reasons:
#   The system is out of physical RAM or swap space
#   This process is running with CompressedOops enabled, and the Java Heap may be blocking the growth of the native heap
# Possible solutions:
#   Reduce memory load on the system
#   Increase physical memory or swap space
#   Check if swap backing store is full
#   Decrease Java heap size (-Xmx/-Xms)
#   Decrease number of Java threads
#   Decrease Java thread stack sizes (-Xss)
#   Set larger code cache with -XX:ReservedCodeCacheSize=
#   JVM is running with Unscaled Compressed Oops mode in which the Java heap is
#     placed in the first 4GB address space. The Java Heap base address is the
#     maximum limit for the native heap growth. Please use -XX:HeapBaseMinAddress
#     to set the Java Heap base and to place the Java Heap above 4GB virtual address.
# This output file may be truncated or incomplete.
#
#  Out of Memory Error (arena.cpp:149), pid=10700, tid=16092
#
# JRE version: Java(TM) SE Runtime Environment (23.0.2+7) (build 23.0.2+7-58)
# Java VM: Java HotSpot(TM) 64-Bit Server VM (23.0.2+7-58, mixed mode, sharing, tiered, compressed oops, compressed class ptrs, g1 gc, windows-amd64)
# No core dump will be written. Minidumps are not enabled by default on client versions of Windows
#

---------------  S U M M A R Y ------------

Command Line: -Dfile.encoding=UTF-8 --module-path=C:\Users\MY PC\Documents\NetBeansProjects\Bank Management System\build\classes bank.management.system.Login

Host: Intel(R) Core(TM) i3-1005G1 CPU @ 1.20GHz, 4 cores, 3G,  Windows 11 , 64 bit Build 26100 (10.0.26100.4202)
Time: Sat Jul 12 17:33:22 2025 India Standard Time elapsed time: 207.921666 seconds (0d 0h 3m 27s)

---------------  T H R E A D  ---------------

Current thread (0x00000181be1314f0):  JavaThread "C2 CompilerThread0" daemon [_thread_in_native, id=16092, stack(0x00000041ecc00000,0x00000041ecd00000) (1024K)]


Current CompileTask:
C2:207921 3253   !   4       java.awt.GradientPaintContext::<init> (649 bytes)

Stack: [0x00000041ecc00000,0x00000041ecd00000]
Native frames: (J=compiled Java code, j=interpreted, Vv=VM code, C=native code)
V  [jvm.dll+0x6e0b99]  (no source info available)
V  [jvm.dll+0x87e2b3]  (no source info available)
V  [jvm.dll+0x88073e]  (no source info available)
V  [jvm.dll+0x880e13]  (no source info available)
V  [jvm.dll+0x27b006]  (no source info available)
V  [jvm.dll+0xbc06f]  (no source info available)
V  [jvm.dll+0xbc2cb]  (no source info available)
V  [jvm.dll+0x2eea6d]  (no source info available)
V  [jvm.dll+0x606669]  (no source info available)
V  [jvm.dll+0x24def2]  (no source info available)
V  [jvm.dll+0x2468f7]  (no source info available)
V  [jvm.dll+0x243e04]  (no source info available)
V  [jvm.dll+0x1c34b0]  (no source info available)
V  [jvm.dll+0x253df1]  (no source info available)
V  [jvm.dll+0x2520aa]  (no source info available)
V  [jvm.dll+0x3ee226]  (no source info available)
V  [jvm.dll+0x8254cb]  (no source info available)
V  [jvm.dll+0x6df345]  (no source info available)
C  [ucrtbase.dll+0x37b0]  (no source info available)
C  [KERNEL32.DLL+0x2e8d7]  (no source info available)
C  [ntdll.dll+0x3c34c]  (no source info available)

Lock stack of current Java thread (top to bottom):


---------------  P R O C E S S  ---------------

Threads class SMR info:
_java_thread_list=0x0000018204b17d50, length=17, elements={
0x00000181be11ec10, 0x00000181be11f670, 0x00000181be120a10, 0x00000181be121470,
0x00000181be12a2f0, 0x00000181be12ce90, 0x00000181be1314f0, 0x00000181be1323b0,
0x00000181be23dee0, 0x00000181be309290, 0x00000181be483cc0, 0x00000181be48bec0,
0x00000181be490350, 0x00000181be532760, 0x00000181a2a6b800, 0x0000018204e7b070,
0x0000018204bc8ed0
}

Java Threads: ( => current thread )
  0x00000181be11ec10 JavaThread "Reference Handler"          daemon [_thread_blocked, id=16280, stack(0x00000041ec600000,0x00000041ec700000) (1024K)]
  0x00000181be11f670 JavaThread "Finalizer"                  daemon [_thread_blocked, id=9348, stack(0x00000041ec700000,0x00000041ec800000) (1024K)]
  0x00000181be120a10 JavaThread "Signal Dispatcher"          daemon [_thread_blocked, id=12284, stack(0x00000041ec800000,0x00000041ec900000) (1024K)]
  0x00000181be121470 JavaThread "Attach Listener"            daemon [_thread_blocked, id=10876, stack(0x00000041ec900000,0x00000041eca00000) (1024K)]
  0x00000181be12a2f0 JavaThread "Service Thread"             daemon [_thread_blocked, id=18680, stack(0x00000041eca00000,0x00000041ecb00000) (1024K)]
  0x00000181be12ce90 JavaThread "Monitor Deflation Thread"   daemon [_thread_blocked, id=16840, stack(0x00000041ecb00000,0x00000041ecc00000) (1024K)]
=>0x00000181be1314f0 JavaThread "C2 CompilerThread0"         daemon [_thread_in_native, id=16092, stack(0x00000041ecc00000,0x00000041ecd00000) (1024K)]
  0x00000181be1323b0 JavaThread "C1 CompilerThread0"         daemon [_thread_blocked, id=18976, stack(0x00000041ecd00000,0x00000041ece00000) (1024K)]
  0x00000181be23dee0 JavaThread "Common-Cleaner"             daemon [_thread_blocked, id=6484, stack(0x00000041ece00000,0x00000041ecf00000) (1024K)]
  0x00000181be309290 JavaThread "Notification Thread"        daemon [_thread_blocked, id=17048, stack(0x00000041ecf00000,0x00000041ed000000) (1024K)]
  0x00000181be483cc0 JavaThread "Java2D Disposer"            daemon [_thread_blocked, id=14396, stack(0x00000041ed000000,0x00000041ed100000) (1024K)]
  0x00000181be48bec0 JavaThread "AWT-Shutdown"                      [_thread_blocked, id=9000, stack(0x00000041ed100000,0x00000041ed200000) (1024K)]
  0x00000181be490350 JavaThread "AWT-Windows"                daemon [_thread_in_native, id=19400, stack(0x00000041ed200000,0x00000041ed300000) (1024K)]
  0x00000181be532760 JavaThread "AWT-EventQueue-0"                  [_thread_blocked, id=10152, stack(0x00000041ed400000,0x00000041ed500000) (1024K)]
  0x00000181a2a6b800 JavaThread "DestroyJavaVM"                     [_thread_blocked, id=14984, stack(0x00000041ebe00000,0x00000041ebf00000) (1024K)]
  0x0000018204e7b070 JavaThread "TimerQueue"                 daemon [_thread_blocked, id=18880, stack(0x00000041edb00000,0x00000041edc00000) (1024K)]
  0x0000018204bc8ed0 JavaThread "mysql-cj-abandoned-connection-cleanup" daemon [_thread_blocked, id=9592, stack(0x00000041ed300000,0x00000041ed400000) (1024K)]
Total: 17

Other Threads:
  0x00000181be1039b0 VMThread "VM Thread"                           [id=13220, stack(0x00000041ec500000,0x00000041ec600000) (1024K)]
  0x00000181be0f2b50 WatcherThread "VM Periodic Task Thread"        [id=15268, stack(0x00000041ec400000,0x00000041ec500000) (1024K)]
  0x00000181a2aa3410 WorkerThread "GC Thread#0"                     [id=15472, stack(0x00000041ebf00000,0x00000041ec000000) (1024K)]
  0x00000182049571e0 WorkerThread "GC Thread#1"                     [id=17248, stack(0x00000041ed800000,0x00000041ed900000) (1024K)]
  0x0000018204957590 WorkerThread "GC Thread#2"                     [id=12684, stack(0x00000041ed900000,0x00000041eda00000) (1024K)]
  0x0000018204957940 WorkerThread "GC Thread#3"                     [id=19364, stack(0x00000041eda00000,0x00000041edb00000) (1024K)]
  0x00000181a2abb320 ConcurrentGCThread "G1 Main Marker"            [id=7984, stack(0x00000041ec000000,0x00000041ec100000) (1024K)]
  0x00000181a2abcbf0 WorkerThread "G1 Conc#0"                       [id=15524, stack(0x00000041ec100000,0x00000041ec200000) (1024K)]
  0x00000181a2b1a700 ConcurrentGCThread "G1 Refine#0"               [id=15332, stack(0x00000041ec200000,0x00000041ec300000) (1024K)]
  0x00000181a2b1b030 ConcurrentGCThread "G1 Service"                [id=13640, stack(0x00000041ec300000,0x00000041ec400000) (1024K)]
Total: 10

Threads with active compile tasks:
C2 CompilerThread0  208013 3253   !   4       java.awt.GradientPaintContext::<init> (649 bytes)
Total: 1

VM state: not at safepoint (normal execution)

VM Mutex/Monitor currently owned by a thread: None

Heap address: 0x00000000c3a00000, size: 966 MB, Compressed Oops mode: 32-bit

CDS archive(s) mapped at: [0x00000181bf000000-0x00000181bfd70000-0x00000181bfd70000), size 14090240, SharedBaseAddress: 0x00000181bf000000, ArchiveRelocationMode: 1.
Compressed class space mapped at: 0x00000181c0000000-0x0000018200000000, reserved size: 1073741824
Narrow klass base: 0x00000181bf000000, Narrow klass shift: 0, Narrow klass range: 0x41000000

GC Precious Log:
 CardTable entry size: 512
 Card Set container configuration: InlinePtr #cards 5 size 8 Array Of Cards #cards 10 size 36 Howl #buckets 4 coarsen threshold 1843 Howl Bitmap #cards 512 size 80 coarsen threshold 460 Card regions per heap region 1 cards per card region 2048
 CPUs: 4 total, 4 available
 Memory: 3863M
 Large Page Support: Disabled
 NUMA Support: Disabled
 Compressed Oops: Enabled (32-bit)
 Heap Region Size: 1M
 Heap Min Capacity: 8M
 Heap Initial Capacity: 62M
 Heap Max Capacity: 966M
 Pre-touch: Disabled
 Parallel Workers: 4
 Concurrent Workers: 1
 Concurrent Refinement Workers: 4
 Periodic GC: Disabled

Heap:
 garbage-first heap   total reserved 989184K, committed 63488K, used 38190K [0x00000000c3a00000, 0x0000000100000000)
  region size 1024K, 12 young (12288K), 4 survivors (4096K)
 Metaspace       used 19458K, committed 19712K, reserved 1114112K
  class space    used 2136K, committed 2240K, reserved 1048576K

Heap Regions: E=young(eden), S=young(survivor), O=old, HS=humongous(starts), HC=humongous(continues), CS=collection set, F=free, TAMS=top-at-mark-start, PB=parsable bottom
|   0|0x00000000c3a00000, 0x00000000c3b00000, 0x00000000c3b00000|100%|HS|  |TAMS 0x00000000c3a00000| PB 0x00000000c3a00000| Complete |  0
|   1|0x00000000c3b00000, 0x00000000c3c00000, 0x00000000c3c00000|100%|HC|  |TAMS 0x00000000c3b00000| PB 0x00000000c3b00000| Complete |  0
|   2|0x00000000c3c00000, 0x00000000c3d00000, 0x00000000c3d00000|100%|HC|  |TAMS 0x00000000c3c00000| PB 0x00000000c3c00000| Complete |  0
|   3|0x00000000c3d00000, 0x00000000c3e00000, 0x00000000c3e00000|100%| O|  |TAMS 0x00000000c3d00000| PB 0x00000000c3d00000| Untracked |  0
|   4|0x00000000c3e00000, 0x00000000c3f00000, 0x00000000c3f00000|100%| O|  |TAMS 0x00000000c3e00000| PB 0x00000000c3e00000| Untracked |  0
|   5|0x00000000c3f00000, 0x00000000c4000000, 0x00000000c4000000|100%| O|  |TAMS 0x00000000c3f00000| PB 0x00000000c3f00000| Untracked |  0
|   6|0x00000000c4000000, 0x00000000c4100000, 0x00000000c4100000|100%| O|  |TAMS 0x00000000c4000000| PB 0x00000000c4000000| Untracked |  0
|   7|0x00000000c4100000, 0x00000000c41b48b8, 0x00000000c4200000| 70%| O|  |TAMS 0x00000000c4100000| PB 0x00000000c4100000| Untracked |  0
|   8|0x00000000c4200000, 0x00000000c4300000, 0x00000000c4300000|100%|HS|  |TAMS 0x00000000c4200000| PB 0x00000000c4200000| Complete |  0
|   9|0x00000000c4300000, 0x00000000c4400000, 0x00000000c4400000|100%|HC|  |TAMS 0x00000000c4300000| PB 0x00000000c4300000| Complete |  0
|  10|0x00000000c4400000, 0x00000000c4500000, 0x00000000c4500000|100%|HC|  |TAMS 0x00000000c4400000| PB 0x00000000c4400000| Complete |  0
|  11|0x00000000c4500000, 0x00000000c4600000, 0x00000000c4600000|100%|HC|  |TAMS 0x00000000c4500000| PB 0x00000000c4500000| Complete |  0
|  12|0x00000000c4600000, 0x00000000c4700000, 0x00000000c4700000|100%|HS|  |TAMS 0x00000000c4600000| PB 0x00000000c4600000| Complete |  0
|  13|0x00000000c4700000, 0x00000000c4800000, 0x00000000c4800000|100%|HC|  |TAMS 0x00000000c4700000| PB 0x00000000c4700000| Complete |  0
|  14|0x00000000c4800000, 0x00000000c4900000, 0x00000000c4900000|100%|HC|  |TAMS 0x00000000c4800000| PB 0x00000000c4800000| Complete |  0
|  15|0x00000000c4900000, 0x00000000c4a00000, 0x00000000c4a00000|100%|HC|  |TAMS 0x00000000c4900000| PB 0x00000000c4900000| Complete |  0
|  16|0x00000000c4a00000, 0x00000000c4b00000, 0x00000000c4b00000|100%|HC|  |TAMS 0x00000000c4a00000| PB 0x00000000c4a00000| Complete |  0
|  17|0x00000000c4b00000, 0x00000000c4c00000, 0x00000000c4c00000|100%|HS|  |TAMS 0x00000000c4b00000| PB 0x00000000c4b00000| Complete |  0
|  18|0x00000000c4c00000, 0x00000000c4d00000, 0x00000000c4d00000|100%|HC|  |TAMS 0x00000000c4c00000| PB 0x00000000c4c00000| Complete |  0
|  19|0x00000000c4d00000, 0x00000000c4e00000, 0x00000000c4e00000|100%|HC|  |TAMS 0x00000000c4d00000| PB 0x00000000c4d00000| Complete |  0
|  20|0x00000000c4e00000, 0x00000000c4f00000, 0x00000000c4f00000|100%|HC|  |TAMS 0x00000000c4e00000| PB 0x00000000c4e00000| Complete |  0
|  21|0x00000000c4f00000, 0x00000000c5000000, 0x00000000c5000000|100%|HC|  |TAMS 0x00000000c4f00000| PB 0x00000000c4f00000| Complete |  0
|  22|0x00000000c5000000, 0x00000000c5100000, 0x00000000c5100000|100%|HS|  |TAMS 0x00000000c5000000| PB 0x00000000c5000000| Complete |  0
|  23|0x00000000c5100000, 0x00000000c5200000, 0x00000000c5200000|100%|HC|  |TAMS 0x00000000c5100000| PB 0x00000000c5100000| Complete |  0
|  24|0x00000000c5200000, 0x00000000c5300000, 0x00000000c5300000|100%|HC|  |TAMS 0x00000000c5200000| PB 0x00000000c5200000| Complete |  0
|  25|0x00000000c5300000, 0x00000000c5400000, 0x00000000c5400000|100%|HC|  |TAMS 0x00000000c5300000| PB 0x00000000c5300000| Complete |  0
|  26|0x00000000c5400000, 0x00000000c5500000, 0x00000000c5500000|100%|HC|  |TAMS 0x00000000c5400000| PB 0x00000000c5400000| Complete |  0
|  27|0x00000000c5500000, 0x00000000c5500000, 0x00000000c5600000|  0%| F|  |TAMS 0x00000000c5500000| PB 0x00000000c5500000| Untracked |  0
|  28|0x00000000c5600000, 0x00000000c5600000, 0x00000000c5700000|  0%| F|  |TAMS 0x00000000c5600000| PB 0x00000000c5600000| Untracked |  0
|  29|0x00000000c5700000, 0x00000000c5700000, 0x00000000c5800000|  0%| F|  |TAMS 0x00000000c5700000| PB 0x00000000c5700000| Untracked |  0
|  30|0x00000000c5800000, 0x00000000c5897300, 0x00000000c5900000| 59%| S|CS|TAMS 0x00000000c5800000| PB 0x00000000c5800000| Complete |  0
|  31|0x00000000c5900000, 0x00000000c5a00000, 0x00000000c5a00000|100%| S|CS|TAMS 0x00000000c5900000| PB 0x00000000c5900000| Complete |  0
|  32|0x00000000c5a00000, 0x00000000c5b00000, 0x00000000c5b00000|100%| S|CS|TAMS 0x00000000c5a00000| PB 0x00000000c5a00000| Complete |  0
|  33|0x00000000c5b00000, 0x00000000c5c00000, 0x00000000c5c00000|100%| S|CS|TAMS 0x00000000c5b00000| PB 0x00000000c5b00000| Complete |  0
|  34|0x00000000c5c00000, 0x00000000c5c00000, 0x00000000c5d00000|  0%| F|  |TAMS 0x00000000c5c00000| PB 0x00000000c5c00000| Untracked |  0
|  35|0x00000000c5d00000, 0x00000000c5d00000, 0x00000000c5e00000|  0%| F|  |TAMS 0x00000000c5d00000| PB 0x00000000c5d00000| Untracked |  0
|  36|0x00000000c5e00000, 0x00000000c5e00000, 0x00000000c5f00000|  0%| F|  |TAMS 0x00000000c5e00000| PB 0x00000000c5e00000| Untracked |  0
|  37|0x00000000c5f00000, 0x00000000c5f00000, 0x00000000c6000000|  0%| F|  |TAMS 0x00000000c5f00000| PB 0x00000000c5f00000| Untracked |  0
|  38|0x00000000c6000000, 0x00000000c6000000, 0x00000000c6100000|  0%| F|  |TAMS 0x00000000c6000000| PB 0x00000000c6000000| Untracked |  0
|  39|0x00000000c6100000, 0x00000000c6100000, 0x00000000c6200000|  0%| F|  |TAMS 0x00000000c6100000| PB 0x00000000c6100000| Untracked |  0
|  40|0x00000000c6200000, 0x00000000c6200000, 0x00000000c6300000|  0%| F|  |TAMS 0x00000000c6200000| PB 0x00000000c6200000| Untracked |  0
|  41|0x00000000c6300000, 0x00000000c6300000, 0x00000000c6400000|  0%| F|  |TAMS 0x00000000c6300000| PB 0x00000000c6300000| Untracked |  0
|  42|0x00000000c6400000, 0x00000000c6400000, 0x00000000c6500000|  0%| F|  |TAMS 0x00000000c6400000| PB 0x00000000c6400000| Untracked |  0
|  43|0x00000000c6500000, 0x00000000c6500000, 0x00000000c6600000|  0%| F|  |TAMS 0x00000000c6500000| PB 0x00000000c6500000| Untracked |  0
|  44|0x00000000c6600000, 0x00000000c6600000, 0x00000000c6700000|  0%| F|  |TAMS 0x00000000c6600000| PB 0x00000000c6600000| Untracked |  0
|  45|0x00000000c6700000, 0x00000000c6700000, 0x00000000c6800000|  0%| F|  |TAMS 0x00000000c6700000| PB 0x00000000c6700000| Untracked |  0
|  46|0x00000000c6800000, 0x00000000c6800000, 0x00000000c6900000|  0%| F|  |TAMS 0x00000000c6800000| PB 0x00000000c6800000| Untracked |  0
|  47|0x00000000c6900000, 0x00000000c6900000, 0x00000000c6a00000|  0%| F|  |TAMS 0x00000000c6900000| PB 0x00000000c6900000| Untracked |  0
|  48|0x00000000c6a00000, 0x00000000c6a00000, 0x00000000c6b00000|  0%| F|  |TAMS 0x00000000c6a00000| PB 0x00000000c6a00000| Untracked |  0
|  49|0x00000000c6b00000, 0x00000000c6b00000, 0x00000000c6c00000|  0%| F|  |TAMS 0x00000000c6b00000| PB 0x00000000c6b00000| Untracked |  0
|  50|0x00000000c6c00000, 0x00000000c6c00000, 0x00000000c6d00000|  0%| F|  |TAMS 0x00000000c6c00000| PB 0x00000000c6c00000| Untracked |  0
|  51|0x00000000c6d00000, 0x00000000c6d00000, 0x00000000c6e00000|  0%| F|  |TAMS 0x00000000c6d00000| PB 0x00000000c6d00000| Untracked |  0
|  52|0x00000000c6e00000, 0x00000000c6e00000, 0x00000000c6f00000|  0%| F|  |TAMS 0x00000000c6e00000| PB 0x00000000c6e00000| Untracked |  0
|  53|0x00000000c6f00000, 0x00000000c6f00000, 0x00000000c7000000|  0%| F|  |TAMS 0x00000000c6f00000| PB 0x00000000c6f00000| Untracked |  0
|  54|0x00000000c7000000, 0x00000000c70da4b0, 0x00000000c7100000| 85%| E|  |TAMS 0x00000000c7000000| PB 0x00000000c7000000| Complete |  0
|  55|0x00000000c7100000, 0x00000000c7200000, 0x00000000c7200000|100%| E|CS|TAMS 0x00000000c7100000| PB 0x00000000c7100000| Complete |  0
|  56|0x00000000c7200000, 0x00000000c7300000, 0x00000000c7300000|100%| E|CS|TAMS 0x00000000c7200000| PB 0x00000000c7200000| Complete |  0
|  57|0x00000000c7300000, 0x00000000c7400000, 0x00000000c7400000|100%| E|CS|TAMS 0x00000000c7300000| PB 0x00000000c7300000| Complete |  0
|  58|0x00000000c7400000, 0x00000000c7500000, 0x00000000c7500000|100%| E|CS|TAMS 0x00000000c7400000| PB 0x00000000c7400000| Complete |  0
|  59|0x00000000c7500000, 0x00000000c7600000, 0x00000000c7600000|100%| E|CS|TAMS 0x00000000c7500000| PB 0x00000000c7500000| Complete |  0
|  60|0x00000000c7600000, 0x00000000c7700000, 0x00000000c7700000|100%| E|CS|TAMS 0x00000000c7600000| PB 0x00000000c7600000| Complete |  0
|  61|0x00000000c7700000, 0x00000000c7800000, 0x00000000c7800000|100%| E|CS|TAMS 0x00000000c7700000| PB 0x00000000c7700000| Complete |  0

Card table byte_map: [0x00000181baa60000,0x00000181bac50000] _byte_map_base: 0x00000181ba443000

Marking Bits: (CMBitMap*) 0x00000181a2aa3a30
 Bits: [0x00000181bac50000, 0x00000181bbb68000)

Polling page: 0x00000181a1220000

Metaspace:

Usage:
  Non-class:     16.92 MB used.
      Class:      2.09 MB used.
       Both:     19.00 MB used.

Virtual space:
  Non-class space:       64.00 MB reserved,      17.06 MB ( 27%) committed,  1 nodes.
      Class space:        1.00 GB reserved,       2.19 MB ( <1%) committed,  1 nodes.
             Both:        1.06 GB reserved,      19.25 MB (  2%) committed. 

Chunk freelists:
   Non-Class:  14.91 MB
       Class:  13.69 MB
        Both:  28.59 MB

MaxMetaspaceSize: unlimited
CompressedClassSpaceSize: 1.00 GB
Initial GC threshold: 21.00 MB
Current GC threshold: 21.00 MB
CDS: on
 - commit_granule_bytes: 65536.
 - commit_granule_words: 8192.
 - virtual_space_node_default_size: 8388608.
 - enlarge_chunks_in_place: 1.
 - use_allocation_guard: 0.


Internal statistics:

num_allocs_failed_limit: 0.
num_arena_births: 210.
num_arena_deaths: 0.
num_vsnodes_births: 2.
num_vsnodes_deaths: 0.
num_space_committed: 308.
num_space_uncommitted: 0.
num_chunks_returned_to_freelist: 0.
num_chunks_taken_from_freelist: 437.
num_chunk_merges: 0.
num_chunk_splits: 249.
num_chunks_enlarged: 119.
num_inconsistent_stats: 0.

CodeHeap 'non-profiled nmethods': size=120064Kb used=1040Kb max_used=1040Kb free=119023Kb
 bounds [0x00000181b2d00000, 0x00000181b2f70000, 0x00000181ba240000]
CodeHeap 'profiled nmethods': size=120000Kb used=4652Kb max_used=4652Kb free=115347Kb
 bounds [0x00000181ab240000, 0x00000181ab6d0000, 0x00000181b2770000]
CodeHeap 'non-nmethods': size=5696Kb used=1893Kb max_used=1919Kb free=3802Kb
 bounds [0x00000181b2770000, 0x00000181b29e0000, 0x00000181b2d00000]
CodeCache: size=245760Kb, used=7585Kb, max_used=7611Kb, free=238172Kb
 total_blobs=4015, nmethods=3252, adapters=668, full_count=0
Compilation: enabled, stopped_count=0, restarted_count=0

Compilation events (20 events):
Event: 207.875 Thread 0x00000181be1323b0 nmethod 3243 0x00000181ab6c9008 code [0x00000181ab6c9140, 0x00000181ab6c93d8]
Event: 207.875 Thread 0x00000181be1323b0 3244       3       sun.java2d.SunGraphics2D::setDevClip (21 bytes)
Event: 207.875 Thread 0x00000181be1323b0 nmethod 3244 0x00000181ab6c9408 code [0x00000181ab6c9520, 0x00000181ab6c9678]
Event: 207.875 Thread 0x00000181be1323b0 3245       1       sun.swing.ImageCache$Entry::getImage (5 bytes)
Event: 207.875 Thread 0x00000181be1323b0 nmethod 3245 0x00000181b2e03408 code [0x00000181b2e03520, 0x00000181b2e035e8]
Event: 207.877 Thread 0x00000181be1323b0 3246       1       java.awt.color.ColorSpace::getType (5 bytes)
Event: 207.877 Thread 0x00000181be1323b0 nmethod 3246 0x00000181b2e03708 code [0x00000181b2e03820, 0x00000181b2e038e8]
Event: 207.877 Thread 0x00000181be1323b0 3247       3       sun.swing.SwingUtilities2::getFontMetrics (10 bytes)
Event: 207.878 Thread 0x00000181be1323b0 nmethod 3247 0x00000181ab6c9708 code [0x00000181ab6c98c0, 0x00000181ab6c9f20]
Event: 207.878 Thread 0x00000181be1323b0 3248       3       sun.java2d.SunGraphics2D::getFont (19 bytes)
Event: 207.878 Thread 0x00000181be1323b0 nmethod 3248 0x00000181ab6c9f88 code [0x00000181ab6ca0a0, 0x00000181ab6ca248]
Event: 207.887 Thread 0x00000181be1314f0 3249       4       sun.swing.SwingUtilities2::getFontCharsWidth (45 bytes)
Event: 207.889 Thread 0x00000181be1323b0 3250       3       java.lang.Math::min (45 bytes)
Event: 207.890 Thread 0x00000181be1323b0 nmethod 3250 0x00000181ab6ca288 code [0x00000181ab6ca3e0, 0x00000181ab6ca6f8]
Event: 207.890 Thread 0x00000181be1323b0 3251       3       java.awt.Window::getBackground (5 bytes)
Event: 207.891 Thread 0x00000181be1323b0 nmethod 3251 0x00000181ab6ca788 code [0x00000181ab6ca8c0, 0x00000181ab6cabc0]
Event: 207.901 Thread 0x00000181be1323b0 3254       3       sun.awt.SunHints$Key::isCompatibleValue (18 bytes)
Event: 207.901 Thread 0x00000181be1323b0 nmethod 3254 0x00000181ab6cac08 code [0x00000181ab6cad40, 0x00000181ab6cb108]
Event: 207.903 Thread 0x00000181be1314f0 nmethod 3249 0x00000181b2e03a08 code [0x00000181b2e03ba0, 0x00000181b2e04120]
Event: 207.903 Thread 0x00000181be1314f0 3253   !   4       java.awt.GradientPaintContext::<init> (649 bytes)

GC Heap History (6 events):
Event: 1.284 GC heap before
{Heap before GC invocations=0 (full 0):
 garbage-first heap   total reserved 989184K, committed 63488K, used 17408K [0x00000000c3a00000, 0x0000000100000000)
  region size 1024K, 14 young (14336K), 0 survivors (0K)
 Metaspace       used 8140K, committed 8384K, reserved 1114112K
  class space    used 913K, committed 1024K, reserved 1048576K
}
Event: 1.291 GC heap after
{Heap after GC invocations=1 (full 0):
 garbage-first heap   total reserved 989184K, committed 63488K, used 7264K [0x00000000c3a00000, 0x0000000100000000)
  region size 1024K, 2 young (2048K), 2 survivors (2048K)
 Metaspace       used 8140K, committed 8384K, reserved 1114112K
  class space    used 913K, committed 1024K, reserved 1048576K
}
Event: 3.546 GC heap before
{Heap before GC invocations=1 (full 0):
 garbage-first heap   total reserved 989184K, committed 63488K, used 19552K [0x00000000c3a00000, 0x0000000100000000)
  region size 1024K, 14 young (14336K), 2 survivors (2048K)
 Metaspace       used 8939K, committed 9216K, reserved 1114112K
  class space    used 987K, committed 1152K, reserved 1048576K
}
Event: 3.550 GC heap after
{Heap after GC invocations=2 (full 0):
 garbage-first heap   total reserved 989184K, committed 63488K, used 8509K [0x00000000c3a00000, 0x0000000100000000)
  region size 1024K, 1 young (1024K), 1 survivors (1024K)
 Metaspace       used 8939K, committed 9216K, reserved 1114112K
  class space    used 987K, committed 1152K, reserved 1048576K
}
Event: 26.504 GC heap before
{Heap before GC invocations=2 (full 0):
 garbage-first heap   total reserved 989184K, committed 63488K, used 50493K [0x00000000c3a00000, 0x0000000100000000)
  region size 1024K, 28 young (28672K), 1 survivors (1024K)
 Metaspace       used 19181K, committed 19456K, reserved 1114112K
  class space    used 2120K, committed 2240K, reserved 1048576K
}
Event: 26.508 GC heap after
{Heap after GC invocations=3 (full 0):
 garbage-first heap   total reserved 989184K, committed 63488K, used 25902K [0x00000000c3a00000, 0x0000000100000000)
  region size 1024K, 4 young (4096K), 4 survivors (4096K)
 Metaspace       used 19181K, committed 19456K, reserved 1114112K
  class space    used 2120K, committed 2240K, reserved 1048576K
}

Dll operation events (12 events):
Event: 0.011 Loaded shared library C:\Program Files\Java\jdk-23\bin\java.dll
Event: 0.041 Loaded shared library C:\Program Files\Java\jdk-23\bin\jsvml.dll
Event: 0.071 Loaded shared library C:\Program Files\Java\jdk-23\bin\net.dll
Event: 0.073 Loaded shared library C:\Program Files\Java\jdk-23\bin\nio.dll
Event: 0.094 Loaded shared library C:\Program Files\Java\jdk-23\bin\zip.dll
Event: 0.110 Loaded shared library C:\Program Files\Java\jdk-23\bin\jimage.dll
Event: 0.124 Loaded shared library C:\Program Files\Java\jdk-23\bin\awt.dll
Event: 0.387 Loaded shared library C:\Program Files\Java\jdk-23\bin\javajpeg.dll
Event: 0.499 Loaded shared library C:\Program Files\Java\jdk-23\bin\freetype.dll
Event: 0.500 Loaded shared library C:\Program Files\Java\jdk-23\bin\fontmanager.dll
Event: 7.894 Loaded shared library C:\Program Files\Java\jdk-23\bin\extnet.dll
Event: 8.150 Loaded shared library C:\Program Files\Java\jdk-23\bin\sunmscapi.dll

Deoptimization events (20 events):
Event: 33.769 Thread 0x0000018204ca23e0 DEOPT PACKING pc=0x00000181ab329498 sp=0x00000041edcfe350
Event: 33.769 Thread 0x0000018204ca23e0 DEOPT UNPACKING pc=0x00000181b27c84c2 sp=0x00000041edcfd7e0 mode 0
Event: 33.769 Thread 0x0000018204ca23e0 DEOPT PACKING pc=0x00000181ab329498 sp=0x00000041edcfe350
Event: 33.769 Thread 0x0000018204ca23e0 DEOPT UNPACKING pc=0x00000181b27c84c2 sp=0x00000041edcfd7e0 mode 0
Event: 33.770 Thread 0x0000018204ca23e0 DEOPT PACKING pc=0x00000181ab329498 sp=0x00000041edcfe350
Event: 33.770 Thread 0x0000018204ca23e0 DEOPT UNPACKING pc=0x00000181b27c84c2 sp=0x00000041edcfd7e0 mode 0
Event: 33.770 Thread 0x0000018204ca23e0 DEOPT PACKING pc=0x00000181ab329498 sp=0x00000041edcfe350
Event: 33.770 Thread 0x0000018204ca23e0 DEOPT UNPACKING pc=0x00000181b27c84c2 sp=0x00000041edcfd7e0 mode 0
Event: 33.770 Thread 0x0000018204ca23e0 DEOPT PACKING pc=0x00000181ab329498 sp=0x00000041edcfe350
Event: 33.770 Thread 0x0000018204ca23e0 DEOPT UNPACKING pc=0x00000181b27c84c2 sp=0x00000041edcfd7e0 mode 0
Event: 33.770 Thread 0x0000018204ca23e0 DEOPT PACKING pc=0x00000181ab329498 sp=0x00000041edcfe350
Event: 33.770 Thread 0x0000018204ca23e0 DEOPT UNPACKING pc=0x00000181b27c84c2 sp=0x00000041edcfd7e0 mode 0
Event: 33.770 Thread 0x0000018204ca23e0 DEOPT PACKING pc=0x00000181ab329498 sp=0x00000041edcfe350
Event: 33.770 Thread 0x0000018204ca23e0 DEOPT UNPACKING pc=0x00000181b27c84c2 sp=0x00000041edcfd7e0 mode 0
Event: 33.770 Thread 0x0000018204ca23e0 DEOPT PACKING pc=0x00000181ab329498 sp=0x00000041edcfe350
Event: 33.770 Thread 0x0000018204ca23e0 DEOPT UNPACKING pc=0x00000181b27c84c2 sp=0x00000041edcfd7e0 mode 0
Event: 33.771 Thread 0x0000018204ca23e0 DEOPT PACKING pc=0x00000181ab329498 sp=0x00000041edcfe350
Event: 33.771 Thread 0x0000018204ca23e0 DEOPT UNPACKING pc=0x00000181b27c84c2 sp=0x00000041edcfd7e0 mode 0
Event: 207.899 Thread 0x00000181be532760 DEOPT PACKING pc=0x00000181ab5990db sp=0x00000041ed4fce60
Event: 207.900 Thread 0x00000181be532760 DEOPT UNPACKING pc=0x00000181b27c84c2 sp=0x00000041ed4fc338 mode 0

Classes loaded (20 events):
Event: 10.429 Loading class javax/swing/text/ComponentView
Event: 10.429 Loading class javax/swing/text/ComponentView done
Event: 10.520 Loading class javax/swing/border/BevelBorder
Event: 10.522 Loading class javax/swing/border/BevelBorder done
Event: 26.509 Loading class sun/security/ssl/Alert
Event: 26.526 Loading class sun/security/ssl/Alert done
Event: 26.526 Loading class sun/security/ssl/Alert$AlertConsumer
Event: 26.527 Loading class sun/security/ssl/Alert$AlertConsumer done
Event: 26.527 Loading class sun/security/ssl/Alert$Level
Event: 26.527 Loading class sun/security/ssl/Alert$Level done
Event: 33.829 Loading class sun/font/CMap$CMapFormat12
Event: 33.830 Loading class sun/font/CMap$CMapFormat12 done
Event: 44.951 Loading class java/lang/StringIndexOutOfBoundsException
Event: 44.951 Loading class java/lang/StringIndexOutOfBoundsException done
Event: 44.951 Loading class java/lang/Throwable$WrappedPrintStream
Event: 44.951 Loading class java/lang/Throwable$PrintStreamOrWriter
Event: 44.951 Loading class java/lang/Throwable$PrintStreamOrWriter done
Event: 44.951 Loading class java/lang/Throwable$WrappedPrintStream done
Event: 44.952 Loading class java/lang/StackTraceElement$HashedModules
Event: 44.952 Loading class java/lang/StackTraceElement$HashedModules done

Classes unloaded (0 events):
No events

Classes redefined (0 events):
No events

Internal exceptions (20 events):
Event: 0.115 Thread 0x00000181a2a6b800 Exception <a 'java/lang/ClassNotFoundException'{0x00000000c756e8a0}: sun/awt/resources/spi/awtProvider> (0x00000000c756e8a0) 
thrown [s\open\src\hotspot\share\classfile\systemDictionary.cpp, line 313]
Event: 0.133 Thread 0x00000181a2a6b800 Exception <a 'java/io/FileNotFoundException'{0x00000000c75c26d0}> (0x00000000c75c26d0) 
thrown [s\open\src\hotspot\share\prims\jni.cpp, line 520]
Event: 0.138 Thread 0x00000181a2a6b800 Exception <a 'java/io/FileNotFoundException'{0x00000000c75f0ef8}> (0x00000000c75f0ef8) 
thrown [s\open\src\hotspot\share\prims\jni.cpp, line 520]
Event: 0.211 Thread 0x00000181a2a6b800 Exception <a 'java/lang/NoSuchMethodError'{0x00000000c748b1e0}: 'void java.lang.invoke.DirectMethodHandle$Holder.invokeSpecial(java.lang.Object, java.lang.Object, java.lang.Object)'> (0x00000000c748b1e0) 
thrown [s\open\src\hotspot\share\interpreter\linkResolver.cpp, line 796]
Event: 0.223 Thread 0x00000181a2a6b800 Exception <a 'java/lang/NoSuchMethodError'{0x00000000c734ba28}: 'java.lang.Object java.lang.invoke.DirectMethodHandle$Holder.invokeStatic(java.lang.Object, int, java.lang.Object)'> (0x00000000c734ba28) 
thrown [s\open\src\hotspot\share\interpreter\linkResolver.cpp, line 796]
Event: 0.244 Thread 0x00000181a2a6b800 Exception <a 'java/lang/ClassNotFoundException'{0x00000000c73f2d78}: com/sun/swing/internal/plaf/metal/resources/spi/metalProvider> (0x00000000c73f2d78) 
thrown [s\open\src\hotspot\share\classfile\systemDictionary.cpp, line 313]
Event: 0.245 Thread 0x00000181a2a6b800 Exception <a 'java/lang/ClassNotFoundException'{0x00000000c73f6d38}: com/sun/swing/internal/plaf/basic/resources/spi/basicProvider> (0x00000000c73f6d38) 
thrown [s\open\src\hotspot\share\classfile\systemDictionary.cpp, line 313]
Event: 0.255 Thread 0x00000181a2a6b800 Exception <a 'java/lang/NoSuchMethodError'{0x00000000c72168e0}: 'int java.lang.invoke.Invokers$Holder.invokeExact_MT(java.lang.Object, java.lang.Object)'> (0x00000000c72168e0) 
thrown [s\open\src\hotspot\share\interpreter\linkResolver.cpp, line 796]
Event: 0.390 Thread 0x00000181be4f4a20 Exception <a 'java/lang/NoSuchMethodError'{0x00000000c71eeda0}: 'java.lang.Object java.lang.invoke.DirectMethodHandle$Holder.newInvokeSpecial(java.lang.Object, java.lang.Object, java.lang.Object, int, int, int, int, int)'> (0x00000000c71eeda0) 
thrown [s\open\src\hotspot\share\interpreter\linkResolver.cpp, line 796]
Event: 0.473 Thread 0x00000181be490350 Exception <a 'java/lang/NoSuchMethodError'{0x00000000c74e6090}: 'void java.lang.invoke.DirectMethodHandle$Holder.invokeVirtual(java.lang.Object, java.lang.Object)'> (0x00000000c74e6090) 
thrown [s\open\src\hotspot\share\interpreter\linkResolver.cpp, line 796]
Event: 0.494 Thread 0x00000181a2a6b800 Exception <a 'java/lang/NoSuchMethodError'{0x00000000c6f6dbf8}: 'void java.lang.invoke.DirectMethodHandle$Holder.invokeStaticInit(java.lang.Object)'> (0x00000000c6f6dbf8) 
thrown [s\open\src\hotspot\share\interpreter\linkResolver.cpp, line 796]
Event: 3.530 Thread 0x00000181be532760 Exception <a 'java/lang/NoSuchMethodError'{0x00000000c6cc66d0}: 'void java.lang.invoke.DirectMethodHandle$Holder.invokeSpecial(java.lang.Object, java.lang.Object, java.lang.Object, java.lang.Object, java.lang.Object)'> (0x00000000c6cc66d0) 
thrown [s\open\src\hotspot\share\interpreter\linkResolver.cpp, line 796]
Event: 7.741 Thread 0x00000181be532760 Implicit null exception at 0x00000181b2d507eb to 0x00000181b2d5089c
Event: 7.751 Thread 0x00000181be532760 Exception <a 'java/lang/NoSuchMethodError'{0x00000000c77bb548}: 'void java.lang.invoke.DirectMethodHandle$Holder.invokeStatic(java.lang.Object, java.lang.Object)'> (0x00000000c77bb548) 
thrown [s\open\src\hotspot\share\interpreter\linkResolver.cpp, line 796]
Event: 7.777 Thread 0x00000181be532760 Exception <a 'java/lang/NoSuchMethodError'{0x00000000c7658ec0}: 'java.lang.Object java.lang.invoke.DirectMethodHandle$Holder.invokeInterface(java.lang.Object, java.lang.Object)'> (0x00000000c7658ec0) 
thrown [s\open\src\hotspot\share\interpreter\linkResolver.cpp, line 796]
Event: 7.801 Thread 0x00000181be532760 Exception <a 'java/lang/NoSuchMethodError'{0x00000000c76d66d0}: 'java.lang.Object java.lang.invoke.DirectMethodHandle$Holder.invokeVirtual(java.lang.Object, java.lang.Object, java.lang.Object)'> (0x00000000c76d66d0) 
thrown [s\open\src\hotspot\share\interpreter\linkResolver.cpp, line 796]
Event: 7.967 Thread 0x00000181be532760 Exception <a 'java/lang/NoSuchMethodError'{0x00000000c718cac8}: 'void java.lang.invoke.DirectMethodHandle$Holder.invokeStaticInit(java.lang.Object, java.lang.Object)'> (0x00000000c718cac8) 
thrown [s\open\src\hotspot\share\interpreter\linkResolver.cpp, line 796]
Event: 8.036 Thread 0x00000181be532760 Exception <a 'sun/nio/fs/WindowsException'{0x00000000c70b8410}> (0x00000000c70b8410) 
thrown [s\open\src\hotspot\share\prims\jni.cpp, line 520]
Event: 8.090 Thread 0x00000181be532760 Exception <a 'java/lang/NoSuchMethodError'{0x00000000c6f5f488}: 'java.lang.Object java.lang.invoke.DirectMethodHandle$Holder.invokeStaticInit(java.lang.Object, int, int, int, int)'> (0x00000000c6f5f488) 
thrown [s\open\src\hotspot\share\interpreter\linkResolver.cpp, line 796]
Event: 8.111 Thread 0x00000181be532760 Exception <a 'java/lang/NoSuchMethodError'{0x00000000c6e1d848}: 'java.lang.Object java.lang.invoke.DirectMethodHandle$Holder.invokeStaticInit(java.lang.Object, java.lang.Object, int, int, int, int)'> (0x00000000c6e1d848) 
thrown [s\open\src\hotspot\share\interpreter\linkResolver.cpp, line 796]

VM Operations (20 events):
Event: 7.890 Executing VM operation: HandshakeAllThreads (Deoptimize)
Event: 7.890 Executing VM operation: HandshakeAllThreads (Deoptimize) done
Event: 7.934 Executing VM operation: HandshakeAllThreads (Deoptimize)
Event: 7.934 Executing VM operation: HandshakeAllThreads (Deoptimize) done
Event: 7.974 Executing VM operation: HandshakeAllThreads (Deoptimize)
Event: 7.974 Executing VM operation: HandshakeAllThreads (Deoptimize) done
Event: 8.014 Executing VM operation: HandshakeAllThreads (Deoptimize)
Event: 8.014 Executing VM operation: HandshakeAllThreads (Deoptimize) done
Event: 8.040 Executing VM operation: HandshakeAllThreads (Deoptimize)
Event: 8.040 Executing VM operation: HandshakeAllThreads (Deoptimize) done
Event: 10.384 Executing VM operation: HandshakeAllThreads (Deoptimize)
Event: 10.384 Executing VM operation: HandshakeAllThreads (Deoptimize) done
Event: 10.385 Executing VM operation: HandshakeAllThreads (Deoptimize)
Event: 10.385 Executing VM operation: HandshakeAllThreads (Deoptimize) done
Event: 26.504 Executing VM operation: G1CollectForAllocation (G1 Evacuation Pause)
Event: 26.508 Executing VM operation: G1CollectForAllocation (G1 Evacuation Pause) done
Event: 60.173 Executing VM operation: HandshakeAllThreads (HandshakeForDeflation)
Event: 60.173 Executing VM operation: HandshakeAllThreads (HandshakeForDeflation) done
Event: 60.173 Executing VM operation: RendezvousGCThreads
Event: 60.173 Executing VM operation: RendezvousGCThreads done

Memory protections (0 events):
No events

Nmethod flushes (0 events):
No events

Events (20 events):
Event: 0.039 Thread 0x00000181a2a6b800 Thread added: 0x00000181be1314f0
Event: 0.039 Thread 0x00000181a2a6b800 Thread added: 0x00000181be1323b0
Event: 0.061 Thread 0x00000181a2a6b800 Thread added: 0x00000181be23dee0
Event: 0.089 Thread 0x00000181a2a6b800 Thread added: 0x00000181be309290
Event: 0.181 Thread 0x00000181a2a6b800 Thread added: 0x00000181be483cc0
Event: 0.182 Thread 0x00000181a2a6b800 Thread added: 0x00000181be48bec0
Event: 0.184 Thread 0x00000181a2a6b800 Thread added: 0x00000181be490350
Event: 0.261 Thread 0x00000181a2a6b800 Thread added: 0x00000181be4f4a20
Event: 0.472 Thread 0x00000181be490350 Thread added: 0x00000181be532760
Event: 0.616 Thread 0x00000181a2a6b800 Thread exited: 0x00000181a2a6b800
Event: 0.616 Thread 0x00000181a2a6b800 Thread added: 0x00000181a2a6b800
Event: 1.384 Thread 0x00000181be532760 Thread added: 0x0000018204e7b070
Event: 5.417 Thread 0x00000181be4f4a20 Thread exited: 0x00000181be4f4a20
Event: 7.752 Thread 0x00000181be532760 Thread added: 0x0000018204bc8ed0
Event: 8.412 Thread 0x00000181be532760 Thread added: 0x0000018204ca09a0
Event: 8.472 Thread 0x00000181be532760 Thread added: 0x0000018204ca16c0
Event: 13.486 Thread 0x0000018204ca16c0 Thread exited: 0x0000018204ca16c0
Event: 13.518 Thread 0x0000018204ca09a0 Thread exited: 0x0000018204ca09a0
Event: 33.739 Thread 0x00000181be532760 Thread added: 0x0000018204ca23e0
Event: 38.790 Thread 0x0000018204ca23e0 Thread exited: 0x0000018204ca23e0


Dynamic libraries:
0x00007ff606fd0000 - 0x00007ff606fe0000 	C:\Program Files\Java\jdk-23\bin\java.exe
0x00007ffdaf0e0000 - 0x00007ffdaf345000 	C:\WINDOWS\SYSTEM32\ntdll.dll
0x00007ffdad560000 - 0x00007ffdad629000 	C:\WINDOWS\System32\KERNEL32.DLL
0x00007ffdac230000 - 0x00007ffdac618000 	C:\WINDOWS\System32\KERNELBASE.dll
0x00007ffda8e10000 - 0x00007ffda8eae000 	C:\WINDOWS\SYSTEM32\apphelp.dll
0x00007ffdac860000 - 0x00007ffdac9ab000 	C:\WINDOWS\System32\ucrtbase.dll
0x00007ffd97640000 - 0x00007ffd97657000 	C:\Program Files\Java\jdk-23\bin\jli.dll
0x00007ffd978f0000 - 0x00007ffd9790b000 	C:\Program Files\Java\jdk-23\bin\VCRUNTIME140.dll
0x00007ffdae550000 - 0x00007ffdae71a000 	C:\WINDOWS\System32\USER32.dll
0x00007ffd944e0000 - 0x00007ffd9477a000 	C:\WINDOWS\WinSxS\amd64_microsoft.windows.common-controls_6595b64144ccf1df_6.0.26100.4202_none_3e0698d4e335f517\COMCTL32.dll
0x00007ffdac830000 - 0x00007ffdac857000 	C:\WINDOWS\System32\win32u.dll
0x00007ffdadeb0000 - 0x00007ffdadf59000 	C:\WINDOWS\System32\msvcrt.dll
0x00007ffdaefe0000 - 0x00007ffdaf00b000 	C:\WINDOWS\System32\GDI32.dll
0x00007ffdaca60000 - 0x00007ffdacb97000 	C:\WINDOWS\System32\gdi32full.dll
0x00007ffdac9b0000 - 0x00007ffdaca53000 	C:\WINDOWS\System32\msvcp_win.dll
0x00007ffdae430000 - 0x00007ffdae460000 	C:\WINDOWS\System32\IMM32.DLL
0x00007ffda4290000 - 0x00007ffda429c000 	C:\Program Files\Java\jdk-23\bin\vcruntime140_1.dll
0x00007ffd85c90000 - 0x00007ffd85d1e000 	C:\Program Files\Java\jdk-23\bin\msvcp140.dll
0x00007ffd13570000 - 0x00007ffd142c0000 	C:\Program Files\Java\jdk-23\bin\server\jvm.dll
0x00007ffdadd70000 - 0x00007ffdade23000 	C:\WINDOWS\System32\ADVAPI32.dll
0x00007ffdae060000 - 0x00007ffdae106000 	C:\WINDOWS\System32\sechost.dll
0x00007ffdad290000 - 0x00007ffdad3a5000 	C:\WINDOWS\System32\RPCRT4.dll
0x00007ffdace80000 - 0x00007ffdacef4000 	C:\WINDOWS\System32\WS2_32.dll
0x00007ffdac0a0000 - 0x00007ffdac0fe000 	C:\WINDOWS\SYSTEM32\POWRPROF.dll
0x00007ffd94eb0000 - 0x00007ffd94ee5000 	C:\WINDOWS\SYSTEM32\WINMM.dll
0x00007ffda4630000 - 0x00007ffda463b000 	C:\WINDOWS\SYSTEM32\VERSION.dll
0x00007ffdac080000 - 0x00007ffdac094000 	C:\WINDOWS\SYSTEM32\UMPDC.dll
0x00007ffdaaff0000 - 0x00007ffdab00b000 	C:\WINDOWS\SYSTEM32\kernel.appcore.dll
0x00007ffd9ae60000 - 0x00007ffd9ae6a000 	C:\Program Files\Java\jdk-23\bin\jimage.dll
0x00007ffda9af0000 - 0x00007ffda9d31000 	C:\WINDOWS\SYSTEM32\DBGHELP.DLL
0x00007ffdacf00000 - 0x00007ffdad285000 	C:\WINDOWS\System32\combase.dll
0x00007ffdae730000 - 0x00007ffdae811000 	C:\WINDOWS\System32\OLEAUT32.dll
0x00007ffd90bc0000 - 0x00007ffd90bf9000 	C:\WINDOWS\SYSTEM32\dbgcore.DLL
0x00007ffdacc60000 - 0x00007ffdaccf9000 	C:\WINDOWS\System32\bcryptPrimitives.dll
0x00007ffd978d0000 - 0x00007ffd978ee000 	C:\Program Files\Java\jdk-23\bin\java.dll
0x00007ffdae110000 - 0x00007ffdae2ae000 	C:\WINDOWS\System32\ole32.dll
0x00007ffdae890000 - 0x00007ffdaefd2000 	C:\WINDOWS\System32\SHELL32.dll
0x00007ffdacd00000 - 0x00007ffdace74000 	C:\WINDOWS\System32\wintypes.dll
0x00007ffda9ed0000 - 0x00007ffdaa728000 	C:\WINDOWS\SYSTEM32\windows.storage.dll
0x00007ffdadf60000 - 0x00007ffdae051000 	C:\WINDOWS\System32\SHCORE.dll
0x00007ffdad3b0000 - 0x00007ffdad41a000 	C:\WINDOWS\System32\shlwapi.dll
0x00007ffdac140000 - 0x00007ffdac16f000 	C:\WINDOWS\SYSTEM32\profapi.dll
0x00007ffd88100000 - 0x00007ffd881d7000 	C:\Program Files\Java\jdk-23\bin\jsvml.dll
0x00007ffd9a1e0000 - 0x00007ffd9a1f0000 	C:\Program Files\Java\jdk-23\bin\net.dll
0x00007ffdab560000 - 0x00007ffdab5ca000 	C:\WINDOWS\system32\mswsock.dll
0x00007ffd97560000 - 0x00007ffd97576000 	C:\Program Files\Java\jdk-23\bin\nio.dll
0x00007ffd97290000 - 0x00007ffd972a7000 	C:\Program Files\Java\jdk-23\bin\zip.dll
0x00007ffd852c0000 - 0x00007ffd8544e000 	C:\Program Files\Java\jdk-23\bin\awt.dll
0x00007ffda9470000 - 0x00007ffda94a6000 	C:\WINDOWS\system32\DWMAPI.DLL
0x00007ffda8ff0000 - 0x00007ffda909f000 	C:\WINDOWS\system32\uxtheme.dll
0x00007ffd83fe0000 - 0x00007ffd840f4000 	C:\WINDOWS\system32\opengl32.dll
0x00007ffd99d40000 - 0x00007ffd99d6d000 	C:\WINDOWS\SYSTEM32\GLU32.dll
0x00007ffda9150000 - 0x00007ffda919d000 	C:\WINDOWS\SYSTEM32\dxcore.dll
0x00007ffdae2c0000 - 0x00007ffdae420000 	C:\WINDOWS\System32\MSCTF.dll
0x00007ffd975e0000 - 0x00007ffd9760e000 	C:\Program Files\Java\jdk-23\bin\javajpeg.dll
0x00007ffd85c00000 - 0x00007ffd85c87000 	C:\Program Files\Java\jdk-23\bin\freetype.dll
0x00007ffd80ac0000 - 0x00007ffd80b97000 	C:\Program Files\Java\jdk-23\bin\fontmanager.dll
0x00007ffdad830000 - 0x00007ffdad8d8000 	C:\WINDOWS\System32\clbcatq.dll
0x00007ffda7720000 - 0x00007ffda7959000 	C:\WINDOWS\SYSTEM32\WindowsCodecs.dll
0x00007ffd7be80000 - 0x00007ffd7beda000 	C:\WINDOWS\system32\dataexchange.dll
0x00007ffd96440000 - 0x00007ffd9667a000 	C:\WINDOWS\system32\twinapi.appcore.dll
0x00007ffd9cb00000 - 0x00007ffd9cc50000 	C:\WINDOWS\SYSTEM32\textinputframework.dll
0x00007ffda8b40000 - 0x00007ffda8c65000 	C:\WINDOWS\SYSTEM32\CoreMessaging.dll
0x00007ffda34a0000 - 0x00007ffda3783000 	C:\WINDOWS\SYSTEM32\CoreUIComponents.dll
0x00007ffdab830000 - 0x00007ffdab83c000 	C:\WINDOWS\SYSTEM32\CRYPTBASE.DLL
0x00007ffd80a10000 - 0x00007ffd80a21000 	C:\WINDOWS\SYSTEM32\wtdccm.dll
0x00007ffdaaab0000 - 0x00007ffdaabd7000 	C:\WINDOWS\SYSTEM32\DNSAPI.dll
0x00007ffdaaa20000 - 0x00007ffdaaa53000 	C:\WINDOWS\SYSTEM32\IPHLPAPI.DLL
0x00007ffdad420000 - 0x00007ffdad42a000 	C:\WINDOWS\System32\NSI.dll
0x00007ffda2050000 - 0x00007ffda205b000 	C:\Windows\System32\rasadhlp.dll
0x00007ffda2150000 - 0x00007ffda21d6000 	C:\WINDOWS\System32\fwpuclnt.dll
0x00007ffd978c0000 - 0x00007ffd978c9000 	C:\Program Files\Java\jdk-23\bin\extnet.dll
0x00007ffdab810000 - 0x00007ffdab82b000 	C:\WINDOWS\SYSTEM32\CRYPTSP.dll
0x00007ffdaaf50000 - 0x00007ffdaaf8a000 	C:\WINDOWS\system32\rsaenh.dll
0x00007ffdab600000 - 0x00007ffdab62b000 	C:\WINDOWS\SYSTEM32\USERENV.dll
0x00007ffdac110000 - 0x00007ffdac136000 	C:\WINDOWS\SYSTEM32\bcrypt.dll
0x00007ffd92890000 - 0x00007ffd9289e000 	C:\Program Files\Java\jdk-23\bin\sunmscapi.dll
0x00007ffdac620000 - 0x00007ffdac797000 	C:\WINDOWS\System32\CRYPT32.dll
0x00007ffdaba30000 - 0x00007ffdaba60000 	C:\WINDOWS\SYSTEM32\ncrypt.dll
0x00007ffdab9e0000 - 0x00007ffdaba1f000 	C:\WINDOWS\SYSTEM32\NTASN1.dll

dbghelp: loaded successfully - version: 4.0.5 - missing functions: none
symbol engine: initialized successfully - sym options: 0x614 - pdb path: .;C:\Program Files\Java\jdk-23\bin;C:\WINDOWS\SYSTEM32;C:\WINDOWS\WinSxS\amd64_microsoft.windows.common-controls_6595b64144ccf1df_6.0.26100.4202_none_3e0698d4e335f517;C:\Program Files\Java\jdk-23\bin\server

VM Arguments:
jvm_args: -Dfile.encoding=UTF-8 --module-path=C:\Users\MY PC\Documents\NetBeansProjects\Bank Management System\build\classes 
java_command: bank.management.system.Login
java_class_path (initial): C:\Users\MY PC\Downloads\jcalendar-tz-1.3.3-4.jar;C:\Users\MY PC\Downloads\mysql-connector-java-8.0.28.jar;C:\Users\MY PC\Documents\NetBeansProjects\Bank Management System\build\classes
Launcher Type: SUN_STANDARD

[Global flags]
     intx CICompilerCount                          = 3                                         {product} {ergonomic}
     uint ConcGCThreads                            = 1                                         {product} {ergonomic}
     uint G1ConcRefinementThreads                  = 4                                         {product} {ergonomic}
   size_t G1HeapRegionSize                         = 1048576                                   {product} {ergonomic}
   size_t InitialHeapSize                          = 65011712                                  {product} {ergonomic}
   size_t MarkStackSize                            = 4194304                                   {product} {ergonomic}
   size_t MarkStackSizeMax                         = 536870912                                 {product} {ergonomic}
   size_t MaxHeapSize                              = 1012924416                                {product} {ergonomic}
   size_t MaxNewSize                               = 607125504                                 {product} {ergonomic}
   size_t MinHeapDeltaBytes                        = 1048576                                   {product} {ergonomic}
   size_t MinHeapSize                              = 8388608                                   {product} {ergonomic}
    uintx NonNMethodCodeHeapSize                   = 5832704                                {pd product} {ergonomic}
    uintx NonProfiledCodeHeapSize                  = 122945536                              {pd product} {ergonomic}
    uintx ProfiledCodeHeapSize                     = 122880000                              {pd product} {ergonomic}
    uintx ReservedCodeCacheSize                    = 251658240                              {pd product} {ergonomic}
     bool SegmentedCodeCache                       = true                                      {product} {ergonomic}
   size_t SoftMaxHeapSize                          = 1012924416                             {manageable} {ergonomic}
     bool UseCompressedOops                        = true                           {product lp64_product} {ergonomic}
     bool UseG1GC                                  = true                                      {product} {ergonomic}
     bool UseLargePagesIndividualAllocation        = false                                  {pd product} {ergonomic}

Logging:
Log output configuration:
 #0: stdout all=warning uptime,level,tags foldmultilines=false
 #1: stderr all=off uptime,level,tags foldmultilines=false

Environment Variables:
PATH=C:\Program Files\Common Files\Oracle\Java\javapath;C:\WINDOWS\system32;C:\WINDOWS;C:\WINDOWS\System32\Wbem;C:\WINDOWS\System32\WindowsPowerShell\v1.0\;C:\WINDOWS\System32\OpenSSH\;C:\Program Files\Java\jdk-23\bin;C:\Program Files\nodejs\;C:\Program Files\Git\cmd;C:\Program Files\MySQL\MySQL Shell 8.0\bin\;C:\Users\MY PC\AppData\Local\Programs\Python\Python313\Scripts\;C:\Users\MY PC\AppData\Local\Programs\Python\Python313\;C:\Users\MY PC\AppData\Local\Microsoft\WindowsApps;C:\Users\MY PC\AppData\Local\Programs\Microsoft VS Code\bin;C:\Users\MY PC\AppData\Roaming\npm;C:\Program Files\JetBrains\IntelliJ IDEA Community Edition 2024.3.4.1\bin;;C:\Users\MY PC\AppData\Local\GitHubDesktop\bin;C:\Users\MY PC\Downloads\jdk-23_windows-x64_bin.exe;C:\Users\MY PC\Desktop\Flutter-Food-Delivery-App\android\flutter\bin;C:\flutter\src\flutter\bin;
USERNAME=MY PC
OS=Windows_NT
PROCESSOR_IDENTIFIER=Intel64 Family 6 Model 126 Stepping 5, GenuineIntel
TMP=C:\Users\MYPC~1\AppData\Local\Temp
TEMP=C:\Users\MYPC~1\AppData\Local\Temp




Periodic native trim disabled

---------------  S Y S T E M  ---------------

OS:
 Windows 11 , 64 bit Build 26100 (10.0.26100.4202)
OS uptime: 0 days 8:40 hours

CPU: total 4 (initial active 4) (2 cores per cpu, 2 threads per core) family 6 model 126 stepping 5 microcode 0xc2, cx8, cmov, fxsr, ht, mmx, 3dnowpref, sse, sse2, sse3, ssse3, sse4.1, sse4.2, popcnt, lzcnt, tsc, tscinvbit, avx, avx2, aes, erms, clmul, bmi1, bmi2, adx, avx512f, avx512dq, avx512cd, avx512bw, avx512vl, sha, fma, vzeroupper, avx512_vpopcntdq, avx512_vpclmulqdq, avx512_vaes, avx512_vnni, clflush, clflushopt, avx512_vbmi2, avx512_vbmi, rdtscp, rdpid, fsrm, gfni, avx512_bitalg, f16c, pku, avx512_ifma
Processor Information for the first 4 processors :
  Max Mhz: 1190, Current Mhz: 1190, Mhz Limit: 1190

Memory: 4k page, system-wide physical 3863M (337M free)
TotalPageFile size 15639M (AvailPageFile size 0M)
current process WorkingSet (physical memory assigned to process): 41M, peak: 162M
current process commit charge ("private bytes"): 184M, peak: 189M

vm_info: Java HotSpot(TM) 64-Bit Server VM (23.0.2+7-58) for windows-amd64 JRE (23.0.2+7-58), built on 2024-11-29T09:34:55Z with MS VC++ 17.6 (VS2022)

END.
