#
# There is insufficient memory for the Java Runtime Environment to continue.
# Native memory allocation (malloc) failed to allocate 32744 bytes. Error detail: Chunk::new
# Possible reasons:
#   The system is out of physical RAM or swap space
#   This process is running with CompressedOops enabled, and the Java Heap may be blocking the growth of the native heap
# Possible solutions:
#   Reduce memory load on the system
#   Increase physical memory or swap space
#   Check if swap backing store is full
#   Decrease Java heap size (-Xmx/-Xms)
#   Decrease number of Java threads
#   Decrease Java thread stack sizes (-Xss)
#   Set larger code cache with -XX:ReservedCodeCacheSize=
#   JVM is running with Unscaled Compressed Oops mode in which the Java heap is
#     placed in the first 4GB address space. The Java Heap base address is the
#     maximum limit for the native heap growth. Please use -XX:HeapBaseMinAddress
#     to set the Java Heap base and to place the Java Heap above 4GB virtual address.
# This output file may be truncated or incomplete.
#
#  Out of Memory Error (arena.cpp:149), pid=17216, tid=8044
#
# JRE version: Java(TM) SE Runtime Environment (23.0.2+7) (build 23.0.2+7-58)
# Java VM: Java HotSpot(TM) 64-Bit Server VM (23.0.2+7-58, mixed mode, sharing, tiered, compressed oops, compressed class ptrs, g1 gc, windows-amd64)
# No core dump will be written. Minidumps are not enabled by default on client versions of Windows
#

---------------  S U M M A R Y ------------

Command Line: -Dfile.encoding=UTF-8 --module-path=C:\Users\MY PC\Documents\NetBeansProjects\Bank Management System\build\classes bank.management.system.Transactions

Host: Intel(R) Core(TM) i3-1005G1 CPU @ 1.20GHz, 4 cores, 3G,  Windows 11 , 64 bit Build 26100 (10.0.26100.4202)
Time: Sat Jul 12 17:57:33 2025 India Standard Time elapsed time: 7122.366068 seconds (0d 1h 58m 42s)

---------------  T H R E A D  ---------------

Current thread (0x0000026f41196b50):  JavaThread "C1 CompilerThread0" daemon [_thread_in_native, id=8044, stack(0x0000007f5c300000,0x0000007f5c400000) (1024K)]


Current CompileTask:
C1:7122366 1689       3       java.awt.geom.AffineTransform::equals (104 bytes)

Stack: [0x0000007f5c300000,0x0000007f5c400000]
Native frames: (J=compiled Java code, j=interpreted, Vv=VM code, C=native code)
V  [jvm.dll+0x6e0b99]  (no source info available)
V  [jvm.dll+0x87e2b3]  (no source info available)
V  [jvm.dll+0x88073e]  (no source info available)
V  [jvm.dll+0x880e13]  (no source info available)
V  [jvm.dll+0x27b006]  (no source info available)
V  [jvm.dll+0xbc06f]  (no source info available)
V  [jvm.dll+0xbc2cb]  (no source info available)
V  [jvm.dll+0x15cea8]  (no source info available)
V  [jvm.dll+0x15b115]  (no source info available)
V  [jvm.dll+0x163ba1]  (no source info available)
V  [jvm.dll+0x163071]  (no source info available)
V  [jvm.dll+0x15a872]  (no source info available)
V  [jvm.dll+0x15caea]  (no source info available)
V  [jvm.dll+0x15b115]  (no source info available)
V  [jvm.dll+0x163ba1]  (no source info available)
V  [jvm.dll+0x163071]  (no source info available)
V  [jvm.dll+0x15a872]  (no source info available)
V  [jvm.dll+0x15caea]  (no source info available)
V  [jvm.dll+0x15b115]  (no source info available)
V  [jvm.dll+0x15463f]  (no source info available)
V  [jvm.dll+0x164cf1]  (no source info available)
V  [jvm.dll+0x14fd7b]  (no source info available)
V  [jvm.dll+0x150173]  (no source info available)
V  [jvm.dll+0x1504db]  (no source info available)
V  [jvm.dll+0x14f8a8]  (no source info available)
V  [jvm.dll+0x1516ed]  (no source info available)
V  [jvm.dll+0x253df1]  (no source info available)
V  [jvm.dll+0x2520aa]  (no source info available)
V  [jvm.dll+0x3ee226]  (no source info available)
V  [jvm.dll+0x8254cb]  (no source info available)
V  [jvm.dll+0x6df345]  (no source info available)
C  [ucrtbase.dll+0x37b0]  (no source info available)
C  [KERNEL32.DLL+0x2e8d7]  (no source info available)
C  [ntdll.dll+0x3c34c]  (no source info available)

Lock stack of current Java thread (top to bottom):


---------------  P R O C E S S  ---------------

Threads class SMR info:
_java_thread_list=0x0000026f46e4ce00, length=15, elements={
0x0000026f4117fcc0, 0x0000026f41182730, 0x0000026f41185a10, 0x0000026f41186470,
0x0000026f4118eee0, 0x0000026f41191a80, 0x0000026f41195f70, 0x0000026f41196b50,
0x0000026f412a2d40, 0x0000026f41373e40, 0x0000026f4150b2e0, 0x0000026f4150e670,
0x0000026f415136d0, 0x0000026f46800620, 0x0000026f592eff60
}

Java Threads: ( => current thread )
  0x0000026f4117fcc0 JavaThread "Reference Handler"          daemon [_thread_blocked, id=11988, stack(0x0000007f5bc00000,0x0000007f5bd00000) (1024K)]
  0x0000026f41182730 JavaThread "Finalizer"                  daemon [_thread_blocked, id=15000, stack(0x0000007f5bd00000,0x0000007f5be00000) (1024K)]
  0x0000026f41185a10 JavaThread "Signal Dispatcher"          daemon [_thread_blocked, id=8796, stack(0x0000007f5be00000,0x0000007f5bf00000) (1024K)]
  0x0000026f41186470 JavaThread "Attach Listener"            daemon [_thread_blocked, id=17012, stack(0x0000007f5bf00000,0x0000007f5c000000) (1024K)]
  0x0000026f4118eee0 JavaThread "Service Thread"             daemon [_thread_blocked, id=8972, stack(0x0000007f5c000000,0x0000007f5c100000) (1024K)]
  0x0000026f41191a80 JavaThread "Monitor Deflation Thread"   daemon [_thread_blocked, id=15752, stack(0x0000007f5c100000,0x0000007f5c200000) (1024K)]
  0x0000026f41195f70 JavaThread "C2 CompilerThread0"         daemon [_thread_blocked, id=17264, stack(0x0000007f5c200000,0x0000007f5c300000) (1024K)]
=>0x0000026f41196b50 JavaThread "C1 CompilerThread0"         daemon [_thread_in_native, id=8044, stack(0x0000007f5c300000,0x0000007f5c400000) (1024K)]
  0x0000026f412a2d40 JavaThread "Common-Cleaner"             daemon [_thread_blocked, id=17872, stack(0x0000007f5c400000,0x0000007f5c500000) (1024K)]
  0x0000026f41373e40 JavaThread "Notification Thread"        daemon [_thread_blocked, id=1256, stack(0x0000007f5c500000,0x0000007f5c600000) (1024K)]
  0x0000026f4150b2e0 JavaThread "Java2D Disposer"            daemon [_thread_blocked, id=17300, stack(0x0000007f5c700000,0x0000007f5c800000) (1024K)]
  0x0000026f4150e670 JavaThread "AWT-Shutdown"                      [_thread_blocked, id=17968, stack(0x0000007f5c800000,0x0000007f5c900000) (1024K)]
  0x0000026f415136d0 JavaThread "AWT-Windows"                daemon [_thread_in_native, id=18416, stack(0x0000007f5c900000,0x0000007f5ca00000) (1024K)]
  0x0000026f46800620 JavaThread "AWT-EventQueue-0"                  [_thread_blocked, id=17804, stack(0x0000007f5cd00000,0x0000007f5ce00000) (1024K)]
  0x0000026f592eff60 JavaThread "DestroyJavaVM"                     [_thread_blocked, id=5468, stack(0x0000007f5b400000,0x0000007f5b500000) (1024K)]
Total: 15

Other Threads:
  0x0000026f411687a0 VMThread "VM Thread"                           [id=17144, stack(0x0000007f5bb00000,0x0000007f5bc00000) (1024K)]
  0x0000026f4114ea20 WatcherThread "VM Periodic Task Thread"        [id=11372, stack(0x0000007f5ba00000,0x0000007f5bb00000) (1024K)]
  0x0000026f5b622950 WorkerThread "GC Thread#0"                     [id=17044, stack(0x0000007f5b500000,0x0000007f5b600000) (1024K)]
  0x0000026f467f37b0 WorkerThread "GC Thread#1"                     [id=14188, stack(0x0000007f5ca00000,0x0000007f5cb00000) (1024K)]
  0x0000026f467fcf20 WorkerThread "GC Thread#2"                     [id=18044, stack(0x0000007f5cb00000,0x0000007f5cc00000) (1024K)]
  0x0000026f467fd2d0 WorkerThread "GC Thread#3"                     [id=7624, stack(0x0000007f5cc00000,0x0000007f5cd00000) (1024K)]
  0x0000026f5b62cfa0 ConcurrentGCThread "G1 Main Marker"            [id=17068, stack(0x0000007f5b600000,0x0000007f5b700000) (1024K)]
  0x0000026f5b62d9c0 WorkerThread "G1 Conc#0"                       [id=5524, stack(0x0000007f5b700000,0x0000007f5b800000) (1024K)]
  0x0000026f5b68d110 ConcurrentGCThread "G1 Refine#0"               [id=15076, stack(0x0000007f5b800000,0x0000007f5b900000) (1024K)]
  0x0000026f5b68ea50 ConcurrentGCThread "G1 Service"                [id=10448, stack(0x0000007f5b900000,0x0000007f5ba00000) (1024K)]
Total: 10

Threads with active compile tasks:
C1 CompilerThread0  7122577 1689       3       java.awt.geom.AffineTransform::equals (104 bytes)
Total: 1

VM state: not at safepoint (normal execution)

VM Mutex/Monitor currently owned by a thread: None

Heap address: 0x00000000c3a00000, size: 966 MB, Compressed Oops mode: 32-bit

CDS archive(s) mapped at: [0x0000026f00000000-0x0000026f00d70000-0x0000026f00d70000), size 14090240, SharedBaseAddress: 0x0000026f00000000, ArchiveRelocationMode: 1.
Compressed class space mapped at: 0x0000026f01000000-0x0000026f41000000, reserved size: 1073741824
Narrow klass base: 0x0000026f00000000, Narrow klass shift: 0, Narrow klass range: 0x41000000

GC Precious Log:
 CardTable entry size: 512
 Card Set container configuration: InlinePtr #cards 5 size 8 Array Of Cards #cards 10 size 36 Howl #buckets 4 coarsen threshold 1843 Howl Bitmap #cards 512 size 80 coarsen threshold 460 Card regions per heap region 1 cards per card region 2048
 CPUs: 4 total, 4 available
 Memory: 3863M
 Large Page Support: Disabled
 NUMA Support: Disabled
 Compressed Oops: Enabled (32-bit)
 Heap Region Size: 1M
 Heap Min Capacity: 8M
 Heap Initial Capacity: 62M
 Heap Max Capacity: 966M
 Pre-touch: Disabled
 Parallel Workers: 4
 Concurrent Workers: 1
 Concurrent Refinement Workers: 4
 Periodic GC: Disabled

Heap:
 garbage-first heap   total reserved 989184K, committed 63488K, used 20380K [0x00000000c3a00000, 0x0000000100000000)
  region size 1024K, 5 young (5120K), 2 survivors (2048K)
 Metaspace       used 7889K, committed 8128K, reserved 1114112K
  class space    used 822K, committed 960K, reserved 1048576K

Heap Regions: E=young(eden), S=young(survivor), O=old, HS=humongous(starts), HC=humongous(continues), CS=collection set, F=free, TAMS=top-at-mark-start, PB=parsable bottom
|   0|0x00000000c3a00000, 0x00000000c3b00000, 0x00000000c3b00000|100%|HS|  |TAMS 0x00000000c3a00000| PB 0x00000000c3a00000| Complete |  0
|   1|0x00000000c3b00000, 0x00000000c3c00000, 0x00000000c3c00000|100%|HC|  |TAMS 0x00000000c3b00000| PB 0x00000000c3b00000| Complete |  0
|   2|0x00000000c3c00000, 0x00000000c3d00000, 0x00000000c3d00000|100%|HC|  |TAMS 0x00000000c3c00000| PB 0x00000000c3c00000| Complete |  0
|   3|0x00000000c3d00000, 0x00000000c3e00000, 0x00000000c3e00000|100%|HC|  |TAMS 0x00000000c3d00000| PB 0x00000000c3d00000| Complete |  0
|   4|0x00000000c3e00000, 0x00000000c3f00000, 0x00000000c3f00000|100%|HS|  |TAMS 0x00000000c3e00000| PB 0x00000000c3e00000| Complete |  0
|   5|0x00000000c3f00000, 0x00000000c4000000, 0x00000000c4000000|100%|HC|  |TAMS 0x00000000c3f00000| PB 0x00000000c3f00000| Complete |  0
|   6|0x00000000c4000000, 0x00000000c4100000, 0x00000000c4100000|100%|HC|  |TAMS 0x00000000c4000000| PB 0x00000000c4000000| Complete |  0
|   7|0x00000000c4100000, 0x00000000c4200000, 0x00000000c4200000|100%|HC|  |TAMS 0x00000000c4100000| PB 0x00000000c4100000| Complete |  0
|   8|0x00000000c4200000, 0x00000000c4300000, 0x00000000c4300000|100%|HC|  |TAMS 0x00000000c4200000| PB 0x00000000c4200000| Complete |  0
|   9|0x00000000c4300000, 0x00000000c4400000, 0x00000000c4400000|100%| O|  |TAMS 0x00000000c4300000| PB 0x00000000c4300000| Untracked |  0
|  10|0x00000000c4400000, 0x00000000c4500000, 0x00000000c4500000|100%|HS|  |TAMS 0x00000000c4400000| PB 0x00000000c4400000| Complete |  0
|  11|0x00000000c4500000, 0x00000000c4600000, 0x00000000c4600000|100%|HC|  |TAMS 0x00000000c4500000| PB 0x00000000c4500000| Complete |  0
|  12|0x00000000c4600000, 0x00000000c4700000, 0x00000000c4700000|100%|HC|  |TAMS 0x00000000c4600000| PB 0x00000000c4600000| Complete |  0
|  13|0x00000000c4700000, 0x00000000c4800000, 0x00000000c4800000|100%|HC|  |TAMS 0x00000000c4700000| PB 0x00000000c4700000| Complete |  0
|  14|0x00000000c4800000, 0x00000000c4900000, 0x00000000c4900000|100%|HC|  |TAMS 0x00000000c4800000| PB 0x00000000c4800000| Complete |  0
|  15|0x00000000c4900000, 0x00000000c4a00000, 0x00000000c4a00000|100%| O|  |TAMS 0x00000000c4900000| PB 0x00000000c4900000| Untracked |  0
|  16|0x00000000c4a00000, 0x00000000c4a74900, 0x00000000c4b00000| 45%| O|  |TAMS 0x00000000c4a00000| PB 0x00000000c4a00000| Untracked |  0
|  17|0x00000000c4b00000, 0x00000000c4b00000, 0x00000000c4c00000|  0%| F|  |TAMS 0x00000000c4b00000| PB 0x00000000c4b00000| Untracked |  0
|  18|0x00000000c4c00000, 0x00000000c4c00000, 0x00000000c4d00000|  0%| F|  |TAMS 0x00000000c4c00000| PB 0x00000000c4c00000| Untracked |  0
|  19|0x00000000c4d00000, 0x00000000c4d00000, 0x00000000c4e00000|  0%| F|  |TAMS 0x00000000c4d00000| PB 0x00000000c4d00000| Untracked |  0
|  20|0x00000000c4e00000, 0x00000000c4e00000, 0x00000000c4f00000|  0%| F|  |TAMS 0x00000000c4e00000| PB 0x00000000c4e00000| Untracked |  0
|  21|0x00000000c4f00000, 0x00000000c4f00000, 0x00000000c5000000|  0%| F|  |TAMS 0x00000000c4f00000| PB 0x00000000c4f00000| Untracked |  0
|  22|0x00000000c5000000, 0x00000000c5000000, 0x00000000c5100000|  0%| F|  |TAMS 0x00000000c5000000| PB 0x00000000c5000000| Untracked |  0
|  23|0x00000000c5100000, 0x00000000c5100000, 0x00000000c5200000|  0%| F|  |TAMS 0x00000000c5100000| PB 0x00000000c5100000| Untracked |  0
|  24|0x00000000c5200000, 0x00000000c5200000, 0x00000000c5300000|  0%| F|  |TAMS 0x00000000c5200000| PB 0x00000000c5200000| Untracked |  0
|  25|0x00000000c5300000, 0x00000000c5300000, 0x00000000c5400000|  0%| F|  |TAMS 0x00000000c5300000| PB 0x00000000c5300000| Untracked |  0
|  26|0x00000000c5400000, 0x00000000c5400000, 0x00000000c5500000|  0%| F|  |TAMS 0x00000000c5400000| PB 0x00000000c5400000| Untracked |  0
|  27|0x00000000c5500000, 0x00000000c5500000, 0x00000000c5600000|  0%| F|  |TAMS 0x00000000c5500000| PB 0x00000000c5500000| Untracked |  0
|  28|0x00000000c5600000, 0x00000000c5600000, 0x00000000c5700000|  0%| F|  |TAMS 0x00000000c5600000| PB 0x00000000c5600000| Untracked |  0
|  29|0x00000000c5700000, 0x00000000c5700000, 0x00000000c5800000|  0%| F|  |TAMS 0x00000000c5700000| PB 0x00000000c5700000| Untracked |  0
|  30|0x00000000c5800000, 0x00000000c5800000, 0x00000000c5900000|  0%| F|  |TAMS 0x00000000c5800000| PB 0x00000000c5800000| Untracked |  0
|  31|0x00000000c5900000, 0x00000000c5900000, 0x00000000c5a00000|  0%| F|  |TAMS 0x00000000c5900000| PB 0x00000000c5900000| Untracked |  0
|  32|0x00000000c5a00000, 0x00000000c5a00000, 0x00000000c5b00000|  0%| F|  |TAMS 0x00000000c5a00000| PB 0x00000000c5a00000| Untracked |  0
|  33|0x00000000c5b00000, 0x00000000c5b00000, 0x00000000c5c00000|  0%| F|  |TAMS 0x00000000c5b00000| PB 0x00000000c5b00000| Untracked |  0
|  34|0x00000000c5c00000, 0x00000000c5c00000, 0x00000000c5d00000|  0%| F|  |TAMS 0x00000000c5c00000| PB 0x00000000c5c00000| Untracked |  0
|  35|0x00000000c5d00000, 0x00000000c5d00000, 0x00000000c5e00000|  0%| F|  |TAMS 0x00000000c5d00000| PB 0x00000000c5d00000| Untracked |  0
|  36|0x00000000c5e00000, 0x00000000c5e00000, 0x00000000c5f00000|  0%| F|  |TAMS 0x00000000c5e00000| PB 0x00000000c5e00000| Untracked |  0
|  37|0x00000000c5f00000, 0x00000000c5f00000, 0x00000000c6000000|  0%| F|  |TAMS 0x00000000c5f00000| PB 0x00000000c5f00000| Untracked |  0
|  38|0x00000000c6000000, 0x00000000c6000000, 0x00000000c6100000|  0%| F|  |TAMS 0x00000000c6000000| PB 0x00000000c6000000| Untracked |  0
|  39|0x00000000c6100000, 0x00000000c6100000, 0x00000000c6200000|  0%| F|  |TAMS 0x00000000c6100000| PB 0x00000000c6100000| Untracked |  0
|  40|0x00000000c6200000, 0x00000000c6200000, 0x00000000c6300000|  0%| F|  |TAMS 0x00000000c6200000| PB 0x00000000c6200000| Untracked |  0
|  41|0x00000000c6300000, 0x00000000c6300000, 0x00000000c6400000|  0%| F|  |TAMS 0x00000000c6300000| PB 0x00000000c6300000| Untracked |  0
|  42|0x00000000c6400000, 0x00000000c6400000, 0x00000000c6500000|  0%| F|  |TAMS 0x00000000c6400000| PB 0x00000000c6400000| Untracked |  0
|  43|0x00000000c6500000, 0x00000000c6500000, 0x00000000c6600000|  0%| F|  |TAMS 0x00000000c6500000| PB 0x00000000c6500000| Untracked |  0
|  44|0x00000000c6600000, 0x00000000c6600000, 0x00000000c6700000|  0%| F|  |TAMS 0x00000000c6600000| PB 0x00000000c6600000| Untracked |  0
|  45|0x00000000c6700000, 0x00000000c6772718, 0x00000000c6800000| 44%| S|CS|TAMS 0x00000000c6700000| PB 0x00000000c6700000| Complete |  0
|  46|0x00000000c6800000, 0x00000000c6800000, 0x00000000c6900000|  0%| F|  |TAMS 0x00000000c6800000| PB 0x00000000c6800000| Untracked |  0
|  47|0x00000000c6900000, 0x00000000c6900000, 0x00000000c6a00000|  0%| F|  |TAMS 0x00000000c6900000| PB 0x00000000c6900000| Untracked |  0
|  48|0x00000000c6a00000, 0x00000000c6b00000, 0x00000000c6b00000|100%| S|CS|TAMS 0x00000000c6a00000| PB 0x00000000c6a00000| Complete |  0
|  49|0x00000000c6b00000, 0x00000000c6b00000, 0x00000000c6c00000|  0%| F|  |TAMS 0x00000000c6b00000| PB 0x00000000c6b00000| Untracked |  0
|  50|0x00000000c6c00000, 0x00000000c6c00000, 0x00000000c6d00000|  0%| F|  |TAMS 0x00000000c6c00000| PB 0x00000000c6c00000| Untracked |  0
|  51|0x00000000c6d00000, 0x00000000c6d00000, 0x00000000c6e00000|  0%| F|  |TAMS 0x00000000c6d00000| PB 0x00000000c6d00000| Untracked |  0
|  52|0x00000000c6e00000, 0x00000000c6e00000, 0x00000000c6f00000|  0%| F|  |TAMS 0x00000000c6e00000| PB 0x00000000c6e00000| Untracked |  0
|  53|0x00000000c6f00000, 0x00000000c6f00000, 0x00000000c7000000|  0%| F|  |TAMS 0x00000000c6f00000| PB 0x00000000c6f00000| Untracked |  0
|  54|0x00000000c7000000, 0x00000000c7000000, 0x00000000c7100000|  0%| F|  |TAMS 0x00000000c7000000| PB 0x00000000c7000000| Untracked |  0
|  55|0x00000000c7100000, 0x00000000c7100000, 0x00000000c7200000|  0%| F|  |TAMS 0x00000000c7100000| PB 0x00000000c7100000| Untracked |  0
|  56|0x00000000c7200000, 0x00000000c7200000, 0x00000000c7300000|  0%| F|  |TAMS 0x00000000c7200000| PB 0x00000000c7200000| Untracked |  0
|  57|0x00000000c7300000, 0x00000000c7300000, 0x00000000c7400000|  0%| F|  |TAMS 0x00000000c7300000| PB 0x00000000c7300000| Untracked |  0
|  58|0x00000000c7400000, 0x00000000c7400000, 0x00000000c7500000|  0%| F|  |TAMS 0x00000000c7400000| PB 0x00000000c7400000| Untracked |  0
|  59|0x00000000c7500000, 0x00000000c756a1c8, 0x00000000c7600000| 41%| E|  |TAMS 0x00000000c7500000| PB 0x00000000c7500000| Complete |  0
|  60|0x00000000c7600000, 0x00000000c7700000, 0x00000000c7700000|100%| E|CS|TAMS 0x00000000c7600000| PB 0x00000000c7600000| Complete |  0
|  61|0x00000000c7700000, 0x00000000c7800000, 0x00000000c7800000|100%| E|CS|TAMS 0x00000000c7700000| PB 0x00000000c7700000| Complete |  0

Card table byte_map: [0x0000026f72f10000,0x0000026f73100000] _byte_map_base: 0x0000026f728f3000

Marking Bits: (CMBitMap*) 0x0000026f5b622f70
 Bits: [0x0000026f73100000, 0x0000026f74018000)

Polling page: 0x0000026f595d0000

Metaspace:

Usage:
  Non-class:      6.90 MB used.
      Class:    822.98 KB used.
       Both:      7.70 MB used.

Virtual space:
  Non-class space:       64.00 MB reserved,       7.00 MB ( 11%) committed,  1 nodes.
      Class space:        1.00 GB reserved,     960.00 KB ( <1%) committed,  1 nodes.
             Both:        1.06 GB reserved,       7.94 MB ( <1%) committed. 

Chunk freelists:
   Non-Class:  9.00 MB
       Class:  15.11 MB
        Both:  24.11 MB

MaxMetaspaceSize: unlimited
CompressedClassSpaceSize: 1.00 GB
Initial GC threshold: 21.00 MB
Current GC threshold: 21.00 MB
CDS: on
 - commit_granule_bytes: 65536.
 - commit_granule_words: 8192.
 - virtual_space_node_default_size: 8388608.
 - enlarge_chunks_in_place: 1.
 - use_allocation_guard: 0.


Internal statistics:

num_allocs_failed_limit: 0.
num_arena_births: 150.
num_arena_deaths: 0.
num_vsnodes_births: 2.
num_vsnodes_deaths: 0.
num_space_committed: 127.
num_space_uncommitted: 0.
num_chunks_returned_to_freelist: 0.
num_chunks_taken_from_freelist: 190.
num_chunk_merges: 0.
num_chunk_splits: 112.
num_chunks_enlarged: 41.
num_inconsistent_stats: 0.

CodeHeap 'non-profiled nmethods': size=120064Kb used=473Kb max_used=473Kb free=119590Kb
 bounds [0x0000026f6b7e0000, 0x0000026f6ba50000, 0x0000026f72d20000]
CodeHeap 'profiled nmethods': size=120000Kb used=2348Kb max_used=2348Kb free=117651Kb
 bounds [0x0000026f63d20000, 0x0000026f63f90000, 0x0000026f6b250000]
CodeHeap 'non-nmethods': size=5696Kb used=1679Kb max_used=1703Kb free=4016Kb
 bounds [0x0000026f6b250000, 0x0000026f6b4c0000, 0x0000026f6b7e0000]
CodeCache: size=245760Kb, used=4500Kb, max_used=4524Kb, free=241257Kb
 total_blobs=2307, nmethods=1688, adapters=525, full_count=0
Compilation: enabled, stopped_count=0, restarted_count=0

Compilation events (20 events):
Event: 6862.780 Thread 0x0000026f41196b50 nmethod 1679 0x0000026f63f65508 code [0x0000026f63f65620, 0x0000026f63f65728]
Event: 6862.780 Thread 0x0000026f41196b50 1680       3       jdk.internal.org.objectweb.asm.MethodWriter::computeMethodInfoSize (571 bytes)
Event: 6862.790 Thread 0x0000026f41196b50 nmethod 1680 0x0000026f63f65808 code [0x0000026f63f65ac0, 0x0000026f63f668b0]
Event: 6862.791 Thread 0x0000026f41196b50 1681       3       jdk.internal.org.objectweb.asm.MethodWriter::hasFrames (13 bytes)
Event: 6862.791 Thread 0x0000026f41196b50 nmethod 1681 0x0000026f63f66908 code [0x0000026f63f66a20, 0x0000026f63f66b78]
Event: 6862.791 Thread 0x0000026f41196b50 1682       3       jdk.internal.org.objectweb.asm.MethodWriter::putMethodInfo (1274 bytes)
Event: 6862.801 Thread 0x0000026f41196b50 nmethod 1682 0x0000026f63f66c08 code [0x0000026f63f672a0, 0x0000026f63f698f8]
Event: 6862.963 Thread 0x0000026f41196b50 1683       1       sun.awt.image.BufImgVolatileSurfaceManager::isAccelerationEnabled (2 bytes)
Event: 6862.963 Thread 0x0000026f41196b50 nmethod 1683 0x0000026f6b855d88 code [0x0000026f6b855ea0, 0x0000026f6b855f68]
Event: 6863.876 Thread 0x0000026f41196b50 1684       3       java.beans.PropertyChangeSupport::firePropertyChange (35 bytes)
Event: 6863.881 Thread 0x0000026f41195f70 1686       4       java.util.HashMap$HashIterator::hasNext (13 bytes)
Event: 6863.885 Thread 0x0000026f41196b50 nmethod 1684 0x0000026f63f69988 code [0x0000026f63f69b00, 0x0000026f63f6a268]
Event: 6863.885 Thread 0x0000026f41196b50 1685   !   3       java.awt.Toolkit::setDesktopProperty (81 bytes)
Event: 6863.892 Thread 0x0000026f41196b50 nmethod 1685 0x0000026f63f6a308 code [0x0000026f63f6a4a0, 0x0000026f63f6ad30]
Event: 6863.892 Thread 0x0000026f41195f70 nmethod 1686 0x0000026f6b856088 code [0x0000026f6b856180, 0x0000026f6b856200]
Event: 6971.565 Thread 0x0000026f41196b50 1687       3       java.util.concurrent.locks.LockSupport::setBlocker (12 bytes)
Event: 6971.587 Thread 0x0000026f41196b50 nmethod 1687 0x0000026f63f6ad88 code [0x0000026f63f6aea0, 0x0000026f63f6b0a8]
Event: 7122.166 Thread 0x0000026f41196b50 1688       1       java.awt.color.ColorSpace::getType (5 bytes)
Event: 7122.174 Thread 0x0000026f41196b50 nmethod 1688 0x0000026f6b856388 code [0x0000026f6b8564a0, 0x0000026f6b856568]
Event: 7122.341 Thread 0x0000026f41196b50 1689       3       java.awt.geom.AffineTransform::equals (104 bytes)

GC Heap History (4 events):
Event: 0.479 GC heap before
{Heap before GC invocations=0 (full 0):
 garbage-first heap   total reserved 989184K, committed 63488K, used 23552K [0x00000000c3a00000, 0x0000000100000000)
  region size 1024K, 14 young (14336K), 0 survivors (0K)
 Metaspace       used 4849K, committed 5056K, reserved 1114112K
  class space    used 513K, committed 640K, reserved 1048576K
}
Event: 0.484 GC heap after
{Heap after GC invocations=1 (full 0):
 garbage-first heap   total reserved 989184K, committed 63488K, used 11785K [0x00000000c3a00000, 0x0000000100000000)
  region size 1024K, 2 young (2048K), 2 survivors (2048K)
 Metaspace       used 4849K, committed 5056K, reserved 1114112K
  class space    used 513K, committed 640K, reserved 1048576K
}
Event: 28.949 GC heap before
{Heap before GC invocations=1 (full 0):
 garbage-first heap   total reserved 989184K, committed 63488K, used 29193K [0x00000000c3a00000, 0x0000000100000000)
  region size 1024K, 15 young (15360K), 2 survivors (2048K)
 Metaspace       used 7527K, committed 7744K, reserved 1114112K
  class space    used 794K, committed 896K, reserved 1048576K
}
Event: 28.957 GC heap after
{Heap after GC invocations=2 (full 0):
 garbage-first heap   total reserved 989184K, committed 63488K, used 18332K [0x00000000c3a00000, 0x0000000100000000)
  region size 1024K, 2 young (2048K), 2 survivors (2048K)
 Metaspace       used 7527K, committed 7744K, reserved 1114112K
  class space    used 794K, committed 896K, reserved 1048576K
}

Dll operation events (10 events):
Event: 0.018 Loaded shared library C:\Program Files\Java\jdk-23\bin\java.dll
Event: 0.062 Loaded shared library C:\Program Files\Java\jdk-23\bin\jsvml.dll
Event: 0.093 Loaded shared library C:\Program Files\Java\jdk-23\bin\net.dll
Event: 0.095 Loaded shared library C:\Program Files\Java\jdk-23\bin\nio.dll
Event: 0.118 Loaded shared library C:\Program Files\Java\jdk-23\bin\zip.dll
Event: 0.134 Loaded shared library C:\Program Files\Java\jdk-23\bin\jimage.dll
Event: 0.150 Loaded shared library C:\Program Files\Java\jdk-23\bin\awt.dll
Event: 0.437 Loaded shared library C:\Program Files\Java\jdk-23\bin\javajpeg.dll
Event: 0.551 Loaded shared library C:\Program Files\Java\jdk-23\bin\freetype.dll
Event: 0.552 Loaded shared library C:\Program Files\Java\jdk-23\bin\fontmanager.dll

Deoptimization events (20 events):
Event: 1.352 Thread 0x0000026f46800620 DEOPT PACKING pc=0x0000026f6b833c70 sp=0x0000007f5cdfce00
Event: 1.352 Thread 0x0000026f46800620 DEOPT UNPACKING pc=0x0000026f6b2a7982 sp=0x0000007f5cdfcd18 mode 2
Event: 2.577 Thread 0x0000026f46800620 DEOPT PACKING pc=0x0000026f63e334f9 sp=0x0000007f5cdfd430
Event: 2.577 Thread 0x0000026f46800620 DEOPT UNPACKING pc=0x0000026f6b2a84c2 sp=0x0000007f5cdfc900 mode 0
Event: 2.578 Thread 0x0000026f46800620 DEOPT PACKING pc=0x0000026f63e334f9 sp=0x0000007f5cdfd430
Event: 2.578 Thread 0x0000026f46800620 DEOPT UNPACKING pc=0x0000026f6b2a84c2 sp=0x0000007f5cdfc900 mode 0
Event: 28.960 Thread 0x0000026f46800620 Uncommon trap: trap_request=0xffffff45 fr.pc=0x0000026f6b83d9e0 relative=0x0000000000000060
Event: 28.960 Thread 0x0000026f46800620 Uncommon trap: reason=unstable_if action=reinterpret pc=0x0000026f6b83d9e0 method=java.lang.ref.ReferenceQueue.poll()Ljava/lang/ref/Reference; @ 4 c2
Event: 28.960 Thread 0x0000026f46800620 DEOPT PACKING pc=0x0000026f6b83d9e0 sp=0x0000007f5cdfd3c0
Event: 28.960 Thread 0x0000026f46800620 DEOPT UNPACKING pc=0x0000026f6b2a7982 sp=0x0000007f5cdfd350 mode 2
Event: 30.369 Thread 0x0000026f46800620 Uncommon trap: trap_request=0xffffffde fr.pc=0x0000026f6b828b8c relative=0x00000000000002cc
Event: 30.369 Thread 0x0000026f46800620 Uncommon trap: reason=class_check action=maybe_recompile pc=0x0000026f6b828b8c method=java.util.HashMap.getNode(Ljava/lang/Object;)Ljava/util/HashMap$Node; @ 128 c2
Event: 30.369 Thread 0x0000026f46800620 DEOPT PACKING pc=0x0000026f6b828b8c sp=0x0000007f5cdfe450
Event: 30.370 Thread 0x0000026f46800620 DEOPT UNPACKING pc=0x0000026f6b2a7982 sp=0x0000007f5cdfe358 mode 2
Event: 30.373 Thread 0x0000026f46800620 Uncommon trap: trap_request=0xffffffde fr.pc=0x0000026f6b828b8c relative=0x00000000000002cc
Event: 30.373 Thread 0x0000026f46800620 Uncommon trap: reason=class_check action=maybe_recompile pc=0x0000026f6b828b8c method=java.util.HashMap.getNode(Ljava/lang/Object;)Ljava/util/HashMap$Node; @ 128 c2
Event: 30.373 Thread 0x0000026f46800620 DEOPT PACKING pc=0x0000026f6b828b8c sp=0x0000007f5cdfe330
Event: 30.373 Thread 0x0000026f46800620 DEOPT UNPACKING pc=0x0000026f6b2a7982 sp=0x0000007f5cdfe238 mode 2
Event: 42.584 Thread 0x0000026f46800620 DEOPT PACKING pc=0x0000026f63ec8c5b sp=0x0000007f5cdfd490
Event: 42.584 Thread 0x0000026f46800620 DEOPT UNPACKING pc=0x0000026f6b2a84c2 sp=0x0000007f5cdfc928 mode 0

Classes loaded (20 events):
Event: 30.374 Loading class javax/swing/JWindow done
Event: 30.374 Loading class javax/swing/Popup$HeavyWeightWindow done
Event: 31.582 Loading class java/awt/LightweightDispatcher$2
Event: 31.582 Loading class java/awt/LightweightDispatcher$2 done
Event: 36.826 Loading class java/awt/Canvas
Event: 36.827 Loading class java/awt/Canvas done
Event: 36.827 Loading class java/awt/Scrollbar
Event: 36.828 Loading class java/awt/Adjustable
Event: 36.828 Loading class java/awt/Adjustable done
Event: 36.828 Loading class java/awt/Scrollbar done
Event: 6687.470 Loading class java/awt/desktop/SystemSleepListener
Event: 6687.497 Loading class java/awt/desktop/SystemEventListener
Event: 6687.518 Loading class java/awt/desktop/SystemEventListener done
Event: 6687.527 Loading class java/awt/desktop/SystemSleepListener done
Event: 6862.335 Loading class java/util/WeakHashMap$KeyIterator
Event: 6862.606 Loading class java/util/WeakHashMap$HashIterator
Event: 6862.758 Loading class java/util/WeakHashMap$HashIterator done
Event: 6862.758 Loading class java/util/WeakHashMap$KeyIterator done
Event: 6863.349 Loading class javax/swing/RepaintManager$DisplayChangedRunnable
Event: 6863.433 Loading class javax/swing/RepaintManager$DisplayChangedRunnable done

Classes unloaded (0 events):
No events

Classes redefined (0 events):
No events

Internal exceptions (14 events):
Event: 0.096 Thread 0x0000026f592eff60 Exception <a 'sun/nio/fs/WindowsException'{0x00000000c769e2a8}> (0x00000000c769e2a8) 
thrown [s\open\src\hotspot\share\prims\jni.cpp, line 520]
Event: 0.098 Thread 0x0000026f592eff60 Exception <a 'sun/nio/fs/WindowsException'{0x00000000c76a08d0}> (0x00000000c76a08d0) 
thrown [s\open\src\hotspot\share\prims\jni.cpp, line 520]
Event: 0.098 Thread 0x0000026f592eff60 Exception <a 'sun/nio/fs/WindowsException'{0x00000000c76a13d8}> (0x00000000c76a13d8) 
thrown [s\open\src\hotspot\share\prims\jni.cpp, line 520]
Event: 0.141 Thread 0x0000026f592eff60 Exception <a 'java/lang/ClassNotFoundException'{0x00000000c756dbf0}: sun/awt/resources/spi/awtProvider> (0x00000000c756dbf0) 
thrown [s\open\src\hotspot\share\classfile\systemDictionary.cpp, line 313]
Event: 0.161 Thread 0x0000026f592eff60 Exception <a 'java/io/FileNotFoundException'{0x00000000c75c1a68}> (0x00000000c75c1a68) 
thrown [s\open\src\hotspot\share\prims\jni.cpp, line 520]
Event: 0.168 Thread 0x0000026f592eff60 Exception <a 'java/io/FileNotFoundException'{0x00000000c75efde8}> (0x00000000c75efde8) 
thrown [s\open\src\hotspot\share\prims\jni.cpp, line 520]
Event: 0.274 Thread 0x0000026f592eff60 Exception <a 'java/lang/NoSuchMethodError'{0x00000000c748a330}: 'void java.lang.invoke.DirectMethodHandle$Holder.invokeSpecial(java.lang.Object, java.lang.Object, java.lang.Object)'> (0x00000000c748a330) 
thrown [s\open\src\hotspot\share\interpreter\linkResolver.cpp, line 796]
Event: 0.298 Thread 0x0000026f592eff60 Exception <a 'java/lang/NoSuchMethodError'{0x00000000c734aa38}: 'java.lang.Object java.lang.invoke.DirectMethodHandle$Holder.invokeStatic(java.lang.Object, int, java.lang.Object)'> (0x00000000c734aa38) 
thrown [s\open\src\hotspot\share\interpreter\linkResolver.cpp, line 796]
Event: 0.324 Thread 0x0000026f592eff60 Exception <a 'java/lang/ClassNotFoundException'{0x00000000c73f1bd0}: com/sun/swing/internal/plaf/metal/resources/spi/metalProvider> (0x00000000c73f1bd0) 
thrown [s\open\src\hotspot\share\classfile\systemDictionary.cpp, line 313]
Event: 0.325 Thread 0x0000026f592eff60 Exception <a 'java/lang/ClassNotFoundException'{0x00000000c73f5b90}: com/sun/swing/internal/plaf/basic/resources/spi/basicProvider> (0x00000000c73f5b90) 
thrown [s\open\src\hotspot\share\classfile\systemDictionary.cpp, line 313]
Event: 0.342 Thread 0x0000026f592eff60 Exception <a 'java/lang/NoSuchMethodError'{0x00000000c7215830}: 'int java.lang.invoke.Invokers$Holder.invokeExact_MT(java.lang.Object, java.lang.Object)'> (0x00000000c7215830) 
thrown [s\open\src\hotspot\share\interpreter\linkResolver.cpp, line 796]
Event: 0.439 Thread 0x0000026f41426e20 Exception <a 'java/lang/NoSuchMethodError'{0x00000000c71edd30}: 'java.lang.Object java.lang.invoke.DirectMethodHandle$Holder.newInvokeSpecial(java.lang.Object, java.lang.Object, java.lang.Object, int, int, int, int, int)'> (0x00000000c71edd30) 
thrown [s\open\src\hotspot\share\interpreter\linkResolver.cpp, line 796]
Event: 0.515 Thread 0x0000026f415136d0 Exception <a 'java/lang/NoSuchMethodError'{0x00000000c752f180}: 'void java.lang.invoke.DirectMethodHandle$Holder.invokeVirtual(java.lang.Object, java.lang.Object)'> (0x00000000c752f180) 
thrown [s\open\src\hotspot\share\interpreter\linkResolver.cpp, line 796]
Event: 0.545 Thread 0x0000026f592eff60 Exception <a 'java/lang/NoSuchMethodError'{0x00000000c7524e98}: 'void java.lang.invoke.DirectMethodHandle$Holder.invokeStaticInit(java.lang.Object)'> (0x00000000c7524e98) 
thrown [s\open\src\hotspot\share\interpreter\linkResolver.cpp, line 796]

VM Operations (20 events):
Event: 0.177 Executing VM operation: HandshakeAllThreads (Deoptimize)
Event: 0.177 Executing VM operation: HandshakeAllThreads (Deoptimize) done
Event: 0.423 Executing VM operation: HandshakeAllThreads (Deoptimize)
Event: 0.423 Executing VM operation: HandshakeAllThreads (Deoptimize) done
Event: 0.461 Executing VM operation: HandshakeAllThreads (Deoptimize)
Event: 0.461 Executing VM operation: HandshakeAllThreads (Deoptimize) done
Event: 0.479 Executing VM operation: G1CollectForAllocation (G1 Evacuation Pause)
Event: 0.484 Executing VM operation: G1CollectForAllocation (G1 Evacuation Pause) done
Event: 0.499 Executing VM operation: HandshakeAllThreads (Deoptimize)
Event: 0.499 Executing VM operation: HandshakeAllThreads (Deoptimize) done
Event: 28.949 Executing VM operation: G1CollectForAllocation (G1 Evacuation Pause)
Event: 28.957 Executing VM operation: G1CollectForAllocation (G1 Evacuation Pause) done
Event: 60.079 Executing VM operation: HandshakeAllThreads (HandshakeForDeflation)
Event: 60.079 Executing VM operation: HandshakeAllThreads (HandshakeForDeflation) done
Event: 60.079 Executing VM operation: RendezvousGCThreads
Event: 60.079 Executing VM operation: RendezvousGCThreads done
Event: 6910.666 Executing VM operation: HandshakeAllThreads (HandshakeForDeflation)
Event: 6910.670 Executing VM operation: HandshakeAllThreads (HandshakeForDeflation) done
Event: 6910.671 Executing VM operation: RendezvousGCThreads
Event: 6910.671 Executing VM operation: RendezvousGCThreads done

Memory protections (0 events):
No events

Nmethod flushes (0 events):
No events

Events (20 events):
Event: 0.059 Thread 0x0000026f592eff60 Thread added: 0x0000026f4117fcc0
Event: 0.059 Thread 0x0000026f592eff60 Thread added: 0x0000026f41182730
Event: 0.059 Thread 0x0000026f592eff60 Thread added: 0x0000026f41185a10
Event: 0.059 Thread 0x0000026f592eff60 Thread added: 0x0000026f41186470
Event: 0.059 Thread 0x0000026f592eff60 Thread added: 0x0000026f4118eee0
Event: 0.060 Thread 0x0000026f592eff60 Thread added: 0x0000026f41191a80
Event: 0.060 Thread 0x0000026f592eff60 Thread added: 0x0000026f41195f70
Event: 0.060 Thread 0x0000026f592eff60 Thread added: 0x0000026f41196b50
Event: 0.082 Thread 0x0000026f592eff60 Thread added: 0x0000026f412a2d40
Event: 0.112 Thread 0x0000026f592eff60 Thread added: 0x0000026f41373e40
Event: 0.116 Thread 0x0000026f41196b50 Thread added: 0x0000026f41426e20
Event: 0.214 Thread 0x0000026f592eff60 Thread added: 0x0000026f4150b2e0
Event: 0.215 Thread 0x0000026f592eff60 Thread added: 0x0000026f4150e670
Event: 0.217 Thread 0x0000026f592eff60 Thread added: 0x0000026f415136d0
Event: 0.337 Thread 0x0000026f41426e20 Thread exited: 0x0000026f41426e20
Event: 0.353 Thread 0x0000026f592eff60 Thread added: 0x0000026f41426e20
Event: 0.519 Thread 0x0000026f415136d0 Thread added: 0x0000026f46800620
Event: 0.628 Thread 0x0000026f592eff60 Thread exited: 0x0000026f592eff60
Event: 0.628 Thread 0x0000026f592eff60 Thread added: 0x0000026f592eff60
Event: 5.501 Thread 0x0000026f41426e20 Thread exited: 0x0000026f41426e20


Dynamic libraries:
0x00007ff606fd0000 - 0x00007ff606fe0000 	C:\Program Files\Java\jdk-23\bin\java.exe
0x00007ffdaf0e0000 - 0x00007ffdaf345000 	C:\WINDOWS\SYSTEM32\ntdll.dll
0x00007ffdad560000 - 0x00007ffdad629000 	C:\WINDOWS\System32\KERNEL32.DLL
0x00007ffdac230000 - 0x00007ffdac618000 	C:\WINDOWS\System32\KERNELBASE.dll
0x00007ffda8e10000 - 0x00007ffda8eae000 	C:\WINDOWS\SYSTEM32\apphelp.dll
0x00007ffdac860000 - 0x00007ffdac9ab000 	C:\WINDOWS\System32\ucrtbase.dll
0x00007ffd978f0000 - 0x00007ffd9790b000 	C:\Program Files\Java\jdk-23\bin\VCRUNTIME140.dll
0x00007ffd97640000 - 0x00007ffd97657000 	C:\Program Files\Java\jdk-23\bin\jli.dll
0x00007ffdae550000 - 0x00007ffdae71a000 	C:\WINDOWS\System32\USER32.dll
0x00007ffd944e0000 - 0x00007ffd9477a000 	C:\WINDOWS\WinSxS\amd64_microsoft.windows.common-controls_6595b64144ccf1df_6.0.26100.4202_none_3e0698d4e335f517\COMCTL32.dll
0x00007ffdac830000 - 0x00007ffdac857000 	C:\WINDOWS\System32\win32u.dll
0x00007ffdadeb0000 - 0x00007ffdadf59000 	C:\WINDOWS\System32\msvcrt.dll
0x00007ffdaefe0000 - 0x00007ffdaf00b000 	C:\WINDOWS\System32\GDI32.dll
0x00007ffdaca60000 - 0x00007ffdacb97000 	C:\WINDOWS\System32\gdi32full.dll
0x00007ffdac9b0000 - 0x00007ffdaca53000 	C:\WINDOWS\System32\msvcp_win.dll
0x00007ffdae430000 - 0x00007ffdae460000 	C:\WINDOWS\System32\IMM32.DLL
0x00007ffda4290000 - 0x00007ffda429c000 	C:\Program Files\Java\jdk-23\bin\vcruntime140_1.dll
0x00007ffd85c90000 - 0x00007ffd85d1e000 	C:\Program Files\Java\jdk-23\bin\msvcp140.dll
0x00007ffd13570000 - 0x00007ffd142c0000 	C:\Program Files\Java\jdk-23\bin\server\jvm.dll
0x00007ffdadd70000 - 0x00007ffdade23000 	C:\WINDOWS\System32\ADVAPI32.dll
0x00007ffdae060000 - 0x00007ffdae106000 	C:\WINDOWS\System32\sechost.dll
0x00007ffdad290000 - 0x00007ffdad3a5000 	C:\WINDOWS\System32\RPCRT4.dll
0x00007ffdace80000 - 0x00007ffdacef4000 	C:\WINDOWS\System32\WS2_32.dll
0x00007ffdac0a0000 - 0x00007ffdac0fe000 	C:\WINDOWS\SYSTEM32\POWRPROF.dll
0x00007ffda4630000 - 0x00007ffda463b000 	C:\WINDOWS\SYSTEM32\VERSION.dll
0x00007ffd94eb0000 - 0x00007ffd94ee5000 	C:\WINDOWS\SYSTEM32\WINMM.dll
0x00007ffdac080000 - 0x00007ffdac094000 	C:\WINDOWS\SYSTEM32\UMPDC.dll
0x00007ffdaaff0000 - 0x00007ffdab00b000 	C:\WINDOWS\SYSTEM32\kernel.appcore.dll
0x00007ffd9ae60000 - 0x00007ffd9ae6a000 	C:\Program Files\Java\jdk-23\bin\jimage.dll
0x00007ffda9af0000 - 0x00007ffda9d31000 	C:\WINDOWS\SYSTEM32\DBGHELP.DLL
0x00007ffdacf00000 - 0x00007ffdad285000 	C:\WINDOWS\System32\combase.dll
0x00007ffdae730000 - 0x00007ffdae811000 	C:\WINDOWS\System32\OLEAUT32.dll
0x00007ffd90bc0000 - 0x00007ffd90bf9000 	C:\WINDOWS\SYSTEM32\dbgcore.DLL
0x00007ffdacc60000 - 0x00007ffdaccf9000 	C:\WINDOWS\System32\bcryptPrimitives.dll
0x00007ffd978d0000 - 0x00007ffd978ee000 	C:\Program Files\Java\jdk-23\bin\java.dll
0x00007ffdae110000 - 0x00007ffdae2ae000 	C:\WINDOWS\System32\ole32.dll
0x00007ffdae890000 - 0x00007ffdaefd2000 	C:\WINDOWS\System32\SHELL32.dll
0x00007ffdacd00000 - 0x00007ffdace74000 	C:\WINDOWS\System32\wintypes.dll
0x00007ffda9ed0000 - 0x00007ffdaa728000 	C:\WINDOWS\SYSTEM32\windows.storage.dll
0x00007ffdadf60000 - 0x00007ffdae051000 	C:\WINDOWS\System32\SHCORE.dll
0x00007ffdad3b0000 - 0x00007ffdad41a000 	C:\WINDOWS\System32\shlwapi.dll
0x00007ffdac140000 - 0x00007ffdac16f000 	C:\WINDOWS\SYSTEM32\profapi.dll
0x00007ffd88100000 - 0x00007ffd881d7000 	C:\Program Files\Java\jdk-23\bin\jsvml.dll
0x00007ffd9a1e0000 - 0x00007ffd9a1f0000 	C:\Program Files\Java\jdk-23\bin\net.dll
0x00007ffdab560000 - 0x00007ffdab5ca000 	C:\WINDOWS\system32\mswsock.dll
0x00007ffd97560000 - 0x00007ffd97576000 	C:\Program Files\Java\jdk-23\bin\nio.dll
0x00007ffd97290000 - 0x00007ffd972a7000 	C:\Program Files\Java\jdk-23\bin\zip.dll
0x00007ffd852c0000 - 0x00007ffd8544e000 	C:\Program Files\Java\jdk-23\bin\awt.dll
0x00007ffda9470000 - 0x00007ffda94a6000 	C:\WINDOWS\system32\DWMAPI.DLL
0x00007ffda8ff0000 - 0x00007ffda909f000 	C:\WINDOWS\system32\uxtheme.dll
0x00007ffd83fe0000 - 0x00007ffd840f4000 	C:\WINDOWS\system32\opengl32.dll
0x00007ffd99d40000 - 0x00007ffd99d6d000 	C:\WINDOWS\SYSTEM32\GLU32.dll
0x00007ffda9150000 - 0x00007ffda919d000 	C:\WINDOWS\SYSTEM32\dxcore.dll
0x00007ffdae2c0000 - 0x00007ffdae420000 	C:\WINDOWS\System32\MSCTF.dll
0x00007ffd975e0000 - 0x00007ffd9760e000 	C:\Program Files\Java\jdk-23\bin\javajpeg.dll
0x00007ffd85c00000 - 0x00007ffd85c87000 	C:\Program Files\Java\jdk-23\bin\freetype.dll
0x00007ffd80ac0000 - 0x00007ffd80b97000 	C:\Program Files\Java\jdk-23\bin\fontmanager.dll
0x00007ffd9cb00000 - 0x00007ffd9cc50000 	C:\WINDOWS\SYSTEM32\textinputframework.dll
0x00007ffda8b40000 - 0x00007ffda8c65000 	C:\WINDOWS\SYSTEM32\CoreMessaging.dll
0x00007ffda34a0000 - 0x00007ffda3783000 	C:\WINDOWS\SYSTEM32\CoreUIComponents.dll
0x00007ffdab830000 - 0x00007ffdab83c000 	C:\WINDOWS\SYSTEM32\CRYPTBASE.DLL
0x00007ffd83380000 - 0x00007ffd833fc000 	C:\WINDOWS\system32\Ninput.dll
0x00007ffd8c4e0000 - 0x00007ffd8c593000 	C:\WINDOWS\SYSTEM32\TextShaping.dll

dbghelp: loaded successfully - version: 4.0.5 - missing functions: none
symbol engine: initialized successfully - sym options: 0x614 - pdb path: .;C:\Program Files\Java\jdk-23\bin;C:\WINDOWS\SYSTEM32;C:\WINDOWS\WinSxS\amd64_microsoft.windows.common-controls_6595b64144ccf1df_6.0.26100.4202_none_3e0698d4e335f517;C:\Program Files\Java\jdk-23\bin\server

VM Arguments:
jvm_args: -Dfile.encoding=UTF-8 --module-path=C:\Users\MY PC\Documents\NetBeansProjects\Bank Management System\build\classes 
java_command: bank.management.system.Transactions
java_class_path (initial): C:\Users\MY PC\Downloads\jcalendar-tz-1.3.3-4.jar;C:\Users\MY PC\Downloads\mysql-connector-java-8.0.28.jar;C:\Users\MY PC\Documents\NetBeansProjects\Bank Management System\build\classes
Launcher Type: SUN_STANDARD

[Global flags]
     intx CICompilerCount                          = 3                                         {product} {ergonomic}
     uint ConcGCThreads                            = 1                                         {product} {ergonomic}
     uint G1ConcRefinementThreads                  = 4                                         {product} {ergonomic}
   size_t G1HeapRegionSize                         = 1048576                                   {product} {ergonomic}
   size_t InitialHeapSize                          = 65011712                                  {product} {ergonomic}
   size_t MarkStackSize                            = 4194304                                   {product} {ergonomic}
   size_t MarkStackSizeMax                         = 536870912                                 {product} {ergonomic}
   size_t MaxHeapSize                              = 1012924416                                {product} {ergonomic}
   size_t MaxNewSize                               = 607125504                                 {product} {ergonomic}
   size_t MinHeapDeltaBytes                        = 1048576                                   {product} {ergonomic}
   size_t MinHeapSize                              = 8388608                                   {product} {ergonomic}
    uintx NonNMethodCodeHeapSize                   = 5832704                                {pd product} {ergonomic}
    uintx NonProfiledCodeHeapSize                  = 122945536                              {pd product} {ergonomic}
    uintx ProfiledCodeHeapSize                     = 122880000                              {pd product} {ergonomic}
    uintx ReservedCodeCacheSize                    = 251658240                              {pd product} {ergonomic}
     bool SegmentedCodeCache                       = true                                      {product} {ergonomic}
   size_t SoftMaxHeapSize                          = 1012924416                             {manageable} {ergonomic}
     bool UseCompressedOops                        = true                           {product lp64_product} {ergonomic}
     bool UseG1GC                                  = true                                      {product} {ergonomic}
     bool UseLargePagesIndividualAllocation        = false                                  {pd product} {ergonomic}

Logging:
Log output configuration:
 #0: stdout all=warning uptime,level,tags foldmultilines=false
 #1: stderr all=off uptime,level,tags foldmultilines=false

Environment Variables:
PATH=C:\Program Files\Common Files\Oracle\Java\javapath;C:\WINDOWS\system32;C:\WINDOWS;C:\WINDOWS\System32\Wbem;C:\WINDOWS\System32\WindowsPowerShell\v1.0\;C:\WINDOWS\System32\OpenSSH\;C:\Program Files\Java\jdk-23\bin;C:\Program Files\nodejs\;C:\Program Files\Git\cmd;C:\Program Files\MySQL\MySQL Shell 8.0\bin\;C:\Users\MY PC\AppData\Local\Programs\Python\Python313\Scripts\;C:\Users\MY PC\AppData\Local\Programs\Python\Python313\;C:\Users\MY PC\AppData\Local\Microsoft\WindowsApps;C:\Users\MY PC\AppData\Local\Programs\Microsoft VS Code\bin;C:\Users\MY PC\AppData\Roaming\npm;C:\Program Files\JetBrains\IntelliJ IDEA Community Edition 2024.3.4.1\bin;;C:\Users\MY PC\AppData\Local\GitHubDesktop\bin;C:\Users\MY PC\Downloads\jdk-23_windows-x64_bin.exe;C:\Users\MY PC\Desktop\Flutter-Food-Delivery-App\android\flutter\bin;C:\flutter\src\flutter\bin;
USERNAME=MY PC
OS=Windows_NT
PROCESSOR_IDENTIFIER=Intel64 Family 6 Model 126 Stepping 5, GenuineIntel
TMP=C:\Users\MYPC~1\AppData\Local\Temp
TEMP=C:\Users\MYPC~1\AppData\Local\Temp




Periodic native trim disabled

---------------  S Y S T E M  ---------------

OS:
 Windows 11 , 64 bit Build 26100 (10.0.26100.4202)
OS uptime: 0 days 9:04 hours

CPU: total 4 (initial active 4) (2 cores per cpu, 2 threads per core) family 6 model 126 stepping 5 microcode 0xc2, cx8, cmov, fxsr, ht, mmx, 3dnowpref, sse, sse2, sse3, ssse3, sse4.1, sse4.2, popcnt, lzcnt, tsc, tscinvbit, avx, avx2, aes, erms, clmul, bmi1, bmi2, adx, avx512f, avx512dq, avx512cd, avx512bw, avx512vl, sha, fma, vzeroupper, avx512_vpopcntdq, avx512_vpclmulqdq, avx512_vaes, avx512_vnni, clflush, clflushopt, avx512_vbmi2, avx512_vbmi, rdtscp, rdpid, fsrm, gfni, avx512_bitalg, f16c, pku, avx512_ifma
Processor Information for the first 4 processors :
  Max Mhz: 1190, Current Mhz: 1190, Mhz Limit: 1190

Memory: 4k page, system-wide physical 3863M (66M free)
TotalPageFile size 15639M (AvailPageFile size 0M)
current process WorkingSet (physical memory assigned to process): 10M, peak: 104M
current process commit charge ("private bytes"): 151M, peak: 157M

vm_info: Java HotSpot(TM) 64-Bit Server VM (23.0.2+7-58) for windows-amd64 JRE (23.0.2+7-58), built on 2024-11-29T09:34:55Z with MS VC++ 17.6 (VS2022)

END.
