#
# There is insufficient memory for the Java Runtime Environment to continue.
# Native memory allocation (malloc) failed to allocate 32744 bytes. Error detail: Chunk::new
# Possible reasons:
#   The system is out of physical RAM or swap space
#   This process is running with CompressedOops enabled, and the Java Heap may be blocking the growth of the native heap
# Possible solutions:
#   Reduce memory load on the system
#   Increase physical memory or swap space
#   Check if swap backing store is full
#   Decrease Java heap size (-Xmx/-Xms)
#   Decrease number of Java threads
#   Decrease Java thread stack sizes (-Xss)
#   Set larger code cache with -XX:ReservedCodeCacheSize=
#   JVM is running with Unscaled Compressed Oops mode in which the Java heap is
#     placed in the first 4GB address space. The Java Heap base address is the
#     maximum limit for the native heap growth. Please use -XX:HeapBaseMinAddress
#     to set the Java Heap base and to place the Java Heap above 4GB virtual address.
# This output file may be truncated or incomplete.
#
#  Out of Memory Error (arena.cpp:149), pid=13180, tid=14760
#
# JRE version: Java(TM) SE Runtime Environment (23.0.2+7) (build 23.0.2+7-58)
# Java VM: Java HotSpot(TM) 64-Bit Server VM (23.0.2+7-58, mixed mode, sharing, tiered, compressed oops, compressed class ptrs, g1 gc, windows-amd64)
# No core dump will be written. Minidumps are not enabled by default on client versions of Windows
#

---------------  S U M M A R Y ------------

Command Line: -Dfile.encoding=UTF-8 --module-path=C:\Users\MY PC\Documents\NetBeansProjects\Bank Management System\build\classes bank.management.system.BalanceEnquiry

Host: Intel(R) Core(TM) i3-1005G1 CPU @ 1.20GHz, 4 cores, 3G,  Windows 11 , 64 bit Build 26100 (10.0.26100.4202)
Time: Sat Jul 12 17:56:32 2025 India Standard Time elapsed time: 0.613323 seconds (0d 0h 0m 0s)

---------------  T H R E A D  ---------------

Current thread (0x0000015b403b4350):  JavaThread "C1 CompilerThread0" daemon [_thread_in_native, id=14760, stack(0x0000002455600000,0x0000002455700000) (1024K)]


Current CompileTask:
C1:613  691       3       sun.util.locale.BaseLocale::hashCode (169 bytes)

Stack: [0x0000002455600000,0x0000002455700000]
Native frames: (J=compiled Java code, j=interpreted, Vv=VM code, C=native code)
V  [jvm.dll+0x6e0b99]  (no source info available)
V  [jvm.dll+0x87e2b3]  (no source info available)
V  [jvm.dll+0x88073e]  (no source info available)
V  [jvm.dll+0x880e13]  (no source info available)
V  [jvm.dll+0x27b006]  (no source info available)
V  [jvm.dll+0xbc06f]  (no source info available)
V  [jvm.dll+0xbc2cb]  (no source info available)
V  [jvm.dll+0x1a76bc]  (no source info available)
V  [jvm.dll+0x14fea8]  (no source info available)
V  [jvm.dll+0x150173]  (no source info available)
V  [jvm.dll+0x1504db]  (no source info available)
V  [jvm.dll+0x14f8a8]  (no source info available)
V  [jvm.dll+0x1516ed]  (no source info available)
V  [jvm.dll+0x253df1]  (no source info available)
V  [jvm.dll+0x2520aa]  (no source info available)
V  [jvm.dll+0x3ee226]  (no source info available)
V  [jvm.dll+0x8254cb]  (no source info available)
V  [jvm.dll+0x6df345]  (no source info available)
C  [ucrtbase.dll+0x37b0]  (no source info available)
C  [KERNEL32.DLL+0x2e8d7]  (no source info available)
C  [ntdll.dll+0x3c34c]  (no source info available)

Lock stack of current Java thread (top to bottom):


---------------  P R O C E S S  ---------------

Threads class SMR info:
_java_thread_list=0x0000015b40735390, length=15, elements={
0x0000015b254cb820, 0x0000015b4038c3c0, 0x0000015b4038ea40, 0x0000015b4038f920,
0x0000015b4038ff90, 0x0000015b40390600, 0x0000015b40396dc0, 0x0000015b403b3c90,
0x0000015b403b4350, 0x0000015b4049b920, 0x0000015b405b5ec0, 0x0000015b406f6c90,
0x0000015b406fe580, 0x0000015b40702600, 0x0000015b407789d0
}

Java Threads: ( => current thread )
  0x0000015b254cb820 JavaThread "main"                              [_thread_blocked, id=9252, stack(0x0000002454700000,0x0000002454800000) (1024K)]
  0x0000015b4038c3c0 JavaThread "Reference Handler"          daemon [_thread_blocked, id=18224, stack(0x0000002454f00000,0x0000002455000000) (1024K)]
  0x0000015b4038ea40 JavaThread "Finalizer"                  daemon [_thread_blocked, id=5044, stack(0x0000002455000000,0x0000002455100000) (1024K)]
  0x0000015b4038f920 JavaThread "Signal Dispatcher"          daemon [_thread_blocked, id=18484, stack(0x0000002455100000,0x0000002455200000) (1024K)]
  0x0000015b4038ff90 JavaThread "Attach Listener"            daemon [_thread_blocked, id=16492, stack(0x0000002455200000,0x0000002455300000) (1024K)]
  0x0000015b40390600 JavaThread "Service Thread"             daemon [_thread_blocked, id=3652, stack(0x0000002455300000,0x0000002455400000) (1024K)]
  0x0000015b40396dc0 JavaThread "Monitor Deflation Thread"   daemon [_thread_blocked, id=18732, stack(0x0000002455400000,0x0000002455500000) (1024K)]
  0x0000015b403b3c90 JavaThread "C2 CompilerThread0"         daemon [_thread_in_native, id=17400, stack(0x0000002455500000,0x0000002455600000) (1024K)]
=>0x0000015b403b4350 JavaThread "C1 CompilerThread0"         daemon [_thread_in_native, id=14760, stack(0x0000002455600000,0x0000002455700000) (1024K)]
  0x0000015b4049b920 JavaThread "Common-Cleaner"             daemon [_thread_blocked, id=18304, stack(0x0000002455700000,0x0000002455800000) (1024K)]
  0x0000015b405b5ec0 JavaThread "Notification Thread"        daemon [_thread_blocked, id=12712, stack(0x0000002455800000,0x0000002455900000) (1024K)]
  0x0000015b406f6c90 JavaThread "Java2D Disposer"            daemon [_thread_blocked, id=8728, stack(0x0000002455900000,0x0000002455a00000) (1024K)]
  0x0000015b406fe580 JavaThread "AWT-Shutdown"                      [_thread_blocked, id=17776, stack(0x0000002455a00000,0x0000002455b00000) (1024K)]
  0x0000015b40702600 JavaThread "AWT-Windows"                daemon [_thread_in_native, id=17504, stack(0x0000002455b00000,0x0000002455c00000) (1024K)]
  0x0000015b407789d0 JavaThread "Image Fetcher 0"            daemon [_thread_in_vm, id=4256, stack(0x0000002455c00000,0x0000002455d00000) (1024K)]
Total: 15

Other Threads:
  0x0000015b40371bb0 VMThread "VM Thread"                           [id=19348, stack(0x0000002454e00000,0x0000002454f00000) (1024K)]
  0x0000015b40362540 WatcherThread "VM Periodic Task Thread"        [id=19476, stack(0x0000002454d00000,0x0000002454e00000) (1024K)]
  0x0000015b25500030 WorkerThread "GC Thread#0"                     [id=19440, stack(0x0000002454800000,0x0000002454900000) (1024K)]
  0x0000015b25519860 ConcurrentGCThread "G1 Main Marker"            [id=7568, stack(0x0000002454900000,0x0000002454a00000) (1024K)]
  0x0000015b2551b220 WorkerThread "G1 Conc#0"                       [id=1488, stack(0x0000002454a00000,0x0000002454b00000) (1024K)]
  0x0000015b2557b950 ConcurrentGCThread "G1 Refine#0"               [id=10444, stack(0x0000002454b00000,0x0000002454c00000) (1024K)]
  0x0000015b40230080 ConcurrentGCThread "G1 Service"                [id=10384, stack(0x0000002454c00000,0x0000002454d00000) (1024K)]
Total: 7

Threads with active compile tasks:
C2 CompilerThread0  691  664       4       java.util.HashMap::resize (356 bytes)
C1 CompilerThread0  691  691       3       sun.util.locale.BaseLocale::hashCode (169 bytes)
Total: 2

VM state: not at safepoint (normal execution)

VM Mutex/Monitor currently owned by a thread:  ([mutex/lock_event])
[0x00007ffd141e2888] Metaspace_lock - owner thread: 0x0000015b407789d0

Heap address: 0x00000000c3a00000, size: 966 MB, Compressed Oops mode: 32-bit

CDS archive(s) mapped at: [0x0000015b41000000-0x0000015b41d70000-0x0000015b41d70000), size 14090240, SharedBaseAddress: 0x0000015b41000000, ArchiveRelocationMode: 1.
Compressed class space mapped at: 0x0000015b42000000-0x0000015b82000000, reserved size: 1073741824
Narrow klass base: 0x0000015b41000000, Narrow klass shift: 0, Narrow klass range: 0x41000000

GC Precious Log:
 CardTable entry size: 512
 Card Set container configuration: InlinePtr #cards 5 size 8 Array Of Cards #cards 10 size 36 Howl #buckets 4 coarsen threshold 1843 Howl Bitmap #cards 512 size 80 coarsen threshold 460 Card regions per heap region 1 cards per card region 2048
 CPUs: 4 total, 4 available
 Memory: 3863M
 Large Page Support: Disabled
 NUMA Support: Disabled
 Compressed Oops: Enabled (32-bit)
 Heap Region Size: 1M
 Heap Min Capacity: 8M
 Heap Initial Capacity: 62M
 Heap Max Capacity: 966M
 Pre-touch: Disabled
 Parallel Workers: 4
 Concurrent Workers: 1
 Concurrent Refinement Workers: 4
 Periodic GC: Disabled

Heap:
 garbage-first heap   total reserved 989184K, committed 63488K, used 6144K [0x00000000c3a00000, 0x0000000100000000)
  region size 1024K, 7 young (7168K), 0 survivors (0K)
 Metaspace       used 4675K, committed 4864K, reserved 1114112K
  class space    used 501K, committed 640K, reserved 1048576K

Heap Regions: E=young(eden), S=young(survivor), O=old, HS=humongous(starts), HC=humongous(continues), CS=collection set, F=free, TAMS=top-at-mark-start, PB=parsable bottom
|   0|0x00000000c3a00000, 0x00000000c3a00000, 0x00000000c3b00000|  0%| F|  |TAMS 0x00000000c3a00000| PB 0x00000000c3a00000| Untracked |  0
|   1|0x00000000c3b00000, 0x00000000c3b00000, 0x00000000c3c00000|  0%| F|  |TAMS 0x00000000c3b00000| PB 0x00000000c3b00000| Untracked |  0
|   2|0x00000000c3c00000, 0x00000000c3c00000, 0x00000000c3d00000|  0%| F|  |TAMS 0x00000000c3c00000| PB 0x00000000c3c00000| Untracked |  0
|   3|0x00000000c3d00000, 0x00000000c3d00000, 0x00000000c3e00000|  0%| F|  |TAMS 0x00000000c3d00000| PB 0x00000000c3d00000| Untracked |  0
|   4|0x00000000c3e00000, 0x00000000c3e00000, 0x00000000c3f00000|  0%| F|  |TAMS 0x00000000c3e00000| PB 0x00000000c3e00000| Untracked |  0
|   5|0x00000000c3f00000, 0x00000000c3f00000, 0x00000000c4000000|  0%| F|  |TAMS 0x00000000c3f00000| PB 0x00000000c3f00000| Untracked |  0
|   6|0x00000000c4000000, 0x00000000c4000000, 0x00000000c4100000|  0%| F|  |TAMS 0x00000000c4000000| PB 0x00000000c4000000| Untracked |  0
|   7|0x00000000c4100000, 0x00000000c4100000, 0x00000000c4200000|  0%| F|  |TAMS 0x00000000c4100000| PB 0x00000000c4100000| Untracked |  0
|   8|0x00000000c4200000, 0x00000000c4200000, 0x00000000c4300000|  0%| F|  |TAMS 0x00000000c4200000| PB 0x00000000c4200000| Untracked |  0
|   9|0x00000000c4300000, 0x00000000c4300000, 0x00000000c4400000|  0%| F|  |TAMS 0x00000000c4300000| PB 0x00000000c4300000| Untracked |  0
|  10|0x00000000c4400000, 0x00000000c4400000, 0x00000000c4500000|  0%| F|  |TAMS 0x00000000c4400000| PB 0x00000000c4400000| Untracked |  0
|  11|0x00000000c4500000, 0x00000000c4500000, 0x00000000c4600000|  0%| F|  |TAMS 0x00000000c4500000| PB 0x00000000c4500000| Untracked |  0
|  12|0x00000000c4600000, 0x00000000c4600000, 0x00000000c4700000|  0%| F|  |TAMS 0x00000000c4600000| PB 0x00000000c4600000| Untracked |  0
|  13|0x00000000c4700000, 0x00000000c4700000, 0x00000000c4800000|  0%| F|  |TAMS 0x00000000c4700000| PB 0x00000000c4700000| Untracked |  0
|  14|0x00000000c4800000, 0x00000000c4800000, 0x00000000c4900000|  0%| F|  |TAMS 0x00000000c4800000| PB 0x00000000c4800000| Untracked |  0
|  15|0x00000000c4900000, 0x00000000c4900000, 0x00000000c4a00000|  0%| F|  |TAMS 0x00000000c4900000| PB 0x00000000c4900000| Untracked |  0
|  16|0x00000000c4a00000, 0x00000000c4a00000, 0x00000000c4b00000|  0%| F|  |TAMS 0x00000000c4a00000| PB 0x00000000c4a00000| Untracked |  0
|  17|0x00000000c4b00000, 0x00000000c4b00000, 0x00000000c4c00000|  0%| F|  |TAMS 0x00000000c4b00000| PB 0x00000000c4b00000| Untracked |  0
|  18|0x00000000c4c00000, 0x00000000c4c00000, 0x00000000c4d00000|  0%| F|  |TAMS 0x00000000c4c00000| PB 0x00000000c4c00000| Untracked |  0
|  19|0x00000000c4d00000, 0x00000000c4d00000, 0x00000000c4e00000|  0%| F|  |TAMS 0x00000000c4d00000| PB 0x00000000c4d00000| Untracked |  0
|  20|0x00000000c4e00000, 0x00000000c4e00000, 0x00000000c4f00000|  0%| F|  |TAMS 0x00000000c4e00000| PB 0x00000000c4e00000| Untracked |  0
|  21|0x00000000c4f00000, 0x00000000c4f00000, 0x00000000c5000000|  0%| F|  |TAMS 0x00000000c4f00000| PB 0x00000000c4f00000| Untracked |  0
|  22|0x00000000c5000000, 0x00000000c5000000, 0x00000000c5100000|  0%| F|  |TAMS 0x00000000c5000000| PB 0x00000000c5000000| Untracked |  0
|  23|0x00000000c5100000, 0x00000000c5100000, 0x00000000c5200000|  0%| F|  |TAMS 0x00000000c5100000| PB 0x00000000c5100000| Untracked |  0
|  24|0x00000000c5200000, 0x00000000c5200000, 0x00000000c5300000|  0%| F|  |TAMS 0x00000000c5200000| PB 0x00000000c5200000| Untracked |  0
|  25|0x00000000c5300000, 0x00000000c5300000, 0x00000000c5400000|  0%| F|  |TAMS 0x00000000c5300000| PB 0x00000000c5300000| Untracked |  0
|  26|0x00000000c5400000, 0x00000000c5400000, 0x00000000c5500000|  0%| F|  |TAMS 0x00000000c5400000| PB 0x00000000c5400000| Untracked |  0
|  27|0x00000000c5500000, 0x00000000c5500000, 0x00000000c5600000|  0%| F|  |TAMS 0x00000000c5500000| PB 0x00000000c5500000| Untracked |  0
|  28|0x00000000c5600000, 0x00000000c5600000, 0x00000000c5700000|  0%| F|  |TAMS 0x00000000c5600000| PB 0x00000000c5600000| Untracked |  0
|  29|0x00000000c5700000, 0x00000000c5700000, 0x00000000c5800000|  0%| F|  |TAMS 0x00000000c5700000| PB 0x00000000c5700000| Untracked |  0
|  30|0x00000000c5800000, 0x00000000c5800000, 0x00000000c5900000|  0%| F|  |TAMS 0x00000000c5800000| PB 0x00000000c5800000| Untracked |  0
|  31|0x00000000c5900000, 0x00000000c5900000, 0x00000000c5a00000|  0%| F|  |TAMS 0x00000000c5900000| PB 0x00000000c5900000| Untracked |  0
|  32|0x00000000c5a00000, 0x00000000c5a00000, 0x00000000c5b00000|  0%| F|  |TAMS 0x00000000c5a00000| PB 0x00000000c5a00000| Untracked |  0
|  33|0x00000000c5b00000, 0x00000000c5b00000, 0x00000000c5c00000|  0%| F|  |TAMS 0x00000000c5b00000| PB 0x00000000c5b00000| Untracked |  0
|  34|0x00000000c5c00000, 0x00000000c5c00000, 0x00000000c5d00000|  0%| F|  |TAMS 0x00000000c5c00000| PB 0x00000000c5c00000| Untracked |  0
|  35|0x00000000c5d00000, 0x00000000c5d00000, 0x00000000c5e00000|  0%| F|  |TAMS 0x00000000c5d00000| PB 0x00000000c5d00000| Untracked |  0
|  36|0x00000000c5e00000, 0x00000000c5e00000, 0x00000000c5f00000|  0%| F|  |TAMS 0x00000000c5e00000| PB 0x00000000c5e00000| Untracked |  0
|  37|0x00000000c5f00000, 0x00000000c5f00000, 0x00000000c6000000|  0%| F|  |TAMS 0x00000000c5f00000| PB 0x00000000c5f00000| Untracked |  0
|  38|0x00000000c6000000, 0x00000000c6000000, 0x00000000c6100000|  0%| F|  |TAMS 0x00000000c6000000| PB 0x00000000c6000000| Untracked |  0
|  39|0x00000000c6100000, 0x00000000c6100000, 0x00000000c6200000|  0%| F|  |TAMS 0x00000000c6100000| PB 0x00000000c6100000| Untracked |  0
|  40|0x00000000c6200000, 0x00000000c6200000, 0x00000000c6300000|  0%| F|  |TAMS 0x00000000c6200000| PB 0x00000000c6200000| Untracked |  0
|  41|0x00000000c6300000, 0x00000000c6300000, 0x00000000c6400000|  0%| F|  |TAMS 0x00000000c6300000| PB 0x00000000c6300000| Untracked |  0
|  42|0x00000000c6400000, 0x00000000c6400000, 0x00000000c6500000|  0%| F|  |TAMS 0x00000000c6400000| PB 0x00000000c6400000| Untracked |  0
|  43|0x00000000c6500000, 0x00000000c6500000, 0x00000000c6600000|  0%| F|  |TAMS 0x00000000c6500000| PB 0x00000000c6500000| Untracked |  0
|  44|0x00000000c6600000, 0x00000000c6600000, 0x00000000c6700000|  0%| F|  |TAMS 0x00000000c6600000| PB 0x00000000c6600000| Untracked |  0
|  45|0x00000000c6700000, 0x00000000c6700000, 0x00000000c6800000|  0%| F|  |TAMS 0x00000000c6700000| PB 0x00000000c6700000| Untracked |  0
|  46|0x00000000c6800000, 0x00000000c6800000, 0x00000000c6900000|  0%| F|  |TAMS 0x00000000c6800000| PB 0x00000000c6800000| Untracked |  0
|  47|0x00000000c6900000, 0x00000000c6900000, 0x00000000c6a00000|  0%| F|  |TAMS 0x00000000c6900000| PB 0x00000000c6900000| Untracked |  0
|  48|0x00000000c6a00000, 0x00000000c6a00000, 0x00000000c6b00000|  0%| F|  |TAMS 0x00000000c6a00000| PB 0x00000000c6a00000| Untracked |  0
|  49|0x00000000c6b00000, 0x00000000c6b00000, 0x00000000c6c00000|  0%| F|  |TAMS 0x00000000c6b00000| PB 0x00000000c6b00000| Untracked |  0
|  50|0x00000000c6c00000, 0x00000000c6c00000, 0x00000000c6d00000|  0%| F|  |TAMS 0x00000000c6c00000| PB 0x00000000c6c00000| Untracked |  0
|  51|0x00000000c6d00000, 0x00000000c6d00000, 0x00000000c6e00000|  0%| F|  |TAMS 0x00000000c6d00000| PB 0x00000000c6d00000| Untracked |  0
|  52|0x00000000c6e00000, 0x00000000c6e00000, 0x00000000c6f00000|  0%| F|  |TAMS 0x00000000c6e00000| PB 0x00000000c6e00000| Untracked |  0
|  53|0x00000000c6f00000, 0x00000000c6f00000, 0x00000000c7000000|  0%| F|  |TAMS 0x00000000c6f00000| PB 0x00000000c6f00000| Untracked |  0
|  54|0x00000000c7000000, 0x00000000c7000000, 0x00000000c7100000|  0%| F|  |TAMS 0x00000000c7000000| PB 0x00000000c7000000| Untracked |  0
|  55|0x00000000c7100000, 0x00000000c7200000, 0x00000000c7200000|100%| E|  |TAMS 0x00000000c7100000| PB 0x00000000c7100000| Complete |  0
|  56|0x00000000c7200000, 0x00000000c7300000, 0x00000000c7300000|100%| E|CS|TAMS 0x00000000c7200000| PB 0x00000000c7200000| Complete |  0
|  57|0x00000000c7300000, 0x00000000c7400000, 0x00000000c7400000|100%| E|CS|TAMS 0x00000000c7300000| PB 0x00000000c7300000| Complete |  0
|  58|0x00000000c7400000, 0x00000000c7500000, 0x00000000c7500000|100%| E|CS|TAMS 0x00000000c7400000| PB 0x00000000c7400000| Complete |  0
|  59|0x00000000c7500000, 0x00000000c7600000, 0x00000000c7600000|100%| E|CS|TAMS 0x00000000c7500000| PB 0x00000000c7500000| Complete |  0
|  60|0x00000000c7600000, 0x00000000c7700000, 0x00000000c7700000|100%| E|CS|TAMS 0x00000000c7600000| PB 0x00000000c7600000| Complete |  0
|  61|0x00000000c7700000, 0x00000000c7800000, 0x00000000c7800000|100%| E|CS|TAMS 0x00000000c7700000| PB 0x00000000c7700000| Complete |  0

Card table byte_map: [0x0000015b3cdf0000,0x0000015b3cfe0000] _byte_map_base: 0x0000015b3c7d3000

Marking Bits: (CMBitMap*) 0x0000015b25500740
 Bits: [0x0000015b3cfe0000, 0x0000015b3def8000)

Polling page: 0x0000015b23290000

Metaspace:

Usage:
  Non-class:      4.08 MB used.
      Class:    501.77 KB used.
       Both:      4.57 MB used.

Virtual space:
  Non-class space:       64.00 MB reserved,       4.12 MB (  6%) committed,  1 nodes.
      Class space:        1.00 GB reserved,     640.00 KB ( <1%) committed,  1 nodes.
             Both:        1.06 GB reserved,       4.75 MB ( <1%) committed. 

Chunk freelists:
   Non-Class:  10.88 MB
       Class:  15.24 MB
        Both:  26.12 MB

MaxMetaspaceSize: unlimited
CompressedClassSpaceSize: 1.00 GB
Initial GC threshold: 21.00 MB
Current GC threshold: 21.00 MB
CDS: on
 - commit_granule_bytes: 65536.
 - commit_granule_words: 8192.
 - virtual_space_node_default_size: 8388608.
 - enlarge_chunks_in_place: 1.
 - use_allocation_guard: 0.


Internal statistics:

num_allocs_failed_limit: 0.
num_arena_births: 124.
num_arena_deaths: 0.
num_vsnodes_births: 2.
num_vsnodes_deaths: 0.
num_space_committed: 76.
num_space_uncommitted: 0.
num_chunks_returned_to_freelist: 0.
num_chunks_taken_from_freelist: 146.
num_chunk_merges: 0.
num_chunk_splits: 91.
num_chunks_enlarged: 38.
num_inconsistent_stats: 0.

CodeHeap 'non-profiled nmethods': size=120064Kb used=197Kb max_used=197Kb free=119866Kb
 bounds [0x0000015b356c0000, 0x0000015b35930000, 0x0000015b3cc00000]
CodeHeap 'profiled nmethods': size=120000Kb used=737Kb max_used=737Kb free=119263Kb
 bounds [0x0000015b2dc00000, 0x0000015b2de70000, 0x0000015b35130000]
CodeHeap 'non-nmethods': size=5696Kb used=1564Kb max_used=1564Kb free=4131Kb
 bounds [0x0000015b35130000, 0x0000015b353a0000, 0x0000015b356c0000]
CodeCache: size=245760Kb, used=2498Kb, max_used=2498Kb, free=243260Kb
 total_blobs=1230, nmethods=691, adapters=445, full_count=0
Compilation: enabled, stopped_count=0, restarted_count=0

Compilation events (20 events):
Event: 0.604 Thread 0x0000015b403b4350 nmethod 678 0x0000015b2dcb6a88 code [0x0000015b2dcb6bc0, 0x0000015b2dcb6e80]
Event: 0.604 Thread 0x0000015b403b4350  681       3       java.lang.String::subSequence (7 bytes)
Event: 0.604 Thread 0x0000015b403b4350 nmethod 681 0x0000015b2dcb6f08 code [0x0000015b2dcb7020, 0x0000015b2dcb7158]
Event: 0.604 Thread 0x0000015b403b4350  680       3       java.util.regex.Pattern$LastNode::match (45 bytes)
Event: 0.604 Thread 0x0000015b403b4350 nmethod 680 0x0000015b2dcb7208 code [0x0000015b2dcb7340, 0x0000015b2dcb7538]
Event: 0.605 Thread 0x0000015b403b4350  684       3       java.lang.invoke.Invokers$Holder::linkToTargetMethod (8 bytes)
Event: 0.605 Thread 0x0000015b403b4350 nmethod 684 0x0000015b2dcb7588 code [0x0000015b2dcb76c0, 0x0000015b2dcb79a0]
Event: 0.605 Thread 0x0000015b403b4350  685       3       java.lang.invoke.LambdaForm$MH/0x0000015b42000800::invoke (8 bytes)
Event: 0.605 Thread 0x0000015b403b4350 nmethod 685 0x0000015b2dcb7a08 code [0x0000015b2dcb7b20, 0x0000015b2dcb7d50]
Event: 0.605 Thread 0x0000015b403b4350  686       3       java.lang.ref.ReferenceQueue::headIsNull (13 bytes)
Event: 0.605 Thread 0x0000015b403b4350 nmethod 686 0x0000015b2dcb7d88 code [0x0000015b2dcb7ea0, 0x0000015b2dcb8000]
Event: 0.605 Thread 0x0000015b403b4350  687       3       sun.util.locale.LocaleUtils::toLower (17 bytes)
Event: 0.606 Thread 0x0000015b403b4350 nmethod 687 0x0000015b2dcb8088 code [0x0000015b2dcb81a0, 0x0000015b2dcb83b0]
Event: 0.606 Thread 0x0000015b403b4350  688       1       sun.util.locale.StringTokenIterator::isDone (5 bytes)
Event: 0.606 Thread 0x0000015b403b4350 nmethod 688 0x0000015b356f0008 code [0x0000015b356f0120, 0x0000015b356f01f0]
Event: 0.606 Thread 0x0000015b403b4350  689       1       java.util.Collections$EmptyList::isEmpty (2 bytes)
Event: 0.606 Thread 0x0000015b403b4350 nmethod 689 0x0000015b356f0308 code [0x0000015b356f0420, 0x0000015b356f04e8]
Event: 0.606 Thread 0x0000015b403b4350  690       1       sun.util.locale.StringTokenIterator::current (5 bytes)
Event: 0.606 Thread 0x0000015b403b4350 nmethod 690 0x0000015b356f0608 code [0x0000015b356f0720, 0x0000015b356f07e8]
Event: 0.606 Thread 0x0000015b403b4350  691       3       sun.util.locale.BaseLocale::hashCode (169 bytes)

GC Heap History (0 events):
No events

Dll operation events (7 events):
Event: 0.146 Loaded shared library C:\Program Files\Java\jdk-23\bin\java.dll
Event: 0.184 Loaded shared library C:\Program Files\Java\jdk-23\bin\jsvml.dll
Event: 0.223 Loaded shared library C:\Program Files\Java\jdk-23\bin\net.dll
Event: 0.227 Loaded shared library C:\Program Files\Java\jdk-23\bin\nio.dll
Event: 0.253 Loaded shared library C:\Program Files\Java\jdk-23\bin\zip.dll
Event: 0.271 Loaded shared library C:\Program Files\Java\jdk-23\bin\jimage.dll
Event: 0.290 Loaded shared library C:\Program Files\Java\jdk-23\bin\awt.dll

Deoptimization events (4 events):
Event: 0.493 Thread 0x0000015b254cb820 Uncommon trap: trap_request=0xffffff45 fr.pc=0x0000015b356d1cd8 relative=0x0000000000000a18
Event: 0.493 Thread 0x0000015b254cb820 Uncommon trap: reason=unstable_if action=reinterpret pc=0x0000015b356d1cd8 method=java.util.HashMap.putVal(ILjava/lang/Object;Ljava/lang/Object;ZZ)Ljava/lang/Object; @ 236 c2
Event: 0.493 Thread 0x0000015b254cb820 DEOPT PACKING pc=0x0000015b356d1cd8 sp=0x00000024547fdff0
Event: 0.493 Thread 0x0000015b254cb820 DEOPT UNPACKING pc=0x0000015b35187982 sp=0x00000024547fdfa8 mode 2

Classes loaded (20 events):
Event: 0.565 Loading class java/net/FileNameMap done
Event: 0.565 Loading class java/net/URLConnection$1 done
Event: 0.565 Loading class sun/net/www/MimeTable
Event: 0.565 Loading class sun/net/www/MimeTable done
Event: 0.565 Loading class sun/net/www/MimeTable$1
Event: 0.565 Loading class sun/net/www/MimeTable$1 done
Event: 0.565 Loading class sun/net/www/MimeTable$2
Event: 0.565 Loading class sun/net/www/MimeTable$2 done
Event: 0.565 Loading class sun/net/www/MimeTable$DefaultInstanceHolder
Event: 0.565 Loading class sun/net/www/MimeTable$DefaultInstanceHolder done
Event: 0.565 Loading class sun/net/www/MimeTable$DefaultInstanceHolder$1
Event: 0.565 Loading class sun/net/www/MimeTable$DefaultInstanceHolder$1 done
Event: 0.567 Loading class sun/net/www/MimeEntry
Event: 0.567 Loading class sun/net/www/MimeEntry done
Event: 0.592 Loading class sun/util/calendar/ZoneInfoFile$Checksum
Event: 0.592 Loading class sun/util/calendar/ZoneInfoFile$Checksum done
Event: 0.598 Loading class jdk/internal/module/ModulePatcher$PatchedModuleReader
Event: 0.598 Loading class jdk/internal/module/ModulePatcher$PatchedModuleReader done
Event: 0.598 Loading class sun/net/www/protocol/jrt/Handler
Event: 0.598 Loading class sun/net/www/protocol/jrt/Handler done

Classes unloaded (0 events):
No events

Classes redefined (0 events):
No events

Internal exceptions (11 events):
Event: 0.228 Thread 0x0000015b254cb820 Exception <a 'sun/nio/fs/WindowsException'{0x00000000c769e170}> (0x00000000c769e170) 
thrown [s\open\src\hotspot\share\prims\jni.cpp, line 520]
Event: 0.230 Thread 0x0000015b254cb820 Exception <a 'sun/nio/fs/WindowsException'{0x00000000c76a0798}> (0x00000000c76a0798) 
thrown [s\open\src\hotspot\share\prims\jni.cpp, line 520]
Event: 0.231 Thread 0x0000015b254cb820 Exception <a 'sun/nio/fs/WindowsException'{0x00000000c76a12a0}> (0x00000000c76a12a0) 
thrown [s\open\src\hotspot\share\prims\jni.cpp, line 520]
Event: 0.279 Thread 0x0000015b254cb820 Exception <a 'java/lang/ClassNotFoundException'{0x00000000c756dd60}: sun/awt/resources/spi/awtProvider> (0x00000000c756dd60) 
thrown [s\open\src\hotspot\share\classfile\systemDictionary.cpp, line 313]
Event: 0.302 Thread 0x0000015b254cb820 Exception <a 'java/io/FileNotFoundException'{0x00000000c75c1b30}> (0x00000000c75c1b30) 
thrown [s\open\src\hotspot\share\prims\jni.cpp, line 520]
Event: 0.311 Thread 0x0000015b254cb820 Exception <a 'java/io/FileNotFoundException'{0x00000000c75efeb0}> (0x00000000c75efeb0) 
thrown [s\open\src\hotspot\share\prims\jni.cpp, line 520]
Event: 0.496 Thread 0x0000015b254cb820 Exception <a 'java/lang/NoSuchMethodError'{0x00000000c748a420}: 'void java.lang.invoke.DirectMethodHandle$Holder.invokeSpecial(java.lang.Object, java.lang.Object, java.lang.Object)'> (0x00000000c748a420) 
thrown [s\open\src\hotspot\share\interpreter\linkResolver.cpp, line 796]
Event: 0.515 Thread 0x0000015b254cb820 Exception <a 'java/lang/NoSuchMethodError'{0x00000000c734aa48}: 'java.lang.Object java.lang.invoke.DirectMethodHandle$Holder.invokeStatic(java.lang.Object, int, java.lang.Object)'> (0x00000000c734aa48) 
thrown [s\open\src\hotspot\share\interpreter\linkResolver.cpp, line 796]
Event: 0.541 Thread 0x0000015b254cb820 Exception <a 'java/lang/ClassNotFoundException'{0x00000000c73f1b38}: com/sun/swing/internal/plaf/metal/resources/spi/metalProvider> (0x00000000c73f1b38) 
thrown [s\open\src\hotspot\share\classfile\systemDictionary.cpp, line 313]
Event: 0.543 Thread 0x0000015b254cb820 Exception <a 'java/lang/ClassNotFoundException'{0x00000000c73f5af8}: com/sun/swing/internal/plaf/basic/resources/spi/basicProvider> (0x00000000c73f5af8) 
thrown [s\open\src\hotspot\share\classfile\systemDictionary.cpp, line 313]
Event: 0.555 Thread 0x0000015b254cb820 Exception <a 'java/lang/NoSuchMethodError'{0x00000000c7215830}: 'int java.lang.invoke.Invokers$Holder.invokeExact_MT(java.lang.Object, java.lang.Object)'> (0x00000000c7215830) 
thrown [s\open\src\hotspot\share\interpreter\linkResolver.cpp, line 796]

VM Operations (4 events):
Event: 0.231 Executing VM operation: HandshakeAllThreads (Deoptimize)
Event: 0.231 Executing VM operation: HandshakeAllThreads (Deoptimize) done
Event: 0.323 Executing VM operation: HandshakeAllThreads (Deoptimize)
Event: 0.323 Executing VM operation: HandshakeAllThreads (Deoptimize) done

Memory protections (0 events):
No events

Nmethod flushes (0 events):
No events

Events (15 events):
Event: 0.164 Thread 0x0000015b254cb820 Thread added: 0x0000015b254cb820
Event: 0.180 Thread 0x0000015b254cb820 Thread added: 0x0000015b4038c3c0
Event: 0.180 Thread 0x0000015b254cb820 Thread added: 0x0000015b4038ea40
Event: 0.180 Thread 0x0000015b254cb820 Thread added: 0x0000015b4038f920
Event: 0.180 Thread 0x0000015b254cb820 Thread added: 0x0000015b4038ff90
Event: 0.180 Thread 0x0000015b254cb820 Thread added: 0x0000015b40390600
Event: 0.180 Thread 0x0000015b254cb820 Thread added: 0x0000015b40396dc0
Event: 0.181 Thread 0x0000015b254cb820 Thread added: 0x0000015b403b3c90
Event: 0.181 Thread 0x0000015b254cb820 Thread added: 0x0000015b403b4350
Event: 0.210 Thread 0x0000015b254cb820 Thread added: 0x0000015b4049b920
Event: 0.247 Thread 0x0000015b254cb820 Thread added: 0x0000015b405b5ec0
Event: 0.434 Thread 0x0000015b254cb820 Thread added: 0x0000015b406f6c90
Event: 0.436 Thread 0x0000015b254cb820 Thread added: 0x0000015b406fe580
Event: 0.438 Thread 0x0000015b254cb820 Thread added: 0x0000015b40702600
Event: 0.562 Thread 0x0000015b254cb820 Thread added: 0x0000015b407789d0


Dynamic libraries:
0x00007ff606fd0000 - 0x00007ff606fe0000 	C:\Program Files\Java\jdk-23\bin\java.exe
0x00007ffdaf0e0000 - 0x00007ffdaf345000 	C:\WINDOWS\SYSTEM32\ntdll.dll
0x00007ffdad560000 - 0x00007ffdad629000 	C:\WINDOWS\System32\KERNEL32.DLL
0x00007ffdac230000 - 0x00007ffdac618000 	C:\WINDOWS\System32\KERNELBASE.dll
0x00007ffda8e10000 - 0x00007ffda8eae000 	C:\WINDOWS\SYSTEM32\apphelp.dll
0x00007ffdac860000 - 0x00007ffdac9ab000 	C:\WINDOWS\System32\ucrtbase.dll
0x00007ffd97640000 - 0x00007ffd97657000 	C:\Program Files\Java\jdk-23\bin\jli.dll
0x00007ffd978f0000 - 0x00007ffd9790b000 	C:\Program Files\Java\jdk-23\bin\VCRUNTIME140.dll
0x00007ffdae550000 - 0x00007ffdae71a000 	C:\WINDOWS\System32\USER32.dll
0x00007ffdac830000 - 0x00007ffdac857000 	C:\WINDOWS\System32\win32u.dll
0x00007ffd944e0000 - 0x00007ffd9477a000 	C:\WINDOWS\WinSxS\amd64_microsoft.windows.common-controls_6595b64144ccf1df_6.0.26100.4202_none_3e0698d4e335f517\COMCTL32.dll
0x00007ffdaefe0000 - 0x00007ffdaf00b000 	C:\WINDOWS\System32\GDI32.dll
0x00007ffdadeb0000 - 0x00007ffdadf59000 	C:\WINDOWS\System32\msvcrt.dll
0x00007ffdaca60000 - 0x00007ffdacb97000 	C:\WINDOWS\System32\gdi32full.dll
0x00007ffdac9b0000 - 0x00007ffdaca53000 	C:\WINDOWS\System32\msvcp_win.dll
0x00007ffdae430000 - 0x00007ffdae460000 	C:\WINDOWS\System32\IMM32.DLL
0x00007ffda4290000 - 0x00007ffda429c000 	C:\Program Files\Java\jdk-23\bin\vcruntime140_1.dll
0x00007ffd85c90000 - 0x00007ffd85d1e000 	C:\Program Files\Java\jdk-23\bin\msvcp140.dll
0x00007ffd13570000 - 0x00007ffd142c0000 	C:\Program Files\Java\jdk-23\bin\server\jvm.dll
0x00007ffdadd70000 - 0x00007ffdade23000 	C:\WINDOWS\System32\ADVAPI32.dll
0x00007ffdae060000 - 0x00007ffdae106000 	C:\WINDOWS\System32\sechost.dll
0x00007ffdad290000 - 0x00007ffdad3a5000 	C:\WINDOWS\System32\RPCRT4.dll
0x00007ffdace80000 - 0x00007ffdacef4000 	C:\WINDOWS\System32\WS2_32.dll
0x00007ffdac0a0000 - 0x00007ffdac0fe000 	C:\WINDOWS\SYSTEM32\POWRPROF.dll
0x00007ffd94eb0000 - 0x00007ffd94ee5000 	C:\WINDOWS\SYSTEM32\WINMM.dll
0x00007ffda4630000 - 0x00007ffda463b000 	C:\WINDOWS\SYSTEM32\VERSION.dll
0x00007ffdac080000 - 0x00007ffdac094000 	C:\WINDOWS\SYSTEM32\UMPDC.dll
0x00007ffdaaff0000 - 0x00007ffdab00b000 	C:\WINDOWS\SYSTEM32\kernel.appcore.dll
0x00007ffd9ae60000 - 0x00007ffd9ae6a000 	C:\Program Files\Java\jdk-23\bin\jimage.dll
0x00007ffda9af0000 - 0x00007ffda9d31000 	C:\WINDOWS\SYSTEM32\DBGHELP.DLL
0x00007ffdacf00000 - 0x00007ffdad285000 	C:\WINDOWS\System32\combase.dll
0x00007ffdae730000 - 0x00007ffdae811000 	C:\WINDOWS\System32\OLEAUT32.dll
0x00007ffd90bc0000 - 0x00007ffd90bf9000 	C:\WINDOWS\SYSTEM32\dbgcore.DLL
0x00007ffdacc60000 - 0x00007ffdaccf9000 	C:\WINDOWS\System32\bcryptPrimitives.dll
0x00007ffd978d0000 - 0x00007ffd978ee000 	C:\Program Files\Java\jdk-23\bin\java.dll
0x00007ffdae110000 - 0x00007ffdae2ae000 	C:\WINDOWS\System32\ole32.dll
0x00007ffdae890000 - 0x00007ffdaefd2000 	C:\WINDOWS\System32\SHELL32.dll
0x00007ffdacd00000 - 0x00007ffdace74000 	C:\WINDOWS\System32\wintypes.dll
0x00007ffda9ed0000 - 0x00007ffdaa728000 	C:\WINDOWS\SYSTEM32\windows.storage.dll
0x00007ffdadf60000 - 0x00007ffdae051000 	C:\WINDOWS\System32\SHCORE.dll
0x00007ffdad3b0000 - 0x00007ffdad41a000 	C:\WINDOWS\System32\shlwapi.dll
0x00007ffdac140000 - 0x00007ffdac16f000 	C:\WINDOWS\SYSTEM32\profapi.dll
0x00007ffd88100000 - 0x00007ffd881d7000 	C:\Program Files\Java\jdk-23\bin\jsvml.dll
0x00007ffd9a1e0000 - 0x00007ffd9a1f0000 	C:\Program Files\Java\jdk-23\bin\net.dll
0x00007ffdab560000 - 0x00007ffdab5ca000 	C:\WINDOWS\system32\mswsock.dll
0x00007ffd97560000 - 0x00007ffd97576000 	C:\Program Files\Java\jdk-23\bin\nio.dll
0x00007ffd97290000 - 0x00007ffd972a7000 	C:\Program Files\Java\jdk-23\bin\zip.dll
0x00007ffd852c0000 - 0x00007ffd8544e000 	C:\Program Files\Java\jdk-23\bin\awt.dll
0x00007ffda9470000 - 0x00007ffda94a6000 	C:\WINDOWS\system32\DWMAPI.DLL
0x00007ffd83fe0000 - 0x00007ffd840f4000 	C:\WINDOWS\system32\opengl32.dll
0x00007ffd99d40000 - 0x00007ffd99d6d000 	C:\WINDOWS\SYSTEM32\GLU32.dll
0x00007ffda9150000 - 0x00007ffda919d000 	C:\WINDOWS\SYSTEM32\dxcore.dll
0x00007ffda8ff0000 - 0x00007ffda909f000 	C:\WINDOWS\system32\uxtheme.dll
0x00007ffdae2c0000 - 0x00007ffdae420000 	C:\WINDOWS\System32\MSCTF.dll
0x00007ffd975e0000 - 0x00007ffd9760e000 	C:\Program Files\Java\jdk-23\bin\javajpeg.dll

dbghelp: loaded successfully - version: 4.0.5 - missing functions: none
symbol engine: initialized successfully - sym options: 0x614 - pdb path: .;C:\Program Files\Java\jdk-23\bin;C:\WINDOWS\SYSTEM32;C:\WINDOWS\WinSxS\amd64_microsoft.windows.common-controls_6595b64144ccf1df_6.0.26100.4202_none_3e0698d4e335f517;C:\Program Files\Java\jdk-23\bin\server

VM Arguments:
jvm_args: -Dfile.encoding=UTF-8 --module-path=C:\Users\MY PC\Documents\NetBeansProjects\Bank Management System\build\classes 
java_command: bank.management.system.BalanceEnquiry
java_class_path (initial): C:\Users\MY PC\Downloads\jcalendar-tz-1.3.3-4.jar;C:\Users\MY PC\Downloads\mysql-connector-java-8.0.28.jar;C:\Users\MY PC\Documents\NetBeansProjects\Bank Management System\build\classes
Launcher Type: SUN_STANDARD

[Global flags]
     intx CICompilerCount                          = 3                                         {product} {ergonomic}
     uint ConcGCThreads                            = 1                                         {product} {ergonomic}
     uint G1ConcRefinementThreads                  = 4                                         {product} {ergonomic}
   size_t G1HeapRegionSize                         = 1048576                                   {product} {ergonomic}
   size_t InitialHeapSize                          = 65011712                                  {product} {ergonomic}
   size_t MarkStackSize                            = 4194304                                   {product} {ergonomic}
   size_t MarkStackSizeMax                         = 536870912                                 {product} {ergonomic}
   size_t MaxHeapSize                              = 1012924416                                {product} {ergonomic}
   size_t MaxNewSize                               = 607125504                                 {product} {ergonomic}
   size_t MinHeapDeltaBytes                        = 1048576                                   {product} {ergonomic}
   size_t MinHeapSize                              = 8388608                                   {product} {ergonomic}
    uintx NonNMethodCodeHeapSize                   = 5832704                                {pd product} {ergonomic}
    uintx NonProfiledCodeHeapSize                  = 122945536                              {pd product} {ergonomic}
    uintx ProfiledCodeHeapSize                     = 122880000                              {pd product} {ergonomic}
    uintx ReservedCodeCacheSize                    = 251658240                              {pd product} {ergonomic}
     bool SegmentedCodeCache                       = true                                      {product} {ergonomic}
   size_t SoftMaxHeapSize                          = 1012924416                             {manageable} {ergonomic}
     bool UseCompressedOops                        = true                           {product lp64_product} {ergonomic}
     bool UseG1GC                                  = true                                      {product} {ergonomic}
     bool UseLargePagesIndividualAllocation        = false                                  {pd product} {ergonomic}

Logging:
Log output configuration:
 #0: stdout all=warning uptime,level,tags foldmultilines=false
 #1: stderr all=off uptime,level,tags foldmultilines=false

Environment Variables:
PATH=C:\Program Files\Common Files\Oracle\Java\javapath;C:\WINDOWS\system32;C:\WINDOWS;C:\WINDOWS\System32\Wbem;C:\WINDOWS\System32\WindowsPowerShell\v1.0\;C:\WINDOWS\System32\OpenSSH\;C:\Program Files\Java\jdk-23\bin;C:\Program Files\nodejs\;C:\Program Files\Git\cmd;C:\Program Files\MySQL\MySQL Shell 8.0\bin\;C:\Users\MY PC\AppData\Local\Programs\Python\Python313\Scripts\;C:\Users\MY PC\AppData\Local\Programs\Python\Python313\;C:\Users\MY PC\AppData\Local\Microsoft\WindowsApps;C:\Users\MY PC\AppData\Local\Programs\Microsoft VS Code\bin;C:\Users\MY PC\AppData\Roaming\npm;C:\Program Files\JetBrains\IntelliJ IDEA Community Edition 2024.3.4.1\bin;;C:\Users\MY PC\AppData\Local\GitHubDesktop\bin;C:\Users\MY PC\Downloads\jdk-23_windows-x64_bin.exe;C:\Users\MY PC\Desktop\Flutter-Food-Delivery-App\android\flutter\bin;C:\flutter\src\flutter\bin;
USERNAME=MY PC
OS=Windows_NT
PROCESSOR_IDENTIFIER=Intel64 Family 6 Model 126 Stepping 5, GenuineIntel
TMP=C:\Users\MYPC~1\AppData\Local\Temp
TEMP=C:\Users\MYPC~1\AppData\Local\Temp




Periodic native trim disabled

---------------  S Y S T E M  ---------------

OS:
 Windows 11 , 64 bit Build 26100 (10.0.26100.4202)
OS uptime: 0 days 9:03 hours

CPU: total 4 (initial active 4) (2 cores per cpu, 2 threads per core) family 6 model 126 stepping 5 microcode 0xc2, cx8, cmov, fxsr, ht, mmx, 3dnowpref, sse, sse2, sse3, ssse3, sse4.1, sse4.2, popcnt, lzcnt, tsc, tscinvbit, avx, avx2, aes, erms, clmul, bmi1, bmi2, adx, avx512f, avx512dq, avx512cd, avx512bw, avx512vl, sha, fma, vzeroupper, avx512_vpopcntdq, avx512_vpclmulqdq, avx512_vaes, avx512_vnni, clflush, clflushopt, avx512_vbmi2, avx512_vbmi, rdtscp, rdpid, fsrm, gfni, avx512_bitalg, f16c, pku, avx512_ifma
Processor Information for the first 4 processors :
  Max Mhz: 1190, Current Mhz: 1190, Mhz Limit: 1190

Memory: 4k page, system-wide physical 3863M (350M free)
TotalPageFile size 15639M (AvailPageFile size 0M)
current process WorkingSet (physical memory assigned to process): 58M, peak: 58M
current process commit charge ("private bytes"): 142M, peak: 143M

vm_info: Java HotSpot(TM) 64-Bit Server VM (23.0.2+7-58) for windows-amd64 JRE (23.0.2+7-58), built on 2024-11-29T09:34:55Z with MS VC++ 17.6 (VS2022)

END.
