#
# There is insufficient memory for the Java Runtime Environment to continue.
# Native memory allocation (malloc) failed to allocate 193088 bytes. Error detail: Chunk::new
# Possible reasons:
#   The system is out of physical RAM or swap space
#   This process is running with CompressedOops enabled, and the Java Heap may be blocking the growth of the native heap
# Possible solutions:
#   Reduce memory load on the system
#   Increase physical memory or swap space
#   Check if swap backing store is full
#   Decrease Java heap size (-Xmx/-Xms)
#   Decrease Java thread stack sizes (-Xss)
#   Set larger code cache with -XX:ReservedCodeCacheSize=
#   JVM is running with Unscaled Compressed Oops mode in which the Java heap is
#     placed in the first 4GB address space. The Java Heap base address is the
#     maximum limit for the native heap growth. Please use -XX:HeapBaseMinAddress
#     to set the Java Heap base and to place the Java Heap above 4GB virtual address.
# This output file may be truncated or incomplete.
#
#  Out of Memory Error (arena.cpp:149), pid=15016, tid=16288
#
# JRE version: Java(TM) SE Runtime Environment (23.0.2+7) (build 23.0.2+7-58)
# Java VM: Java HotSpot(TM) 64-Bit Server VM (23.0.2+7-58, mixed mode, sharing, tiered, compressed oops, compressed class ptrs, g1 gc, windows-amd64)
# No core dump will be written. Minidumps are not enabled by default on client versions of Windows
#

---------------  S U M M A R Y ------------

Command Line: -Dfile.encoding=UTF-8 --module-path=C:\Users\MY PC\Documents\NetBeansProjects\Bank Management System\build\classes bank.management.system.Login

Host: Intel(R) Core(TM) i3-1005G1 CPU @ 1.20GHz, 4 cores, 3G,  Windows 11 , 64 bit Build 26100 (10.0.26100.4202)
Time: Sat Jul 12 17:57:33 2025 India Standard Time elapsed time: 1772.201922 seconds (0d 0h 29m 32s)

---------------  T H R E A D  ---------------

Current thread (0x00000204d8e88740):  JavaThread "C2 CompilerThread0" daemon [_thread_in_native, id=16288, stack(0x000000984a000000,0x000000984a100000) (1024K)]


Current CompileTask:
C2:1772202 3029       4       java.util.HashMap::put (13 bytes)

Stack: [0x000000984a000000,0x000000984a100000]
Native frames: (J=compiled Java code, j=interpreted, Vv=VM code, C=native code)
V  [jvm.dll+0x6e0b99]  (no source info available)
V  [jvm.dll+0x87e2b3]  (no source info available)
V  [jvm.dll+0x88073e]  (no source info available)
V  [jvm.dll+0x880e13]  (no source info available)
V  [jvm.dll+0x27b006]  (no source info available)
V  [jvm.dll+0xbc06f]  (no source info available)
V  [jvm.dll+0xbc2cb]  (no source info available)
V  [jvm.dll+0x3b3c5c]  (no source info available)
V  [jvm.dll+0x38a55b]  (no source info available)
V  [jvm.dll+0x3899ca]  (no source info available)
V  [jvm.dll+0x244ba1]  (no source info available)
V  [jvm.dll+0x243eff]  (no source info available)
V  [jvm.dll+0x1c34b0]  (no source info available)
V  [jvm.dll+0x253df1]  (no source info available)
V  [jvm.dll+0x2520aa]  (no source info available)
V  [jvm.dll+0x3ee226]  (no source info available)
V  [jvm.dll+0x8254cb]  (no source info available)
V  [jvm.dll+0x6df345]  (no source info available)
C  [ucrtbase.dll+0x37b0]  (no source info available)
C  [KERNEL32.DLL+0x2e8d7]  (no source info available)
C  [ntdll.dll+0x3c34c]  (no source info available)

Lock stack of current Java thread (top to bottom):


---------------  P R O C E S S  ---------------

Threads class SMR info:
_java_thread_list=0x00000205200b2940, length=17, elements={
0x00000204d8e72200, 0x00000204d8e74d70, 0x00000204d8e76200, 0x00000204d8e76d50,
0x00000204d8e779d0, 0x00000204d8e7a530, 0x00000204d8e88740, 0x00000204d8e89020,
0x000002051e07c310, 0x000002051e2324a0, 0x000002051e2ca7d0, 0x000002051e2d02f0,
0x000002051e2d4150, 0x000002051f0006e0, 0x00000204bdfa1610, 0x000002051fcd0890,
0x000002051e0e28b0
}

Java Threads: ( => current thread )
  0x00000204d8e72200 JavaThread "Reference Handler"          daemon [_thread_blocked, id=13700, stack(0x0000009849a00000,0x0000009849b00000) (1024K)]
  0x00000204d8e74d70 JavaThread "Finalizer"                  daemon [_thread_blocked, id=18592, stack(0x0000009849b00000,0x0000009849c00000) (1024K)]
  0x00000204d8e76200 JavaThread "Signal Dispatcher"          daemon [_thread_blocked, id=5728, stack(0x0000009849c00000,0x0000009849d00000) (1024K)]
  0x00000204d8e76d50 JavaThread "Attach Listener"            daemon [_thread_blocked, id=8636, stack(0x0000009849d00000,0x0000009849e00000) (1024K)]
  0x00000204d8e779d0 JavaThread "Service Thread"             daemon [_thread_blocked, id=12228, stack(0x0000009849e00000,0x0000009849f00000) (1024K)]
  0x00000204d8e7a530 JavaThread "Monitor Deflation Thread"   daemon [_thread_blocked, id=9220, stack(0x0000009849f00000,0x000000984a000000) (1024K)]
=>0x00000204d8e88740 JavaThread "C2 CompilerThread0"         daemon [_thread_in_native, id=16288, stack(0x000000984a000000,0x000000984a100000) (1024K)]
  0x00000204d8e89020 JavaThread "C1 CompilerThread0"         daemon [_thread_blocked, id=7960, stack(0x000000984a100000,0x000000984a200000) (1024K)]
  0x000002051e07c310 JavaThread "Common-Cleaner"             daemon [_thread_blocked, id=4496, stack(0x000000984a200000,0x000000984a300000) (1024K)]
  0x000002051e2324a0 JavaThread "Notification Thread"        daemon [_thread_blocked, id=19188, stack(0x000000984a300000,0x000000984a400000) (1024K)]
  0x000002051e2ca7d0 JavaThread "Java2D Disposer"            daemon [_thread_blocked, id=16752, stack(0x000000984a400000,0x000000984a500000) (1024K)]
  0x000002051e2d02f0 JavaThread "AWT-Shutdown"                      [_thread_blocked, id=1096, stack(0x000000984a500000,0x000000984a600000) (1024K)]
  0x000002051e2d4150 JavaThread "AWT-Windows"                daemon [_thread_in_native, id=7668, stack(0x000000984a600000,0x000000984a700000) (1024K)]
  0x000002051f0006e0 JavaThread "AWT-EventQueue-0"                  [_thread_blocked, id=15792, stack(0x000000984a800000,0x000000984a900000) (1024K)]
  0x00000204bdfa1610 JavaThread "DestroyJavaVM"                     [_thread_blocked, id=9928, stack(0x0000009849200000,0x0000009849300000) (1024K)]
  0x000002051fcd0890 JavaThread "TimerQueue"                 daemon [_thread_blocked, id=10744, stack(0x000000984af00000,0x000000984b000000) (1024K)]
  0x000002051e0e28b0 JavaThread "mysql-cj-abandoned-connection-cleanup" daemon [_thread_blocked, id=18196, stack(0x000000984a700000,0x000000984a800000) (1024K)]
Total: 17

Other Threads:
  0x00000204d8e58860 VMThread "VM Thread"                           [id=6096, stack(0x0000009849900000,0x0000009849a00000) (1024K)]
  0x00000204d8e47a00 WatcherThread "VM Periodic Task Thread"        [id=11300, stack(0x0000009849800000,0x0000009849900000) (1024K)]
  0x00000204bdfd8a90 WorkerThread "GC Thread#0"                     [id=7676, stack(0x0000009849300000,0x0000009849400000) (1024K)]
  0x000002051f177f10 WorkerThread "GC Thread#1"                     [id=11156, stack(0x000000984ac00000,0x000000984ad00000) (1024K)]
  0x000002051f1782c0 WorkerThread "GC Thread#2"                     [id=13224, stack(0x000000984ad00000,0x000000984ae00000) (1024K)]
  0x000002051f178670 WorkerThread "GC Thread#3"                     [id=9260, stack(0x000000984ae00000,0x000000984af00000) (1024K)]
  0x00000204bdff22c0 ConcurrentGCThread "G1 Main Marker"            [id=9352, stack(0x0000009849400000,0x0000009849500000) (1024K)]
  0x00000204bdff4420 WorkerThread "G1 Conc#0"                       [id=9720, stack(0x0000009849500000,0x0000009849600000) (1024K)]
  0x00000204be04dac0 ConcurrentGCThread "G1 Refine#0"               [id=18408, stack(0x0000009849600000,0x0000009849700000) (1024K)]
  0x00000204be04e4e0 ConcurrentGCThread "G1 Service"                [id=18460, stack(0x0000009849700000,0x0000009849800000) (1024K)]
Total: 10

Threads with active compile tasks:
C2 CompilerThread0  1772587 3029       4       java.util.HashMap::put (13 bytes)
Total: 1

VM state: not at safepoint (normal execution)

VM Mutex/Monitor currently owned by a thread: None

Heap address: 0x00000000c3a00000, size: 966 MB, Compressed Oops mode: 32-bit

CDS archive(s) mapped at: [0x00000204d9000000-0x00000204d9d70000-0x00000204d9d70000), size 14090240, SharedBaseAddress: 0x00000204d9000000, ArchiveRelocationMode: 1.
Compressed class space mapped at: 0x00000204da000000-0x000002051a000000, reserved size: 1073741824
Narrow klass base: 0x00000204d9000000, Narrow klass shift: 0, Narrow klass range: 0x41000000

GC Precious Log:
 CardTable entry size: 512
 Card Set container configuration: InlinePtr #cards 5 size 8 Array Of Cards #cards 10 size 36 Howl #buckets 4 coarsen threshold 1843 Howl Bitmap #cards 512 size 80 coarsen threshold 460 Card regions per heap region 1 cards per card region 2048
 CPUs: 4 total, 4 available
 Memory: 3863M
 Large Page Support: Disabled
 NUMA Support: Disabled
 Compressed Oops: Enabled (32-bit)
 Heap Region Size: 1M
 Heap Min Capacity: 8M
 Heap Initial Capacity: 62M
 Heap Max Capacity: 966M
 Pre-touch: Disabled
 Parallel Workers: 4
 Concurrent Workers: 1
 Concurrent Refinement Workers: 4
 Periodic GC: Disabled

Heap:
 garbage-first heap   total reserved 989184K, committed 63488K, used 47925K [0x00000000c3a00000, 0x0000000100000000)
  region size 1024K, 28 young (28672K), 1 survivors (1024K)
 Metaspace       used 18231K, committed 18432K, reserved 1114112K
  class space    used 2009K, committed 2112K, reserved 1048576K

Heap Regions: E=young(eden), S=young(survivor), O=old, HS=humongous(starts), HC=humongous(continues), CS=collection set, F=free, TAMS=top-at-mark-start, PB=parsable bottom
|   0|0x00000000c3a00000, 0x00000000c3b00000, 0x00000000c3b00000|100%|HS|  |TAMS 0x00000000c3a00000| PB 0x00000000c3a00000| Complete |  0
|   1|0x00000000c3b00000, 0x00000000c3c00000, 0x00000000c3c00000|100%|HC|  |TAMS 0x00000000c3b00000| PB 0x00000000c3b00000| Complete |  0
|   2|0x00000000c3c00000, 0x00000000c3d00000, 0x00000000c3d00000|100%|HC|  |TAMS 0x00000000c3c00000| PB 0x00000000c3c00000| Complete |  0
|   3|0x00000000c3d00000, 0x00000000c3e00000, 0x00000000c3e00000|100%| O|  |TAMS 0x00000000c3d00000| PB 0x00000000c3d00000| Untracked |  0
|   4|0x00000000c3e00000, 0x00000000c3f00000, 0x00000000c3f00000|100%| O|  |TAMS 0x00000000c3e00000| PB 0x00000000c3e00000| Untracked |  0
|   5|0x00000000c3f00000, 0x00000000c4000000, 0x00000000c4000000|100%| O|  |TAMS 0x00000000c3f00000| PB 0x00000000c3f00000| Untracked |  0
|   6|0x00000000c4000000, 0x00000000c4100000, 0x00000000c4100000|100%| O|  |TAMS 0x00000000c4000000| PB 0x00000000c4000000| Untracked |  0
|   7|0x00000000c4100000, 0x00000000c412fa50, 0x00000000c4200000| 18%| O|  |TAMS 0x00000000c4100000| PB 0x00000000c4100000| Untracked |  0
|   8|0x00000000c4200000, 0x00000000c4300000, 0x00000000c4300000|100%|HS|  |TAMS 0x00000000c4200000| PB 0x00000000c4200000| Complete |  0
|   9|0x00000000c4300000, 0x00000000c4400000, 0x00000000c4400000|100%|HC|  |TAMS 0x00000000c4300000| PB 0x00000000c4300000| Complete |  0
|  10|0x00000000c4400000, 0x00000000c4500000, 0x00000000c4500000|100%|HC|  |TAMS 0x00000000c4400000| PB 0x00000000c4400000| Complete |  0
|  11|0x00000000c4500000, 0x00000000c4600000, 0x00000000c4600000|100%|HC|  |TAMS 0x00000000c4500000| PB 0x00000000c4500000| Complete |  0
|  12|0x00000000c4600000, 0x00000000c4700000, 0x00000000c4700000|100%|HS|  |TAMS 0x00000000c4600000| PB 0x00000000c4600000| Complete |  0
|  13|0x00000000c4700000, 0x00000000c4800000, 0x00000000c4800000|100%|HC|  |TAMS 0x00000000c4700000| PB 0x00000000c4700000| Complete |  0
|  14|0x00000000c4800000, 0x00000000c4900000, 0x00000000c4900000|100%|HC|  |TAMS 0x00000000c4800000| PB 0x00000000c4800000| Complete |  0
|  15|0x00000000c4900000, 0x00000000c4a00000, 0x00000000c4a00000|100%|HC|  |TAMS 0x00000000c4900000| PB 0x00000000c4900000| Complete |  0
|  16|0x00000000c4a00000, 0x00000000c4b00000, 0x00000000c4b00000|100%|HC|  |TAMS 0x00000000c4a00000| PB 0x00000000c4a00000| Complete |  0
|  17|0x00000000c4b00000, 0x00000000c4c00000, 0x00000000c4c00000|100%|HS|  |TAMS 0x00000000c4b00000| PB 0x00000000c4b00000| Complete |  0
|  18|0x00000000c4c00000, 0x00000000c4d00000, 0x00000000c4d00000|100%|HC|  |TAMS 0x00000000c4c00000| PB 0x00000000c4c00000| Complete |  0
|  19|0x00000000c4d00000, 0x00000000c4e00000, 0x00000000c4e00000|100%|HC|  |TAMS 0x00000000c4d00000| PB 0x00000000c4d00000| Complete |  0
|  20|0x00000000c4e00000, 0x00000000c4f00000, 0x00000000c4f00000|100%|HC|  |TAMS 0x00000000c4e00000| PB 0x00000000c4e00000| Complete |  0
|  21|0x00000000c4f00000, 0x00000000c5000000, 0x00000000c5000000|100%|HC|  |TAMS 0x00000000c4f00000| PB 0x00000000c4f00000| Complete |  0
|  22|0x00000000c5000000, 0x00000000c5000000, 0x00000000c5100000|  0%| F|  |TAMS 0x00000000c5000000| PB 0x00000000c5000000| Untracked |  0
|  23|0x00000000c5100000, 0x00000000c5100000, 0x00000000c5200000|  0%| F|  |TAMS 0x00000000c5100000| PB 0x00000000c5100000| Untracked |  0
|  24|0x00000000c5200000, 0x00000000c5200000, 0x00000000c5300000|  0%| F|  |TAMS 0x00000000c5200000| PB 0x00000000c5200000| Untracked |  0
|  25|0x00000000c5300000, 0x00000000c5300000, 0x00000000c5400000|  0%| F|  |TAMS 0x00000000c5300000| PB 0x00000000c5300000| Untracked |  0
|  26|0x00000000c5400000, 0x00000000c5400000, 0x00000000c5500000|  0%| F|  |TAMS 0x00000000c5400000| PB 0x00000000c5400000| Untracked |  0
|  27|0x00000000c5500000, 0x00000000c5500000, 0x00000000c5600000|  0%| F|  |TAMS 0x00000000c5500000| PB 0x00000000c5500000| Untracked |  0
|  28|0x00000000c5600000, 0x00000000c5600000, 0x00000000c5700000|  0%| F|  |TAMS 0x00000000c5600000| PB 0x00000000c5600000| Untracked |  0
|  29|0x00000000c5700000, 0x00000000c5700000, 0x00000000c5800000|  0%| F|  |TAMS 0x00000000c5700000| PB 0x00000000c5700000| Untracked |  0
|  30|0x00000000c5800000, 0x00000000c5800000, 0x00000000c5900000|  0%| F|  |TAMS 0x00000000c5800000| PB 0x00000000c5800000| Untracked |  0
|  31|0x00000000c5900000, 0x00000000c5900000, 0x00000000c5a00000|  0%| F|  |TAMS 0x00000000c5900000| PB 0x00000000c5900000| Untracked |  0
|  32|0x00000000c5a00000, 0x00000000c5a00000, 0x00000000c5b00000|  0%| F|  |TAMS 0x00000000c5a00000| PB 0x00000000c5a00000| Untracked |  0
|  33|0x00000000c5b00000, 0x00000000c5b00000, 0x00000000c5c00000|  0%| F|  |TAMS 0x00000000c5b00000| PB 0x00000000c5b00000| Untracked |  0
|  34|0x00000000c5c00000, 0x00000000c5c864a8, 0x00000000c5d00000| 52%| E|  |TAMS 0x00000000c5c00000| PB 0x00000000c5c00000| Complete |  0
|  35|0x00000000c5d00000, 0x00000000c5e00000, 0x00000000c5e00000|100%| E|CS|TAMS 0x00000000c5d00000| PB 0x00000000c5d00000| Complete |  0
|  36|0x00000000c5e00000, 0x00000000c5f00000, 0x00000000c5f00000|100%| E|CS|TAMS 0x00000000c5e00000| PB 0x00000000c5e00000| Complete |  0
|  37|0x00000000c5f00000, 0x00000000c6000000, 0x00000000c6000000|100%| E|CS|TAMS 0x00000000c5f00000| PB 0x00000000c5f00000| Complete |  0
|  38|0x00000000c6000000, 0x00000000c6100000, 0x00000000c6100000|100%| E|CS|TAMS 0x00000000c6000000| PB 0x00000000c6000000| Complete |  0
|  39|0x00000000c6100000, 0x00000000c6200000, 0x00000000c6200000|100%| E|CS|TAMS 0x00000000c6100000| PB 0x00000000c6100000| Complete |  0
|  40|0x00000000c6200000, 0x00000000c6300000, 0x00000000c6300000|100%| E|CS|TAMS 0x00000000c6200000| PB 0x00000000c6200000| Complete |  0
|  41|0x00000000c6300000, 0x00000000c6400000, 0x00000000c6400000|100%| E|CS|TAMS 0x00000000c6300000| PB 0x00000000c6300000| Complete |  0
|  42|0x00000000c6400000, 0x00000000c6500000, 0x00000000c6500000|100%| E|CS|TAMS 0x00000000c6400000| PB 0x00000000c6400000| Complete |  0
|  43|0x00000000c6500000, 0x00000000c6600000, 0x00000000c6600000|100%| E|CS|TAMS 0x00000000c6500000| PB 0x00000000c6500000| Complete |  0
|  44|0x00000000c6600000, 0x00000000c6700000, 0x00000000c6700000|100%| E|CS|TAMS 0x00000000c6600000| PB 0x00000000c6600000| Complete |  0
|  45|0x00000000c6700000, 0x00000000c6800000, 0x00000000c6800000|100%| E|  |TAMS 0x00000000c6700000| PB 0x00000000c6700000| Complete |  0
|  46|0x00000000c6800000, 0x00000000c6900000, 0x00000000c6900000|100%| E|CS|TAMS 0x00000000c6800000| PB 0x00000000c6800000| Complete |  0
|  47|0x00000000c6900000, 0x00000000c6a00000, 0x00000000c6a00000|100%| E|CS|TAMS 0x00000000c6900000| PB 0x00000000c6900000| Complete |  0
|  48|0x00000000c6a00000, 0x00000000c6b00000, 0x00000000c6b00000|100%| E|CS|TAMS 0x00000000c6a00000| PB 0x00000000c6a00000| Complete |  0
|  49|0x00000000c6b00000, 0x00000000c6b9dd40, 0x00000000c6c00000| 61%| S|CS|TAMS 0x00000000c6b00000| PB 0x00000000c6b00000| Complete |  0
|  50|0x00000000c6c00000, 0x00000000c6d00000, 0x00000000c6d00000|100%| E|CS|TAMS 0x00000000c6c00000| PB 0x00000000c6c00000| Complete |  0
|  51|0x00000000c6d00000, 0x00000000c6e00000, 0x00000000c6e00000|100%| E|CS|TAMS 0x00000000c6d00000| PB 0x00000000c6d00000| Complete |  0
|  52|0x00000000c6e00000, 0x00000000c6f00000, 0x00000000c6f00000|100%| E|CS|TAMS 0x00000000c6e00000| PB 0x00000000c6e00000| Complete |  0
|  53|0x00000000c6f00000, 0x00000000c7000000, 0x00000000c7000000|100%| E|CS|TAMS 0x00000000c6f00000| PB 0x00000000c6f00000| Complete |  0
|  54|0x00000000c7000000, 0x00000000c7100000, 0x00000000c7100000|100%| E|CS|TAMS 0x00000000c7000000| PB 0x00000000c7000000| Complete |  0
|  55|0x00000000c7100000, 0x00000000c7200000, 0x00000000c7200000|100%| E|CS|TAMS 0x00000000c7100000| PB 0x00000000c7100000| Complete |  0
|  56|0x00000000c7200000, 0x00000000c7300000, 0x00000000c7300000|100%| E|CS|TAMS 0x00000000c7200000| PB 0x00000000c7200000| Complete |  0
|  57|0x00000000c7300000, 0x00000000c7400000, 0x00000000c7400000|100%| E|CS|TAMS 0x00000000c7300000| PB 0x00000000c7300000| Complete |  0
|  58|0x00000000c7400000, 0x00000000c7500000, 0x00000000c7500000|100%| E|CS|TAMS 0x00000000c7400000| PB 0x00000000c7400000| Complete |  0
|  59|0x00000000c7500000, 0x00000000c7600000, 0x00000000c7600000|100%| E|CS|TAMS 0x00000000c7500000| PB 0x00000000c7500000| Complete |  0
|  60|0x00000000c7600000, 0x00000000c7700000, 0x00000000c7700000|100%| E|CS|TAMS 0x00000000c7600000| PB 0x00000000c7600000| Complete |  0
|  61|0x00000000c7700000, 0x00000000c7800000, 0x00000000c7800000|100%| E|CS|TAMS 0x00000000c7700000| PB 0x00000000c7700000| Complete |  0

Card table byte_map: [0x00000204d58c0000,0x00000204d5ab0000] _byte_map_base: 0x00000204d52a3000

Marking Bits: (CMBitMap*) 0x00000204bdfd91a0
 Bits: [0x00000204d5ab0000, 0x00000204d69c8000)

Polling page: 0x00000204bbc60000

Metaspace:

Usage:
  Non-class:     15.84 MB used.
      Class:      1.96 MB used.
       Both:     17.80 MB used.

Virtual space:
  Non-class space:       64.00 MB reserved,      15.94 MB ( 25%) committed,  1 nodes.
      Class space:        1.00 GB reserved,       2.06 MB ( <1%) committed,  1 nodes.
             Both:        1.06 GB reserved,      18.00 MB (  2%) committed. 

Chunk freelists:
   Non-Class:  0 bytes
       Class:  13.95 MB
        Both:  13.95 MB

MaxMetaspaceSize: unlimited
CompressedClassSpaceSize: 1.00 GB
Initial GC threshold: 21.00 MB
Current GC threshold: 21.00 MB
CDS: on
 - commit_granule_bytes: 65536.
 - commit_granule_words: 8192.
 - virtual_space_node_default_size: 8388608.
 - enlarge_chunks_in_place: 1.
 - use_allocation_guard: 0.


Internal statistics:

num_allocs_failed_limit: 0.
num_arena_births: 188.
num_arena_deaths: 0.
num_vsnodes_births: 2.
num_vsnodes_deaths: 0.
num_space_committed: 288.
num_space_uncommitted: 0.
num_chunks_returned_to_freelist: 0.
num_chunks_taken_from_freelist: 403.
num_chunk_merges: 0.
num_chunk_splits: 230.
num_chunks_enlarged: 114.
num_inconsistent_stats: 0.

CodeHeap 'non-profiled nmethods': size=120064Kb used=961Kb max_used=961Kb free=119102Kb
 bounds [0x00000204ce190000, 0x00000204ce400000, 0x00000204d56d0000]
CodeHeap 'profiled nmethods': size=120000Kb used=4492Kb max_used=4492Kb free=115507Kb
 bounds [0x00000204c66d0000, 0x00000204c6b40000, 0x00000204cdc00000]
CodeHeap 'non-nmethods': size=5696Kb used=1871Kb max_used=1901Kb free=3824Kb
 bounds [0x00000204cdc00000, 0x00000204cde70000, 0x00000204ce190000]
CodeCache: size=245760Kb, used=7324Kb, max_used=7354Kb, free=238433Kb
 total_blobs=3781, nmethods=3030, adapters=655, full_count=0
Compilation: enabled, stopped_count=0, restarted_count=0

Compilation events (20 events):
Event: 1771.933 Thread 0x00000204d8e89020 nmethod 3023 0x00000204c6b2e788 code [0x00000204c6b2e8e0, 0x00000204c6b2ee18]
Event: 1771.934 Thread 0x00000204d8e89020 3025       3       java.util.WeakHashMap$HashIterator::nextEntry (81 bytes)
Event: 1771.938 Thread 0x00000204d8e89020 nmethod 3025 0x00000204c6b2ee88 code [0x00000204c6b2f000, 0x00000204c6b2f510]
Event: 1771.938 Thread 0x00000204d8e89020 3024       3       java.util.WeakHashMap$KeyIterator::next (8 bytes)
Event: 1771.940 Thread 0x00000204d8e89020 nmethod 3024 0x00000204c6b2f588 code [0x00000204c6b2f6c0, 0x00000204c6b2fa58]
Event: 1771.946 Thread 0x00000204d8e89020 3026       3       sun.awt.image.VolatileSurfaceManager::displayChanged (102 bytes)
Event: 1771.970 Thread 0x00000204d8e89020 nmethod 3026 0x00000204c6b2fb08 code [0x00000204c6b2fcc0, 0x00000204c6b30640]
Event: 1771.970 Thread 0x00000204d8e89020 3027       3       sun.awt.image.SunVolatileImage::updateGraphicsConfig (25 bytes)
Event: 1771.971 Thread 0x00000204d8e89020 nmethod 3027 0x00000204c6b30708 code [0x00000204c6b30820, 0x00000204c6b30ad8]
Event: 1772.120 Thread 0x00000204d8e89020 3028       3       java.beans.PropertyChangeSupport::firePropertyChange (81 bytes)
Event: 1772.136 Thread 0x00000204d8e89020 nmethod 3028 0x00000204c6b30b08 code [0x00000204c6b30ce0, 0x00000204c6b31a88]
Event: 1772.137 Thread 0x00000204d8e88740 3029       4       java.util.HashMap::put (13 bytes)
Event: 1772.139 Thread 0x00000204d8e89020 3030       3       java.awt.Component::updateGraphicsData (34 bytes)
Event: 1772.143 Thread 0x00000204d8e89020 nmethod 3030 0x00000204c6b31b08 code [0x00000204c6b31c60, 0x00000204c6b31f98]
Event: 1772.143 Thread 0x00000204d8e89020 3032       3       java.awt.Container::updateChildGraphicsData (55 bytes)
Event: 1772.153 Thread 0x00000204d8e89020 nmethod 3032 0x00000204c6b32008 code [0x00000204c6b321c0, 0x00000204c6b32938]
Event: 1772.153 Thread 0x00000204d8e89020 3031       3       java.awt.Component::updateSelfGraphicsData (38 bytes)
Event: 1772.158 Thread 0x00000204d8e89020 nmethod 3031 0x00000204c6b32988 code [0x00000204c6b32b00, 0x00000204c6b32ff8]
Event: 1772.158 Thread 0x00000204d8e89020 3033       1       sun.awt.NullComponentPeer::updateGraphicsData (2 bytes)
Event: 1772.158 Thread 0x00000204d8e89020 nmethod 3033 0x00000204ce280308 code [0x00000204ce280420, 0x00000204ce2804e8]

GC Heap History (4 events):
Event: 1.861 GC heap before
{Heap before GC invocations=0 (full 0):
 garbage-first heap   total reserved 989184K, committed 63488K, used 17408K [0x00000000c3a00000, 0x0000000100000000)
  region size 1024K, 14 young (14336K), 0 survivors (0K)
 Metaspace       used 8146K, committed 8384K, reserved 1114112K
  class space    used 913K, committed 1024K, reserved 1048576K
}
Event: 1.868 GC heap after
{Heap after GC invocations=1 (full 0):
 garbage-first heap   total reserved 989184K, committed 63488K, used 7720K [0x00000000c3a00000, 0x0000000100000000)
  region size 1024K, 2 young (2048K), 2 survivors (2048K)
 Metaspace       used 8146K, committed 8384K, reserved 1114112K
  class space    used 913K, committed 1024K, reserved 1048576K
}
Event: 4.929 GC heap before
{Heap before GC invocations=1 (full 0):
 garbage-first heap   total reserved 989184K, committed 63488K, used 20008K [0x00000000c3a00000, 0x0000000100000000)
  region size 1024K, 14 young (14336K), 2 survivors (2048K)
 Metaspace       used 9061K, committed 9344K, reserved 1114112K
  class space    used 1009K, committed 1152K, reserved 1048576K
}
Event: 4.933 GC heap after
{Heap after GC invocations=2 (full 0):
 garbage-first heap   total reserved 989184K, committed 63488K, used 7989K [0x00000000c3a00000, 0x0000000100000000)
  region size 1024K, 1 young (1024K), 1 survivors (1024K)
 Metaspace       used 9061K, committed 9344K, reserved 1114112K
  class space    used 1009K, committed 1152K, reserved 1048576K
}

Dll operation events (12 events):
Event: 0.020 Loaded shared library C:\Program Files\Java\jdk-23\bin\java.dll
Event: 0.056 Loaded shared library C:\Program Files\Java\jdk-23\bin\jsvml.dll
Event: 0.085 Loaded shared library C:\Program Files\Java\jdk-23\bin\net.dll
Event: 0.087 Loaded shared library C:\Program Files\Java\jdk-23\bin\nio.dll
Event: 0.120 Loaded shared library C:\Program Files\Java\jdk-23\bin\zip.dll
Event: 0.171 Loaded shared library C:\Program Files\Java\jdk-23\bin\jimage.dll
Event: 0.199 Loaded shared library C:\Program Files\Java\jdk-23\bin\awt.dll
Event: 0.564 Loaded shared library C:\Program Files\Java\jdk-23\bin\javajpeg.dll
Event: 0.723 Loaded shared library C:\Program Files\Java\jdk-23\bin\freetype.dll
Event: 0.726 Loaded shared library C:\Program Files\Java\jdk-23\bin\fontmanager.dll
Event: 7.270 Loaded shared library C:\Program Files\Java\jdk-23\bin\extnet.dll
Event: 7.597 Loaded shared library C:\Program Files\Java\jdk-23\bin\sunmscapi.dll

Deoptimization events (20 events):
Event: 10.095 Thread 0x000002051f0006e0 DEOPT PACKING pc=0x00000204ce1ded50 sp=0x000000984a8fd3d0
Event: 10.095 Thread 0x000002051f0006e0 DEOPT UNPACKING pc=0x00000204cdc57982 sp=0x000000984a8fd360 mode 2
Event: 10.095 Thread 0x000002051f0006e0 Uncommon trap: trap_request=0xffffff6e fr.pc=0x00000204ce2480f0 relative=0x0000000000000270
Event: 10.095 Thread 0x000002051f0006e0 Uncommon trap: reason=loop_limit_check action=maybe_recompile pc=0x00000204ce2480f0 method=java.math.BigInteger.implMulAdd([I[IIII)I @ 26 c2
Event: 10.095 Thread 0x000002051f0006e0 DEOPT PACKING pc=0x00000204ce2480f0 sp=0x000000984a8fccf0
Event: 10.095 Thread 0x000002051f0006e0 DEOPT UNPACKING pc=0x00000204cdc57982 sp=0x000000984a8fcc40 mode 2
Event: 10.099 Thread 0x000002051f0006e0 Uncommon trap: trap_request=0xffffffc6 fr.pc=0x00000204ce1fb730 relative=0x0000000000000810
Event: 10.099 Thread 0x000002051f0006e0 Uncommon trap: reason=bimorphic_or_optimized_type_check action=maybe_recompile pc=0x00000204ce1fb730 method=java.util.Collections$SynchronizedMap.get(Ljava/lang/Object;)Ljava/lang/Object; @ 12 c2
Event: 10.099 Thread 0x000002051f0006e0 DEOPT PACKING pc=0x00000204ce1fb730 sp=0x000000984a8fd170
Event: 10.099 Thread 0x000002051f0006e0 DEOPT UNPACKING pc=0x00000204cdc57982 sp=0x000000984a8fd128 mode 2
Event: 10.100 Thread 0x000002051f0006e0 Uncommon trap: trap_request=0xffffffc6 fr.pc=0x00000204ce1fb730 relative=0x0000000000000810
Event: 10.100 Thread 0x000002051f0006e0 Uncommon trap: reason=bimorphic_or_optimized_type_check action=maybe_recompile pc=0x00000204ce1fb730 method=java.util.Collections$SynchronizedMap.get(Ljava/lang/Object;)Ljava/lang/Object; @ 12 c2
Event: 10.100 Thread 0x000002051f0006e0 DEOPT PACKING pc=0x00000204ce1fb730 sp=0x000000984a8fd170
Event: 10.100 Thread 0x000002051f0006e0 DEOPT UNPACKING pc=0x00000204cdc57982 sp=0x000000984a8fd128 mode 2
Event: 10.109 Thread 0x000002051f0006e0 DEOPT PACKING pc=0x00000204c69e5113 sp=0x000000984a8fd0f0
Event: 10.109 Thread 0x000002051f0006e0 DEOPT UNPACKING pc=0x00000204cdc584c2 sp=0x000000984a8fc520 mode 0
Event: 10.114 Thread 0x000002051f0006e0 DEOPT PACKING pc=0x00000204c69e5113 sp=0x000000984a8fcf80
Event: 10.114 Thread 0x000002051f0006e0 DEOPT UNPACKING pc=0x00000204cdc584c2 sp=0x000000984a8fc3b0 mode 0
Event: 82.447 Thread 0x000002051f0006e0 DEOPT PACKING pc=0x00000204c6a3985b sp=0x000000984a8fd160
Event: 82.447 Thread 0x000002051f0006e0 DEOPT UNPACKING pc=0x00000204cdc584c2 sp=0x000000984a8fc638 mode 0

Classes loaded (20 events):
Event: 10.119 Loading class java/util/concurrent/atomic/AtomicReferenceFieldUpdater$AtomicReferenceFieldUpdaterImpl
Event: 10.119 Loading class java/util/concurrent/atomic/AtomicReferenceFieldUpdater$AtomicReferenceFieldUpdaterImpl done
Event: 10.119 Loading class java/util/concurrent/atomic/AtomicReferenceFieldUpdater$AtomicReferenceFieldUpdaterImpl$1
Event: 10.120 Loading class java/util/concurrent/atomic/AtomicReferenceFieldUpdater$AtomicReferenceFieldUpdaterImpl$1 done
Event: 10.149 Loading class java/lang/Throwable$WrappedPrintStream
Event: 10.149 Loading class java/lang/Throwable$PrintStreamOrWriter
Event: 10.149 Loading class java/lang/Throwable$PrintStreamOrWriter done
Event: 10.149 Loading class java/lang/Throwable$WrappedPrintStream done
Event: 10.150 Loading class java/lang/StackTraceElement$HashedModules
Event: 10.150 Loading class java/lang/StackTraceElement$HashedModules done
Event: 1337.209 Loading class java/awt/desktop/SystemSleepListener
Event: 1337.263 Loading class java/awt/desktop/SystemEventListener
Event: 1337.278 Loading class java/awt/desktop/SystemEventListener done
Event: 1337.282 Loading class java/awt/desktop/SystemSleepListener done
Event: 1512.792 Loading class java/util/WeakHashMap$KeyIterator
Event: 1513.188 Loading class java/util/WeakHashMap$HashIterator
Event: 1513.330 Loading class java/util/WeakHashMap$HashIterator done
Event: 1513.331 Loading class java/util/WeakHashMap$KeyIterator done
Event: 1514.211 Loading class javax/swing/RepaintManager$DisplayChangedRunnable
Event: 1514.242 Loading class javax/swing/RepaintManager$DisplayChangedRunnable done

Classes unloaded (0 events):
No events

Classes redefined (0 events):
No events

Internal exceptions (20 events):
Event: 0.180 Thread 0x00000204bdfa1610 Exception <a 'java/lang/ClassNotFoundException'{0x00000000c756e7b0}: sun/awt/resources/spi/awtProvider> (0x00000000c756e7b0) 
thrown [s\open\src\hotspot\share\classfile\systemDictionary.cpp, line 313]
Event: 0.212 Thread 0x00000204bdfa1610 Exception <a 'java/io/FileNotFoundException'{0x00000000c75c2560}> (0x00000000c75c2560) 
thrown [s\open\src\hotspot\share\prims\jni.cpp, line 520]
Event: 0.221 Thread 0x00000204bdfa1610 Exception <a 'java/io/FileNotFoundException'{0x00000000c75f0ef8}> (0x00000000c75f0ef8) 
thrown [s\open\src\hotspot\share\prims\jni.cpp, line 520]
Event: 0.376 Thread 0x00000204bdfa1610 Exception <a 'java/lang/NoSuchMethodError'{0x00000000c748b1e0}: 'void java.lang.invoke.DirectMethodHandle$Holder.invokeSpecial(java.lang.Object, java.lang.Object, java.lang.Object)'> (0x00000000c748b1e0) 
thrown [s\open\src\hotspot\share\interpreter\linkResolver.cpp, line 796]
Event: 0.405 Thread 0x00000204bdfa1610 Exception <a 'java/lang/NoSuchMethodError'{0x00000000c734ba28}: 'java.lang.Object java.lang.invoke.DirectMethodHandle$Holder.invokeStatic(java.lang.Object, int, java.lang.Object)'> (0x00000000c734ba28) 
thrown [s\open\src\hotspot\share\interpreter\linkResolver.cpp, line 796]
Event: 0.439 Thread 0x00000204bdfa1610 Exception <a 'java/lang/ClassNotFoundException'{0x00000000c73f2d78}: com/sun/swing/internal/plaf/metal/resources/spi/metalProvider> (0x00000000c73f2d78) 
thrown [s\open\src\hotspot\share\classfile\systemDictionary.cpp, line 313]
Event: 0.441 Thread 0x00000204bdfa1610 Exception <a 'java/lang/ClassNotFoundException'{0x00000000c73f6d38}: com/sun/swing/internal/plaf/basic/resources/spi/basicProvider> (0x00000000c73f6d38) 
thrown [s\open\src\hotspot\share\classfile\systemDictionary.cpp, line 313]
Event: 0.457 Thread 0x00000204bdfa1610 Exception <a 'java/lang/NoSuchMethodError'{0x00000000c72168e0}: 'int java.lang.invoke.Invokers$Holder.invokeExact_MT(java.lang.Object, java.lang.Object)'> (0x00000000c72168e0) 
thrown [s\open\src\hotspot\share\interpreter\linkResolver.cpp, line 796]
Event: 0.568 Thread 0x000002051e339560 Exception <a 'java/lang/NoSuchMethodError'{0x00000000c71eed98}: 'java.lang.Object java.lang.invoke.DirectMethodHandle$Holder.newInvokeSpecial(java.lang.Object, java.lang.Object, java.lang.Object, int, int, int, int, int)'> (0x00000000c71eed98) 
thrown [s\open\src\hotspot\share\interpreter\linkResolver.cpp, line 796]
Event: 0.682 Thread 0x000002051e2d4150 Exception <a 'java/lang/NoSuchMethodError'{0x00000000c74e6090}: 'void java.lang.invoke.DirectMethodHandle$Holder.invokeVirtual(java.lang.Object, java.lang.Object)'> (0x00000000c74e6090) 
thrown [s\open\src\hotspot\share\interpreter\linkResolver.cpp, line 796]
Event: 0.715 Thread 0x00000204bdfa1610 Exception <a 'java/lang/NoSuchMethodError'{0x00000000c6f6d918}: 'void java.lang.invoke.DirectMethodHandle$Holder.invokeStaticInit(java.lang.Object)'> (0x00000000c6f6d918) 
thrown [s\open\src\hotspot\share\interpreter\linkResolver.cpp, line 796]
Event: 3.181 Thread 0x000002051f0006e0 Exception <a 'java/lang/NoSuchMethodError'{0x00000000c6ca8ab8}: 'void java.lang.invoke.DirectMethodHandle$Holder.invokeSpecial(java.lang.Object, java.lang.Object, java.lang.Object, java.lang.Object, java.lang.Object)'> (0x00000000c6ca8ab8) 
thrown [s\open\src\hotspot\share\interpreter\linkResolver.cpp, line 796]
Event: 7.097 Thread 0x000002051f0006e0 Implicit null exception at 0x00000204ce1e17ee to 0x00000204ce1e1878
Event: 7.111 Thread 0x000002051f0006e0 Exception <a 'java/lang/NoSuchMethodError'{0x00000000c77a2a68}: 'void java.lang.invoke.DirectMethodHandle$Holder.invokeStatic(java.lang.Object, java.lang.Object)'> (0x00000000c77a2a68) 
thrown [s\open\src\hotspot\share\interpreter\linkResolver.cpp, line 796]
Event: 7.141 Thread 0x000002051f0006e0 Exception <a 'java/lang/NoSuchMethodError'{0x00000000c764a488}: 'java.lang.Object java.lang.invoke.DirectMethodHandle$Holder.invokeInterface(java.lang.Object, java.lang.Object)'> (0x00000000c764a488) 
thrown [s\open\src\hotspot\share\interpreter\linkResolver.cpp, line 796]
Event: 7.168 Thread 0x000002051f0006e0 Exception <a 'java/lang/NoSuchMethodError'{0x00000000c76c7648}: 'java.lang.Object java.lang.invoke.DirectMethodHandle$Holder.invokeVirtual(java.lang.Object, java.lang.Object, java.lang.Object)'> (0x00000000c76c7648) 
thrown [s\open\src\hotspot\share\interpreter\linkResolver.cpp, line 796]
Event: 7.350 Thread 0x000002051f0006e0 Exception <a 'java/lang/NoSuchMethodError'{0x00000000c717da80}: 'void java.lang.invoke.DirectMethodHandle$Holder.invokeStaticInit(java.lang.Object, java.lang.Object)'> (0x00000000c717da80) 
thrown [s\open\src\hotspot\share\interpreter\linkResolver.cpp, line 796]
Event: 7.427 Thread 0x000002051f0006e0 Exception <a 'sun/nio/fs/WindowsException'{0x00000000c70a9420}> (0x00000000c70a9420) 
thrown [s\open\src\hotspot\share\prims\jni.cpp, line 520]
Event: 7.479 Thread 0x000002051f0006e0 Exception <a 'java/lang/NoSuchMethodError'{0x00000000c6f500f0}: 'java.lang.Object java.lang.invoke.DirectMethodHandle$Holder.invokeStaticInit(java.lang.Object, int, int, int, int)'> (0x00000000c6f500f0) 
thrown [s\open\src\hotspot\share\interpreter\linkResolver.cpp, line 796]
Event: 7.561 Thread 0x000002051f0006e0 Exception <a 'java/lang/NoSuchMethodError'{0x00000000c6e0de40}: 'java.lang.Object java.lang.invoke.DirectMethodHandle$Holder.invokeStaticInit(java.lang.Object, java.lang.Object, int, int, int, int)'> (0x00000000c6e0de40) 
thrown [s\open\src\hotspot\share\interpreter\linkResolver.cpp, line 796]

VM Operations (20 events):
Event: 7.315 Executing VM operation: HandshakeAllThreads (Deoptimize)
Event: 7.315 Executing VM operation: HandshakeAllThreads (Deoptimize) done
Event: 7.359 Executing VM operation: HandshakeAllThreads (Deoptimize)
Event: 7.359 Executing VM operation: HandshakeAllThreads (Deoptimize) done
Event: 7.402 Executing VM operation: HandshakeAllThreads (Deoptimize)
Event: 7.402 Executing VM operation: HandshakeAllThreads (Deoptimize) done
Event: 7.433 Executing VM operation: HandshakeAllThreads (Deoptimize)
Event: 7.433 Executing VM operation: HandshakeAllThreads (Deoptimize) done
Event: 60.154 Executing VM operation: HandshakeAllThreads (HandshakeForDeflation)
Event: 60.155 Executing VM operation: HandshakeAllThreads (HandshakeForDeflation) done
Event: 60.155 Executing VM operation: RendezvousGCThreads
Event: 60.155 Executing VM operation: RendezvousGCThreads done
Event: 120.217 Executing VM operation: HandshakeAllThreads (HandshakeForDeflation)
Event: 120.217 Executing VM operation: HandshakeAllThreads (HandshakeForDeflation) done
Event: 120.217 Executing VM operation: RendezvousGCThreads
Event: 120.217 Executing VM operation: RendezvousGCThreads done
Event: 1560.325 Executing VM operation: HandshakeAllThreads (HandshakeForDeflation)
Event: 1560.329 Executing VM operation: HandshakeAllThreads (HandshakeForDeflation) done
Event: 1560.329 Executing VM operation: RendezvousGCThreads
Event: 1560.329 Executing VM operation: RendezvousGCThreads done

Memory protections (0 events):
No events

Nmethod flushes (0 events):
No events

Events (20 events):
Event: 0.075 Thread 0x00000204bdfa1610 Thread added: 0x000002051e07c310
Event: 0.106 Thread 0x00000204bdfa1610 Thread added: 0x000002051e2324a0
Event: 0.312 Thread 0x00000204bdfa1610 Thread added: 0x000002051e2ca7d0
Event: 0.315 Thread 0x00000204bdfa1610 Thread added: 0x000002051e2d02f0
Event: 0.316 Thread 0x00000204bdfa1610 Thread added: 0x000002051e2d4150
Event: 0.468 Thread 0x00000204bdfa1610 Thread added: 0x000002051e339560
Event: 0.681 Thread 0x000002051e2d4150 Thread added: 0x000002051f0006e0
Event: 0.884 Thread 0x00000204bdfa1610 Thread exited: 0x00000204bdfa1610
Event: 0.884 Thread 0x00000204bdfa1610 Thread added: 0x00000204bdfa1610
Event: 1.967 Thread 0x000002051f0006e0 Thread added: 0x000002051fcd0890
Event: 3.098 Thread 0x00000204d8e89020 Thread added: 0x000002051f6718e0
Event: 3.587 Thread 0x000002051f6718e0 Thread exited: 0x000002051f6718e0
Event: 5.600 Thread 0x000002051e339560 Thread exited: 0x000002051e339560
Event: 7.112 Thread 0x000002051f0006e0 Thread added: 0x000002051e0e28b0
Event: 7.174 Thread 0x00000204d8e89020 Thread added: 0x000002051fd026f0
Event: 7.928 Thread 0x000002051f0006e0 Thread added: 0x000002051efe9090
Event: 7.968 Thread 0x000002051f0006e0 Thread added: 0x000002051efe9720
Event: 8.717 Thread 0x000002051fd026f0 Thread exited: 0x000002051fd026f0
Event: 12.968 Thread 0x000002051efe9720 Thread exited: 0x000002051efe9720
Event: 13.000 Thread 0x000002051efe9090 Thread exited: 0x000002051efe9090


Dynamic libraries:
0x00007ff606fd0000 - 0x00007ff606fe0000 	C:\Program Files\Java\jdk-23\bin\java.exe
0x00007ffdaf0e0000 - 0x00007ffdaf345000 	C:\WINDOWS\SYSTEM32\ntdll.dll
0x00007ffdad560000 - 0x00007ffdad629000 	C:\WINDOWS\System32\KERNEL32.DLL
0x00007ffdac230000 - 0x00007ffdac618000 	C:\WINDOWS\System32\KERNELBASE.dll
0x00007ffda8e10000 - 0x00007ffda8eae000 	C:\WINDOWS\SYSTEM32\apphelp.dll
0x00007ffdac860000 - 0x00007ffdac9ab000 	C:\WINDOWS\System32\ucrtbase.dll
0x00007ffd978f0000 - 0x00007ffd9790b000 	C:\Program Files\Java\jdk-23\bin\VCRUNTIME140.dll
0x00007ffd97640000 - 0x00007ffd97657000 	C:\Program Files\Java\jdk-23\bin\jli.dll
0x00007ffdae550000 - 0x00007ffdae71a000 	C:\WINDOWS\System32\USER32.dll
0x00007ffdac830000 - 0x00007ffdac857000 	C:\WINDOWS\System32\win32u.dll
0x00007ffd944e0000 - 0x00007ffd9477a000 	C:\WINDOWS\WinSxS\amd64_microsoft.windows.common-controls_6595b64144ccf1df_6.0.26100.4202_none_3e0698d4e335f517\COMCTL32.dll
0x00007ffdaefe0000 - 0x00007ffdaf00b000 	C:\WINDOWS\System32\GDI32.dll
0x00007ffdadeb0000 - 0x00007ffdadf59000 	C:\WINDOWS\System32\msvcrt.dll
0x00007ffdaca60000 - 0x00007ffdacb97000 	C:\WINDOWS\System32\gdi32full.dll
0x00007ffdac9b0000 - 0x00007ffdaca53000 	C:\WINDOWS\System32\msvcp_win.dll
0x00007ffdae430000 - 0x00007ffdae460000 	C:\WINDOWS\System32\IMM32.DLL
0x00007ffda4290000 - 0x00007ffda429c000 	C:\Program Files\Java\jdk-23\bin\vcruntime140_1.dll
0x00007ffd85c90000 - 0x00007ffd85d1e000 	C:\Program Files\Java\jdk-23\bin\msvcp140.dll
0x00007ffd13570000 - 0x00007ffd142c0000 	C:\Program Files\Java\jdk-23\bin\server\jvm.dll
0x00007ffdadd70000 - 0x00007ffdade23000 	C:\WINDOWS\System32\ADVAPI32.dll
0x00007ffdae060000 - 0x00007ffdae106000 	C:\WINDOWS\System32\sechost.dll
0x00007ffdad290000 - 0x00007ffdad3a5000 	C:\WINDOWS\System32\RPCRT4.dll
0x00007ffdace80000 - 0x00007ffdacef4000 	C:\WINDOWS\System32\WS2_32.dll
0x00007ffd94eb0000 - 0x00007ffd94ee5000 	C:\WINDOWS\SYSTEM32\WINMM.dll
0x00007ffda4630000 - 0x00007ffda463b000 	C:\WINDOWS\SYSTEM32\VERSION.dll
0x00007ffdac0a0000 - 0x00007ffdac0fe000 	C:\WINDOWS\SYSTEM32\POWRPROF.dll
0x00007ffdac080000 - 0x00007ffdac094000 	C:\WINDOWS\SYSTEM32\UMPDC.dll
0x00007ffdaaff0000 - 0x00007ffdab00b000 	C:\WINDOWS\SYSTEM32\kernel.appcore.dll
0x00007ffd9ae60000 - 0x00007ffd9ae6a000 	C:\Program Files\Java\jdk-23\bin\jimage.dll
0x00007ffda9af0000 - 0x00007ffda9d31000 	C:\WINDOWS\SYSTEM32\DBGHELP.DLL
0x00007ffdacf00000 - 0x00007ffdad285000 	C:\WINDOWS\System32\combase.dll
0x00007ffdae730000 - 0x00007ffdae811000 	C:\WINDOWS\System32\OLEAUT32.dll
0x00007ffd90bc0000 - 0x00007ffd90bf9000 	C:\WINDOWS\SYSTEM32\dbgcore.DLL
0x00007ffdacc60000 - 0x00007ffdaccf9000 	C:\WINDOWS\System32\bcryptPrimitives.dll
0x00007ffd978d0000 - 0x00007ffd978ee000 	C:\Program Files\Java\jdk-23\bin\java.dll
0x00007ffdae110000 - 0x00007ffdae2ae000 	C:\WINDOWS\System32\ole32.dll
0x00007ffdae890000 - 0x00007ffdaefd2000 	C:\WINDOWS\System32\SHELL32.dll
0x00007ffdacd00000 - 0x00007ffdace74000 	C:\WINDOWS\System32\wintypes.dll
0x00007ffda9ed0000 - 0x00007ffdaa728000 	C:\WINDOWS\SYSTEM32\windows.storage.dll
0x00007ffdadf60000 - 0x00007ffdae051000 	C:\WINDOWS\System32\SHCORE.dll
0x00007ffdad3b0000 - 0x00007ffdad41a000 	C:\WINDOWS\System32\shlwapi.dll
0x00007ffdac140000 - 0x00007ffdac16f000 	C:\WINDOWS\SYSTEM32\profapi.dll
0x00007ffd88100000 - 0x00007ffd881d7000 	C:\Program Files\Java\jdk-23\bin\jsvml.dll
0x00007ffd9a1e0000 - 0x00007ffd9a1f0000 	C:\Program Files\Java\jdk-23\bin\net.dll
0x00007ffdab560000 - 0x00007ffdab5ca000 	C:\WINDOWS\system32\mswsock.dll
0x00007ffd97560000 - 0x00007ffd97576000 	C:\Program Files\Java\jdk-23\bin\nio.dll
0x00007ffd97290000 - 0x00007ffd972a7000 	C:\Program Files\Java\jdk-23\bin\zip.dll
0x00007ffd852c0000 - 0x00007ffd8544e000 	C:\Program Files\Java\jdk-23\bin\awt.dll
0x00007ffda9470000 - 0x00007ffda94a6000 	C:\WINDOWS\system32\DWMAPI.DLL
0x00007ffda8ff0000 - 0x00007ffda909f000 	C:\WINDOWS\system32\uxtheme.dll
0x00007ffd83fe0000 - 0x00007ffd840f4000 	C:\WINDOWS\system32\opengl32.dll
0x00007ffd99d40000 - 0x00007ffd99d6d000 	C:\WINDOWS\SYSTEM32\GLU32.dll
0x00007ffda9150000 - 0x00007ffda919d000 	C:\WINDOWS\SYSTEM32\dxcore.dll
0x00007ffdae2c0000 - 0x00007ffdae420000 	C:\WINDOWS\System32\MSCTF.dll
0x00007ffd975e0000 - 0x00007ffd9760e000 	C:\Program Files\Java\jdk-23\bin\javajpeg.dll
0x00007ffd85c00000 - 0x00007ffd85c87000 	C:\Program Files\Java\jdk-23\bin\freetype.dll
0x00007ffd80ac0000 - 0x00007ffd80b97000 	C:\Program Files\Java\jdk-23\bin\fontmanager.dll
0x00007ffdad830000 - 0x00007ffdad8d8000 	C:\WINDOWS\System32\clbcatq.dll
0x00007ffda7720000 - 0x00007ffda7959000 	C:\WINDOWS\SYSTEM32\WindowsCodecs.dll
0x00007ffd7be80000 - 0x00007ffd7beda000 	C:\WINDOWS\system32\dataexchange.dll
0x00007ffd96440000 - 0x00007ffd9667a000 	C:\WINDOWS\system32\twinapi.appcore.dll
0x00007ffd9cb00000 - 0x00007ffd9cc50000 	C:\WINDOWS\SYSTEM32\textinputframework.dll
0x00007ffda8b40000 - 0x00007ffda8c65000 	C:\WINDOWS\SYSTEM32\CoreMessaging.dll
0x00007ffda34a0000 - 0x00007ffda3783000 	C:\WINDOWS\SYSTEM32\CoreUIComponents.dll
0x00007ffdab830000 - 0x00007ffdab83c000 	C:\WINDOWS\SYSTEM32\CRYPTBASE.DLL
0x00007ffd80a10000 - 0x00007ffd80a21000 	C:\WINDOWS\SYSTEM32\wtdccm.dll
0x00007ffdaaab0000 - 0x00007ffdaabd7000 	C:\WINDOWS\SYSTEM32\DNSAPI.dll
0x00007ffdaaa20000 - 0x00007ffdaaa53000 	C:\WINDOWS\SYSTEM32\IPHLPAPI.DLL
0x00007ffdad420000 - 0x00007ffdad42a000 	C:\WINDOWS\System32\NSI.dll
0x00007ffda2050000 - 0x00007ffda205b000 	C:\Windows\System32\rasadhlp.dll
0x00007ffda2150000 - 0x00007ffda21d6000 	C:\WINDOWS\System32\fwpuclnt.dll
0x00007ffd978c0000 - 0x00007ffd978c9000 	C:\Program Files\Java\jdk-23\bin\extnet.dll
0x00007ffdab810000 - 0x00007ffdab82b000 	C:\WINDOWS\SYSTEM32\CRYPTSP.dll
0x00007ffdaaf50000 - 0x00007ffdaaf8a000 	C:\WINDOWS\system32\rsaenh.dll
0x00007ffdab600000 - 0x00007ffdab62b000 	C:\WINDOWS\SYSTEM32\USERENV.dll
0x00007ffdac110000 - 0x00007ffdac136000 	C:\WINDOWS\SYSTEM32\bcrypt.dll
0x00007ffd92890000 - 0x00007ffd9289e000 	C:\Program Files\Java\jdk-23\bin\sunmscapi.dll
0x00007ffdac620000 - 0x00007ffdac797000 	C:\WINDOWS\System32\CRYPT32.dll
0x00007ffdaba30000 - 0x00007ffdaba60000 	C:\WINDOWS\SYSTEM32\ncrypt.dll
0x00007ffdab9e0000 - 0x00007ffdaba1f000 	C:\WINDOWS\SYSTEM32\NTASN1.dll

dbghelp: loaded successfully - version: 4.0.5 - missing functions: none
symbol engine: initialized successfully - sym options: 0x614 - pdb path: .;C:\Program Files\Java\jdk-23\bin;C:\WINDOWS\SYSTEM32;C:\WINDOWS\WinSxS\amd64_microsoft.windows.common-controls_6595b64144ccf1df_6.0.26100.4202_none_3e0698d4e335f517;C:\Program Files\Java\jdk-23\bin\server

VM Arguments:
jvm_args: -Dfile.encoding=UTF-8 --module-path=C:\Users\MY PC\Documents\NetBeansProjects\Bank Management System\build\classes 
java_command: bank.management.system.Login
java_class_path (initial): C:\Users\MY PC\Downloads\jcalendar-tz-1.3.3-4.jar;C:\Users\MY PC\Downloads\mysql-connector-java-8.0.28.jar;C:\Users\MY PC\Documents\NetBeansProjects\Bank Management System\build\classes
Launcher Type: SUN_STANDARD

[Global flags]
     intx CICompilerCount                          = 3                                         {product} {ergonomic}
     uint ConcGCThreads                            = 1                                         {product} {ergonomic}
     uint G1ConcRefinementThreads                  = 4                                         {product} {ergonomic}
   size_t G1HeapRegionSize                         = 1048576                                   {product} {ergonomic}
   size_t InitialHeapSize                          = 65011712                                  {product} {ergonomic}
   size_t MarkStackSize                            = 4194304                                   {product} {ergonomic}
   size_t MarkStackSizeMax                         = 536870912                                 {product} {ergonomic}
   size_t MaxHeapSize                              = 1012924416                                {product} {ergonomic}
   size_t MaxNewSize                               = 607125504                                 {product} {ergonomic}
   size_t MinHeapDeltaBytes                        = 1048576                                   {product} {ergonomic}
   size_t MinHeapSize                              = 8388608                                   {product} {ergonomic}
    uintx NonNMethodCodeHeapSize                   = 5832704                                {pd product} {ergonomic}
    uintx NonProfiledCodeHeapSize                  = 122945536                              {pd product} {ergonomic}
    uintx ProfiledCodeHeapSize                     = 122880000                              {pd product} {ergonomic}
    uintx ReservedCodeCacheSize                    = 251658240                              {pd product} {ergonomic}
     bool SegmentedCodeCache                       = true                                      {product} {ergonomic}
   size_t SoftMaxHeapSize                          = 1012924416                             {manageable} {ergonomic}
     bool UseCompressedOops                        = true                           {product lp64_product} {ergonomic}
     bool UseG1GC                                  = true                                      {product} {ergonomic}
     bool UseLargePagesIndividualAllocation        = false                                  {pd product} {ergonomic}

Logging:
Log output configuration:
 #0: stdout all=warning uptime,level,tags foldmultilines=false
 #1: stderr all=off uptime,level,tags foldmultilines=false

Environment Variables:
PATH=C:\Program Files\Common Files\Oracle\Java\javapath;C:\WINDOWS\system32;C:\WINDOWS;C:\WINDOWS\System32\Wbem;C:\WINDOWS\System32\WindowsPowerShell\v1.0\;C:\WINDOWS\System32\OpenSSH\;C:\Program Files\Java\jdk-23\bin;C:\Program Files\nodejs\;C:\Program Files\Git\cmd;C:\Program Files\MySQL\MySQL Shell 8.0\bin\;C:\Users\MY PC\AppData\Local\Programs\Python\Python313\Scripts\;C:\Users\MY PC\AppData\Local\Programs\Python\Python313\;C:\Users\MY PC\AppData\Local\Microsoft\WindowsApps;C:\Users\MY PC\AppData\Local\Programs\Microsoft VS Code\bin;C:\Users\MY PC\AppData\Roaming\npm;C:\Program Files\JetBrains\IntelliJ IDEA Community Edition 2024.3.4.1\bin;;C:\Users\MY PC\AppData\Local\GitHubDesktop\bin;C:\Users\MY PC\Downloads\jdk-23_windows-x64_bin.exe;C:\Users\MY PC\Desktop\Flutter-Food-Delivery-App\android\flutter\bin;C:\flutter\src\flutter\bin;
USERNAME=MY PC
OS=Windows_NT
PROCESSOR_IDENTIFIER=Intel64 Family 6 Model 126 Stepping 5, GenuineIntel
TMP=C:\Users\MYPC~1\AppData\Local\Temp
TEMP=C:\Users\MYPC~1\AppData\Local\Temp




Periodic native trim disabled

---------------  S Y S T E M  ---------------

OS:
 Windows 11 , 64 bit Build 26100 (10.0.26100.4202)
OS uptime: 0 days 9:04 hours

CPU: total 4 (initial active 4) (2 cores per cpu, 2 threads per core) family 6 model 126 stepping 5 microcode 0xc2, cx8, cmov, fxsr, ht, mmx, 3dnowpref, sse, sse2, sse3, ssse3, sse4.1, sse4.2, popcnt, lzcnt, tsc, tscinvbit, avx, avx2, aes, erms, clmul, bmi1, bmi2, adx, avx512f, avx512dq, avx512cd, avx512bw, avx512vl, sha, fma, vzeroupper, avx512_vpopcntdq, avx512_vpclmulqdq, avx512_vaes, avx512_vnni, clflush, clflushopt, avx512_vbmi2, avx512_vbmi, rdtscp, rdpid, fsrm, gfni, avx512_bitalg, f16c, pku, avx512_ifma
Processor Information for processor 0
  Max Mhz: 1190, Current Mhz: 1190, Mhz Limit: 1190
Processor Information for processor 1
  Max Mhz: 1190, Current Mhz: 991, Mhz Limit: 1190
Processor Information for processor 2
  Max Mhz: 1190, Current Mhz: 1190, Mhz Limit: 1190
Processor Information for processor 3
  Max Mhz: 1190, Current Mhz: 1190, Mhz Limit: 1190

Memory: 4k page, system-wide physical 3863M (77M free)
TotalPageFile size 15639M (AvailPageFile size 0M)
current process WorkingSet (physical memory assigned to process): 19M, peak: 151M
current process commit charge ("private bytes"): 178M, peak: 187M

vm_info: Java HotSpot(TM) 64-Bit Server VM (23.0.2+7-58) for windows-amd64 JRE (23.0.2+7-58), built on 2024-11-29T09:34:55Z with MS VC++ 17.6 (VS2022)

END.
